BLOCK00/SES002/SA002S12	SES002	0.171012	4.37525	4.20424
BLOCK00/SES002/SA002S13	SES002	1.42316	5.16571	3.74255
BLOCK00/SES002/SA002S23	SES002	-0.0114045	3.85807	3.86947
BLOCK00/SES002/SA002S26	SES002	0.708306	4.928	4.2197
BLOCK00/SES002/SA002S28	SES002	0.275534	3.96185	3.68632
BLOCK00/SES007/SA007S14	SES007	1.63638	7.03927	5.4029
BLOCK00/SES007/SA007S15	SES007	0.598141	5.35357	4.75543
BLOCK00/SES007/SA007S24	SES007	0.584455	5.16348	4.57903
BLOCK00/SES007/SA007S27	SES007	0.642957	4.58984	3.94688
BLOCK00/SES007/SA007S29	SES007	0.360878	5.38909	5.02822
BLOCK00/SES008/SA008S11	SES008	0.903924	5.64233	4.7384
BLOCK00/SES008/SA008S12	SES008	0.254647	4.80621	4.55157
BLOCK00/SES008/SA008S19	SES008	1.47581	6.54374	5.06793
BLOCK00/SES008/SA008S22	SES008	0.643534	4.55207	3.90853
BLOCK00/SES008/SA008S29	SES008	1.43056	6.53985	5.10929
BLOCK01/SES014/SA014S10	SES014	1.45995	6.04585	4.58589
BLOCK01/SES014/SA014S12	SES014	2.1912	7.737	5.5458
BLOCK01/SES014/SA014S24	SES014	0.271943	4.7622	4.49026
BLOCK01/SES014/SA014S26	SES014	1.69129	7.64161	5.95032
BLOCK01/SES014/SA014S28	SES014	2.53469	8.16852	5.63384
BLOCK01/SES016/SA016S12	SES016	0.528044	4.08517	3.55713
BLOCK01/SES016/SA016S13	SES016	1.56694	6.2537	4.68676
BLOCK01/SES016/SA016S22	SES016	1.28175	5.82287	4.54112
BLOCK01/SES016/SA016S25	SES016	1.77233	7.61949	5.84716
BLOCK01/SES016/SA016S27	SES016	1.64056	7.22283	5.58227
BLOCK01/SES019/SA019S13	SES019	2.82729	5.07124	2.24395
BLOCK01/SES019/SA019S14	SES019	2.15534	4.9046	2.74926
BLOCK01/SES019/SA019S22	SES019	2.21738	4.94001	2.72264
BLOCK01/SES019/SA019S25	SES019	2.67673	5.53819	2.86146
BLOCK01/SES019/SA019S29	SES019	3.15621	5.02163	1.86542
BLOCK02/SES029/SA029S11	SES029	1.72325	7.14901	5.42576
BLOCK02/SES029/SA029S12	SES029	-0.0785408	5.72414	5.80268
BLOCK02/SES029/SA029S20	SES029	0.908351	6.24578	5.33743
BLOCK02/SES029/SA029S25	SES029	0.513352	6.30574	5.79239
BLOCK02/SES029/SA029S28	SES029	-0.0731144	5.61179	5.68491
BLOCK04/SES042/SA042S12	SES042	1.5943	6.38876	4.79446
BLOCK04/SES042/SA042S15	SES042	2.02833	6.94856	4.92023
BLOCK04/SES042/SA042S22	SES042	2.4814	7.65219	5.17079
BLOCK04/SES042/SA042S25	SES042	0.966645	4.65568	3.68904
BLOCK04/SES042/SA042S27	SES042	1.72657	6.70488	4.97831
BLOCK04/SES048/SA048S11	SES048	1.07183	6.29785	5.22602
BLOCK04/SES048/SA048S12	SES048	0.0191188	5.22255	5.20343
BLOCK04/SES048/SA048S20	SES048	0.0480423	5.76046	5.71242
BLOCK04/SES048/SA048S23	SES048	1.07964	5.63834	4.5587
BLOCK04/SES048/SA048S27	SES048	0.293171	6.26502	5.97185
BLOCK06/SES060/SA060S11	SES060	1.99876	7.70224	5.70348
BLOCK06/SES060/SA060S12	SES060	0.246811	5.91454	5.66773
BLOCK06/SES060/SA060S22	SES060	-0.736737	3.8902	4.62693
BLOCK06/SES060/SA060S24	SES060	1.01271	6.827	5.8143
BLOCK06/SES060/SA060S28	SES060	1.41576	8.33501	6.91924
BLOCK06/SES062/SA062S10	SES062	-0.0330672	5.34621	5.37928
BLOCK06/SES062/SA062S11	SES062	0.849121	5.60585	4.75673
BLOCK06/SES062/SA062S21	SES062	1.08322	7.75392	6.6707
BLOCK06/SES062/SA062S26	SES062	0.789816	6.94663	6.15682
BLOCK06/SES062/SA062S29	SES062	1.61966	8.04447	6.42481
BLOCK06/SES068/SA068S14	SES068	0.30595	5.78733	5.48138
BLOCK06/SES068/SA068S15	SES068	1.00212	6.58173	5.57961
BLOCK06/SES068/SA068S23	SES068	0.461212	5.32727	4.86606
BLOCK06/SES068/SA068S27	SES068	2.19885	7.85782	5.65898
BLOCK06/SES068/SA068S29	SES068	0.369779	5.73591	5.36613
BLOCK08/SES082/SA082S12	SES082	-0.303642	3.3239	3.62755
BLOCK08/SES082/SA082S14	SES082	-0.692455	2.8849	3.57736
BLOCK08/SES082/SA082S21	SES082	0.141493	4.13318	3.99168
BLOCK08/SES082/SA082S24	SES082	0.388231	4.64293	4.2547
BLOCK08/SES082/SA082S28	SES082	0.538176	4.4875	3.94932
BLOCK08/SES083/SA083S14	SES083	-0.363724	5.26875	5.63247
BLOCK08/SES083/SA083S15	SES083	0.713283	6.17079	5.45751
BLOCK08/SES083/SA083S24	SES083	0.612961	5.74104	5.12808
BLOCK08/SES083/SA083S26	SES083	0.57163	5.22053	4.64889
BLOCK08/SES083/SA083S29	SES083	-0.114672	5.56431	5.67898
BLOCK08/SES085/SA085S10	SES085	0.48632	6.30289	5.81656
BLOCK08/SES085/SA085S13	SES085	-0.405599	4.91937	5.32497
BLOCK08/SES085/SA085S22	SES085	0.238074	6.17963	5.94156
BLOCK08/SES085/SA085S26	SES085	0.190071	6.02898	5.83891
BLOCK08/SES085/SA085S28	SES085	1.39995	6.70914	5.30918
BLOCK08/SES087/SA087S15	SES087	1.05235	4.94521	3.89286
BLOCK08/SES087/SA087S16	SES087	1.12207	5.04961	3.92754
BLOCK08/SES087/SA087S24	SES087	1.3127	5.48212	4.16942
BLOCK08/SES087/SA087S26	SES087	0.840771	5.92881	5.08804
BLOCK08/SES087/SA087S29	SES087	1.142	5.23546	4.09346
BLOCK09/SES099/SA099S15	SES099	1.0546	4.51581	3.46121
BLOCK09/SES099/SA099S16	SES099	1.0272	4.75652	3.72932
BLOCK09/SES099/SA099S24	SES099	0.98279	5.07219	4.0894
BLOCK09/SES099/SA099S26	SES099	1.29204	5.17367	3.88163
BLOCK09/SES099/SA099S29	SES099	1.24707	5.5165	4.26943
BLOCK10/SES101/SA101S11	SES101	0.533101	5.46012	4.92702
BLOCK10/SES101/SA101S13	SES101	1.02485	6.63722	5.61237
BLOCK10/SES101/SA101S22	SES101	0.987439	5.35747	4.37003
BLOCK10/SES101/SA101S24	SES101	0.798685	5.27716	4.47847
BLOCK10/SES101/SA101S28	SES101	0.569844	5.62749	5.05764
BLOCK10/SES104/SA104S11	SES104	1.46931	6.35831	4.889
BLOCK10/SES104/SA104S12	SES104	1.4585	5.77641	4.31791
BLOCK10/SES104/SA104S21	SES104	0.369746	4.60703	4.23729
BLOCK10/SES104/SA104S24	SES104	0.162625	4.29836	4.13573
BLOCK10/SES104/SA104S28	SES104	0.583086	5.12282	4.53973
BLOCK10/SES105/SA105S12	SES105	0.934963	4.42455	3.48959
BLOCK10/SES105/SA105S13	SES105	0.90097	4.73605	3.83508
BLOCK10/SES105/SA105S22	SES105	0.065376	3.48092	3.41555
BLOCK10/SES105/SA105S26	SES105	1.25428	4.9368	3.68252
BLOCK10/SES105/SA105S29	SES105	1.42122	6.03053	4.60931
BLOCK10/SES106/SA106S09	SES106	1.16492	3.74959	2.58468
BLOCK10/SES106/SA106S11	SES106	0.967406	4.73329	3.76588
BLOCK10/SES106/SA106S22	SES106	2.27889	4.77545	2.49655
BLOCK10/SES106/SA106S27	SES106	1.38322	5.06513	3.68191
BLOCK10/SES106/SA106S29	SES106	0.872504	4.49305	3.62054
BLOCK11/SES117/SA117S12	SES117	1.16933	5.62338	4.45404
BLOCK11/SES117/SA117S13	SES117	0.0124278	4.88663	4.8742
BLOCK11/SES117/SA117S23	SES117	0.840026	4.21446	3.37443
BLOCK11/SES117/SA117S25	SES117	0.549235	3.91338	3.36415
BLOCK11/SES117/SA117S28	SES117	1.31508	4.77062	3.45553
BLOCK12/SES120/SA120S08	SES120	0.725916	4.16581	3.43989
BLOCK12/SES120/SA120S11	SES120	0.301476	2.11506	1.81359
BLOCK12/SES120/SA120S22	SES120	0.0478148	4.77816	4.73035
BLOCK12/SES120/SA120S24	SES120	0.386041	4.02205	3.63601
BLOCK12/SES120/SA120S28	SES120	-0.631609	2.07265	2.70426
BLOCK12/SES125/SA125S13	SES125	2.16775	5.95297	3.78522
BLOCK12/SES125/SA125S14	SES125	1.00465	4.39679	3.39213
BLOCK12/SES125/SA125S25	SES125	1.29206	5.08636	3.7943
BLOCK12/SES125/SA125S27	SES125	1.6041	6.45546	4.85136
BLOCK12/SES125/SA125S29	SES125	1.28219	5.45825	4.17606
BLOCK12/SES127/SA127S11	SES127	0.875256	5.48921	4.61395
BLOCK12/SES127/SA127S12	SES127	-0.0276046	5.73971	5.76732
BLOCK12/SES127/SA127S23	SES127	0.512645	5.68076	5.16811
BLOCK12/SES127/SA127S25	SES127	-0.299088	4.80257	5.10166
BLOCK12/SES127/SA127S27	SES127	0.9365	5.91318	4.97668
BLOCK12/SES129/SA129S11	SES129	1.75241	7.12752	5.37511
BLOCK12/SES129/SA129S12	SES129	1.26815	6.59257	5.32441
BLOCK12/SES129/SA129S22	SES129	0.851141	5.59404	4.7429
BLOCK12/SES129/SA129S27	SES129	1.68254	6.56464	4.8821
BLOCK12/SES129/SA129S29	SES129	1.03118	6.10935	5.07817
BLOCK14/SES142/SA142S11	SES142	1.41252	5.90544	4.49292
BLOCK14/SES142/SA142S12	SES142	0.865352	4.9597	4.09435
BLOCK14/SES142/SA142S24	SES142	1.14545	5.9801	4.83466
BLOCK14/SES142/SA142S27	SES142	1.66934	6.2512	4.58186
BLOCK14/SES142/SA142S29	SES142	1.00807	6.02296	5.01489
BLOCK14/SES143/SA143S12	SES143	0.916425	5.37437	4.45795
BLOCK14/SES143/SA143S13	SES143	0.498487	4.7822	4.28371
BLOCK14/SES143/SA143S23	SES143	0.954441	5.25884	4.3044
BLOCK14/SES143/SA143S25	SES143	1.31813	6.1623	4.84417
BLOCK14/SES143/SA143S28	SES143	0.863384	5.24817	4.38479
BLOCK14/SES144/SA144S09	SES144	0.721017	5.37062	4.6496
BLOCK14/SES144/SA144S11	SES144	0.607693	4.92795	4.32026
BLOCK14/SES144/SA144S21	SES144	-0.51318	3.70202	4.2152
BLOCK14/SES144/SA144S25	SES144	0.362972	4.52847	4.1655
BLOCK14/SES144/SA144S29	SES144	0.0483327	4.84553	4.7972
BLOCK14/SES146/SA146S14	SES146	0.681237	4.27661	3.59537
BLOCK14/SES146/SA146S15	SES146	0.72714	4.5751	3.84796
BLOCK14/SES146/SA146S24	SES146	1.07319	5.19565	4.12246
BLOCK14/SES146/SA146S26	SES146	0.954121	5.14978	4.19566
BLOCK14/SES146/SA146S29	SES146	0.677659	3.91639	3.23873
BLOCK14/SES147/SA147S11	SES147	1.48008	5.70556	4.22548
BLOCK14/SES147/SA147S13	SES147	1.63472	6.58741	4.95268
BLOCK14/SES147/SA147S23	SES147	0.104772	4.71751	4.61274
BLOCK14/SES147/SA147S26	SES147	1.02884	5.49496	4.46612
BLOCK14/SES147/SA147S28	SES147	1.08027	5.26203	4.18176
BLOCK14/SES148/SA148S10	SES148	1.15622	5.86919	4.71297
BLOCK14/SES148/SA148S12	SES148	0.355175	4.39463	4.03946
BLOCK14/SES148/SA148S22	SES148	1.25055	6.53031	5.27976
BLOCK14/SES148/SA148S26	SES148	-0.251547	5.6521	5.90365
BLOCK14/SES148/SA148S29	SES148	0.193831	4.97336	4.77953
BLOCK14/SES149/SA149S13	SES149	-0.76745	3.96218	4.72963
BLOCK14/SES149/SA149S14	SES149	0.226656	5.69266	5.466
BLOCK14/SES149/SA149S24	SES149	1.12308	6.14905	5.02597
BLOCK14/SES149/SA149S26	SES149	1.00523	6.79024	5.78501
BLOCK14/SES149/SA149S28	SES149	1.38952	7.41482	6.0253
BLOCK15/SES158/SA158S13	SES158	1.05843	4.35776	3.29933
BLOCK15/SES158/SA158S14	SES158	2.13054	4.56557	2.43503
BLOCK15/SES158/SA158S23	SES158	0.944059	4.4674	3.52334
BLOCK15/SES158/SA158S26	SES158	1.43024	3.93927	2.50903
BLOCK15/SES158/SA158S28	SES158	0.806913	4.17131	3.36439
BLOCK16/SES162/SA162S10	SES162	0.870605	4.55119	3.68059
BLOCK16/SES162/SA162S11	SES162	1.01632	6.12992	5.1136
BLOCK16/SES162/SA162S21	SES162	1.77712	6.13493	4.35781
BLOCK16/SES162/SA162S24	SES162	1.04139	5.40806	4.36667
BLOCK16/SES162/SA162S27	SES162	1.14366	4.90047	3.75682
BLOCK16/SES167/SA167S14	SES167	0.794565	6.94573	6.15117
BLOCK16/SES167/SA167S15	SES167	0.725704	6.31483	5.58913
BLOCK16/SES167/SA167S21	SES167	1.61414	6.95744	5.34329
BLOCK16/SES167/SA167S25	SES167	1.85121	6.65387	4.80266
BLOCK16/SES167/SA167S29	SES167	1.96193	7.85456	5.89263
BLOCK17/SES172/SA172S12	SES172	1.24932	5.87284	4.62352
BLOCK17/SES172/SA172S13	SES172	2.04515	6.34182	4.29667
BLOCK17/SES172/SA172S23	SES172	1.37919	6.71288	5.33368
BLOCK17/SES172/SA172S27	SES172	0.861069	5.56406	4.703
BLOCK17/SES172/SA172S29	SES172	1.74973	6.51081	4.76108
BLOCK17/SES175/SA175S11	SES175	0.397417	5.90584	5.50842
BLOCK17/SES175/SA175S13	SES175	0.370559	5.89673	5.52617
BLOCK17/SES175/SA175S23	SES175	0.678408	6.13087	5.45246
BLOCK17/SES175/SA175S25	SES175	0.267673	4.19884	3.93116
BLOCK17/SES175/SA175S28	SES175	0.251477	5.8254	5.57393
BLOCK17/SES177/SA177S15	SES177	0.316589	4.92433	4.60774
BLOCK17/SES177/SA177S17	SES177	0.477857	5.19347	4.71561
BLOCK17/SES177/SA177S23	SES177	-0.733771	3.77345	4.50722
BLOCK17/SES177/SA177S26	SES177	0.642267	6.72822	6.08595
BLOCK17/SES177/SA177S28	SES177	0.664658	5.6666	5.00194
BLOCK18/SES180/SA180S13	SES180	-0.00409412	4.6823	4.68639
BLOCK18/SES180/SA180S15	SES180	0.604223	4.89963	4.29541
BLOCK18/SES180/SA180S24	SES180	0.332151	6.1341	5.80195
BLOCK18/SES180/SA180S26	SES180	0.959455	6.03749	5.07803
BLOCK18/SES180/SA180S29	SES180	0.543291	5.43941	4.89612
BLOCK18/SES183/SA183S13	SES183	1.51554	5.42416	3.90861
BLOCK18/SES183/SA183S14	SES183	-0.0432177	4.36124	4.40446
BLOCK18/SES183/SA183S24	SES183	1.23445	4.85415	3.6197
BLOCK18/SES183/SA183S27	SES183	1.07368	4.90765	3.83397
BLOCK18/SES183/SA183S29	SES183	1.15815	5.32514	4.16699
BLOCK18/SES187/SA187S13	SES187	0.763459	5.37156	4.6081
BLOCK18/SES187/SA187S14	SES187	0.539034	4.5726	4.03356
BLOCK18/SES187/SA187S24	SES187	1.0737	4.96776	3.89406
BLOCK18/SES187/SA187S27	SES187	1.25696	5.15888	3.90192
BLOCK18/SES187/SA187S29	SES187	1.25157	5.17124	3.91967
BLOCK18/SES189/SA189S10	SES189	1.24722	5.23795	3.99073
BLOCK18/SES189/SA189S13	SES189	1.31384	4.73128	3.41745
BLOCK18/SES189/SA189S24	SES189	1.42867	5.75415	4.32548
BLOCK18/SES189/SA189S26	SES189	0.788091	5.86611	5.07802
BLOCK18/SES189/SA189S29	SES189	1.47313	5.67307	4.19994
BLOCK20/SES202/SA202S12	SES202	0.599935	4.57838	3.97845
BLOCK20/SES202/SA202S14	SES202	1.91721	5.89017	3.97297
BLOCK20/SES202/SA202S24	SES202	0.983049	5.41952	4.43647
BLOCK20/SES202/SA202S27	SES202	1.52129	7.08949	5.5682
BLOCK20/SES202/SA202S29	SES202	0.812075	6.64349	5.83142
BLOCK20/SES206/SA206S15	SES206	-0.594576	4.21381	4.80839
BLOCK20/SES206/SA206S17	SES206	1.46443	5.98629	4.52186
BLOCK20/SES206/SA206S24	SES206	1.61463	6.44273	4.8281
BLOCK20/SES206/SA206S27	SES206	1.27294	5.20089	3.92795
BLOCK20/SES206/SA206S29	SES206	1.2329	6.33546	5.10256
BLOCK22/SES226/SA226S12	SES226	0.906839	4.78818	3.88134
BLOCK22/SES226/SA226S13	SES226	-1.02157	3.12162	4.14319
BLOCK22/SES226/SA226S20	SES226	0.604702	4.20702	3.60232
BLOCK22/SES226/SA226S23	SES226	1.14605	5.19404	4.04799
BLOCK22/SES226/SA226S28	SES226	1.26825	5.31843	4.05019
BLOCK25/SES259/SA259S13	SES259	3.3268	6.27304	2.94623
BLOCK25/SES259/SA259S14	SES259	1.8745	5.79195	3.91745
BLOCK25/SES259/SA259S22	SES259	1.60841	5.52141	3.913
BLOCK25/SES259/SA259S24	SES259	2.16779	6.42476	4.25697
BLOCK25/SES259/SA259S28	SES259	1.89137	5.77398	3.88261
BLOCK27/SES270/SA270S14	SES270	1.92036	3.89083	1.97047
BLOCK27/SES270/SA270S16	SES270	0.0750179	3.34713	3.27211
BLOCK27/SES270/SA270S22	SES270	1.99407	4.86556	2.87149
BLOCK27/SES270/SA270S26	SES270	0.767127	3.00245	2.23532
BLOCK27/SES270/SA270S28	SES270	0.595348	3.88432	3.28897
BLOCK27/SES275/SA275S17	SES275	1.32208	5.64587	4.32378
BLOCK27/SES275/SA275S18	SES275	0.121171	5.28247	5.1613
BLOCK27/SES275/SA275S24	SES275	0.523419	4.03573	3.51231
BLOCK27/SES275/SA275S26	SES275	0.954784	5.52629	4.57151
BLOCK27/SES275/SA275S28	SES275	0.378845	5.20776	4.82892
BLOCK29/SES292/SA292S10	SES292	0.419207	4.9075	4.48829
BLOCK29/SES292/SA292S12	SES292	-0.0440292	4.53626	4.58029
BLOCK29/SES292/SA292S22	SES292	0.380535	5.41329	5.03276
BLOCK29/SES292/SA292S24	SES292	0.27968	5.21295	4.93327
BLOCK29/SES292/SA292S27	SES292	-0.0992775	4.87724	4.97652
BLOCK00/SES001/SA001S14	SES062	-3.31614	0.752883	4.06902
BLOCK00/SES001/SA001S14	SES082	-2.67629	1.39273	4.06902
BLOCK00/SES001/SA001S14	SES106	-2.76112	1.3079	4.06902
BLOCK00/SES001/SA001S14	SES206	-2.45145	1.61757	4.06902
BLOCK00/SES001/SA001S15	SES062	-3.35066	1.33831	4.68897
BLOCK00/SES001/SA001S15	SES104	-3.30519	1.38378	4.68897
BLOCK00/SES001/SA001S15	SES106	-2.75832	1.93065	4.68897
BLOCK00/SES001/SA001S15	SES206	-2.40539	2.28359	4.68897
BLOCK00/SES001/SA001S24	SES062	-4.0989	-0.47803	3.62087
BLOCK00/SES001/SA001S24	SES082	-2.12858	1.49229	3.62087
BLOCK00/SES001/SA001S24	SES087	-3.0932	0.527671	3.62087
BLOCK00/SES001/SA001S24	SES206	-2.3975	1.22337	3.62087
BLOCK00/SES001/SA001S27	SES062	-2.68485	2.73415	5.419
BLOCK00/SES001/SA001S27	SES082	-2.51986	2.89915	5.419
BLOCK00/SES001/SA001S27	SES087	-1.76135	3.65766	5.419
BLOCK00/SES001/SA001S27	SES206	-1.99056	3.42845	5.419
BLOCK00/SES001/SA001S29	SES062	-4.84655	-0.82376	4.02279
BLOCK00/SES001/SA001S29	SES082	-1.85273	2.17007	4.02279
BLOCK00/SES001/SA001S29	SES158	-1.70735	2.31544	4.02279
BLOCK00/SES001/SA001S29	SES206	-3.29361	0.72918	4.02279
BLOCK00/SES003/SA003S11	SES002	-1.52388	2.17835	3.70223
BLOCK00/SES003/SA003S11	SES019	-2.38582	1.31641	3.70223
BLOCK00/SES003/SA003S11	SES082	-1.62245	2.07978	3.70223
BLOCK00/SES003/SA003S11	SES125	-2.86809	0.834138	3.70223
BLOCK00/SES003/SA003S15	SES016	-2.68585	2.12744	4.81329
BLOCK00/SES003/SA003S15	SES019	-2.83216	1.98113	4.81329
BLOCK00/SES003/SA003S15	SES062	-1.64976	3.16353	4.81329
BLOCK00/SES003/SA003S15	SES206	-1.93479	2.8785	4.81329
BLOCK00/SES003/SA003S22	SES002	-2.77363	1.76897	4.54261
BLOCK00/SES003/SA003S22	SES062	-1.29397	3.24864	4.54261
BLOCK00/SES003/SA003S22	SES082	-2.372	2.1706	4.54261
BLOCK00/SES003/SA003S22	SES087	-2.45268	2.08992	4.54261
BLOCK00/SES003/SA003S25	SES062	-4.03216	-0.0707955	3.96137
BLOCK00/SES003/SA003S25	SES082	-2.99903	0.962339	3.96137
BLOCK00/SES003/SA003S25	SES087	-1.87716	2.08421	3.96137
BLOCK00/SES003/SA003S25	SES206	-2.37505	1.58631	3.96137
BLOCK00/SES003/SA003S29	SES002	-2.19561	1.56685	3.76246
BLOCK00/SES003/SA003S29	SES062	-3.83408	-0.0716188	3.76246
BLOCK00/SES003/SA003S29	SES082	-2.12842	1.63404	3.76246
BLOCK00/SES003/SA003S29	SES087	-3.5582	0.204266	3.76246
BLOCK00/SES004/SA004S12	SES083	-2.21932	2.76773	4.98705
BLOCK00/SES004/SA004S12	SES148	-2.61472	2.37233	4.98705
BLOCK00/SES004/SA004S12	SES172	-0.674132	4.31292	4.98705
BLOCK00/SES004/SA004S12	SES292	-2.35093	2.63612	4.98705
BLOCK00/SES004/SA004S17	SES083	-2.12219	2.30926	4.43145
BLOCK00/SES004/SA004S17	SES162	-1.48681	2.94464	4.43145
BLOCK00/SES004/SA004S17	SES172	-1.23723	3.19422	4.43145
BLOCK00/SES004/SA004S17	SES292	-1.66332	2.76813	4.43145
BLOCK00/SES004/SA004S24	SES083	-2.47252	2.48142	4.95393
BLOCK00/SES004/SA004S24	SES148	-2.53499	2.41895	4.95393
BLOCK00/SES004/SA004S24	SES172	-0.946702	4.00723	4.95393
BLOCK00/SES004/SA004S24	SES292	-1.5182	3.43573	4.95393
BLOCK00/SES004/SA004S26	SES083	-2.37407	2.40836	4.78243
BLOCK00/SES004/SA004S26	SES127	-2.7486	2.03383	4.78243
BLOCK00/SES004/SA004S26	SES148	-4.33363	0.448801	4.78243
BLOCK00/SES004/SA004S26	SES292	-2.84562	1.93681	4.78243
BLOCK00/SES004/SA004S28	SES083	-2.01376	3.75359	5.76735
BLOCK00/SES004/SA004S28	SES127	-1.46625	4.3011	5.76735
BLOCK00/SES004/SA004S28	SES187	-1.07197	4.69538	5.76735
BLOCK00/SES004/SA004S28	SES292	-2.61376	3.15359	5.76735
BLOCK00/SES006/SA006S10	SES014	-4.24022	-2.76829	1.47193
BLOCK00/SES006/SA006S10	SES158	-2.93567	-1.46374	1.47193
BLOCK00/SES006/SA006S10	SES226	-5.21839	-3.74646	1.47193
BLOCK00/SES006/SA006S10	SES270	-1.98422	-0.512289	1.47193
BLOCK00/SES006/SA006S11	SES158	-2.77961	-0.888728	1.89088
BLOCK00/SES006/SA006S11	SES226	-3.64598	-1.7551	1.89088
BLOCK00/SES006/SA006S11	SES270	-2.12318	-0.232296	1.89088
BLOCK00/SES006/SA006S11	SES275	-3.61139	-1.72051	1.89088
BLOCK00/SES006/SA006S23	SES062	-4.25597	-1.09494	3.16104
BLOCK00/SES006/SA006S23	SES105	-4.39457	-1.23354	3.16104
BLOCK00/SES006/SA006S23	SES158	-2.45937	0.701666	3.16104
BLOCK00/SES006/SA006S23	SES275	-3.00487	0.156163	3.16104
BLOCK00/SES006/SA006S26	SES104	-4.5574	-1.617	2.9404
BLOCK00/SES006/SA006S26	SES158	-1.91568	1.02472	2.9404
BLOCK00/SES006/SA006S26	SES270	-1.07039	1.87001	2.9404
BLOCK00/SES006/SA006S26	SES275	-3.40372	-0.463318	2.9404
BLOCK00/SES006/SA006S28	SES007	-3.81952	-1.60524	2.21428
BLOCK00/SES006/SA006S28	SES105	-4.30716	-2.09289	2.21428
BLOCK00/SES006/SA006S28	SES158	-2.75661	-0.542332	2.21428
BLOCK00/SES006/SA006S28	SES275	-3.78281	-1.56853	2.21428
BLOCK00/SES009/SA009S12	SES083	-4.5025	0.460806	4.96331
BLOCK00/SES009/SA009S12	SES148	-2.42929	2.53401	4.96331
BLOCK00/SES009/SA009S12	SES177	-0.967187	3.99612	4.96331
BLOCK00/SES009/SA009S12	SES292	-2.23048	2.73283	4.96331
BLOCK00/SES009/SA009S15	SES007	-0.769237	4.83631	5.60555
BLOCK00/SES009/SA009S15	SES099	-4.09152	1.51403	5.60555
BLOCK00/SES009/SA009S15	SES148	-2.10415	3.5014	5.60555
BLOCK00/SES009/SA009S15	SES172	-2.17621	3.42934	5.60555
BLOCK00/SES009/SA009S24	SES146	-1.70456	3.37226	5.07683
BLOCK00/SES009/SA009S24	SES148	-2.74243	2.3344	5.07683
BLOCK00/SES009/SA009S24	SES177	-0.780284	4.29655	5.07683
BLOCK00/SES009/SA009S24	SES292	-1.83967	3.23716	5.07683
BLOCK00/SES009/SA009S26	SES083	-3.60666	0.728797	4.33546
BLOCK00/SES009/SA009S26	SES101	-3.18374	1.15173	4.33546
BLOCK00/SES009/SA009S26	SES120	-1.88106	2.4544	4.33546
BLOCK00/SES009/SA009S26	SES177	-1.05176	3.2837	4.33546
BLOCK00/SES009/SA009S29	SES083	-2.88696	2.3799	5.26685
BLOCK00/SES009/SA009S29	SES101	-2.12813	3.13872	5.26685
BLOCK00/SES009/SA009S29	SES177	-0.762073	4.50478	5.26685
BLOCK00/SES009/SA009S29	SES292	-1.82426	3.44259	5.26685
BLOCK01/SES011/SA011S10	SES019	-2.40702	1.47505	3.88207
BLOCK01/SES011/SA011S10	SES042	-0.0245838	3.85748	3.88207
BLOCK01/SES011/SA011S10	SES082	-2.8853	0.996762	3.88207
BLOCK01/SES011/SA011S10	SES206	-2.69738	1.18468	3.88207
BLOCK01/SES011/SA011S11	SES019	-2.90746	0.461182	3.36864
BLOCK01/SES011/SA011S11	SES042	-1.48287	1.88577	3.36864
BLOCK01/SES011/SA011S11	SES082	-3.37957	-0.0109296	3.36864
BLOCK01/SES011/SA011S11	SES206	-2.78027	0.58837	3.36864
BLOCK01/SES011/SA011S22	SES019	-1.43717	1.71412	3.15129
BLOCK01/SES011/SA011S22	SES042	0.100107	3.25139	3.15129
BLOCK01/SES011/SA011S22	SES082	-2.59564	0.555647	3.15129
BLOCK01/SES011/SA011S22	SES206	-2.28943	0.861856	3.15129
BLOCK01/SES011/SA011S24	SES019	-2.72868	1.171	3.89968
BLOCK01/SES011/SA011S24	SES042	-0.369837	3.52984	3.89968
BLOCK01/SES011/SA011S24	SES104	-2.43926	1.46042	3.89968
BLOCK01/SES011/SA011S24	SES206	-1.65965	2.24003	3.89968
BLOCK01/SES011/SA011S27	SES082	-1.45501	2.20048	3.6555
BLOCK01/SES011/SA011S27	SES087	-2.15586	1.49964	3.6555
BLOCK01/SES011/SA011S27	SES125	-1.76419	1.89131	3.6555
BLOCK01/SES011/SA011S27	SES206	-1.60056	2.05494	3.6555
BLOCK01/SES012/SA012S11	SES007	-1.01375	4.49241	5.50616
BLOCK01/SES012/SA012S11	SES082	-2.20587	3.30029	5.50616
BLOCK01/SES012/SA012S11	SES083	-2.97094	2.53522	5.50616
BLOCK01/SES012/SA012S11	SES206	-2.66291	2.84325	5.50616
BLOCK01/SES012/SA012S14	SES082	-1.50806	3.30382	4.81188
BLOCK01/SES012/SA012S14	SES087	-3.2528	1.55908	4.81188
BLOCK01/SES012/SA012S14	SES206	-1.99264	2.81924	4.81188
BLOCK01/SES012/SA012S14	SES292	-2.74665	2.06524	4.81188
BLOCK01/SES012/SA012S24	SES082	-1.59688	1.99864	3.59552
BLOCK01/SES012/SA012S24	SES087	-3.38379	0.21173	3.59552
BLOCK01/SES012/SA012S24	SES120	-2.60671	0.988807	3.59552
BLOCK01/SES012/SA012S24	SES206	-1.51015	2.08537	3.59552
BLOCK01/SES012/SA012S26	SES019	-4.47274	0.382824	4.85557
BLOCK01/SES012/SA012S26	SES082	-3.21465	1.64091	4.85557
BLOCK01/SES012/SA012S26	SES206	-1.65067	3.20489	4.85557
BLOCK01/SES012/SA012S26	SES292	-1.63793	3.21764	4.85557
BLOCK01/SES012/SA012S29	SES062	-1.85239	3.29858	5.15097
BLOCK01/SES012/SA012S29	SES082	-1.48893	3.66204	5.15097
BLOCK01/SES012/SA012S29	SES083	-3.90867	1.2423	5.15097
BLOCK01/SES012/SA012S29	SES206	-1.76536	3.38561	5.15097
BLOCK01/SES013/SA013S16	SES062	-4.70849	-1.21322	3.49526
BLOCK01/SES013/SA013S16	SES106	-2.29924	1.19603	3.49526
BLOCK01/SES013/SA013S16	SES206	-2.59107	0.904194	3.49526
BLOCK01/SES013/SA013S16	SES226	-1.6281	1.86717	3.49526
BLOCK01/SES013/SA013S17	SES062	-3.07998	1.74485	4.82483
BLOCK01/SES013/SA013S17	SES106	-2.69448	2.13035	4.82483
BLOCK01/SES013/SA013S17	SES206	-1.56303	3.2618	4.82483
BLOCK01/SES013/SA013S17	SES226	-1.45128	3.37356	4.82483
BLOCK01/SES013/SA013S23	SES104	-2.71753	0.543462	3.26099
BLOCK01/SES013/SA013S23	SES106	-1.63155	1.62944	3.26099
BLOCK01/SES013/SA013S23	SES206	-2.43388	0.827106	3.26099
BLOCK01/SES013/SA013S23	SES270	-1.0035	2.25749	3.26099
BLOCK01/SES013/SA013S25	SES042	-2.51765	1.50333	4.02099
BLOCK01/SES013/SA013S25	SES104	-2.4871	1.53389	4.02099
BLOCK01/SES013/SA013S25	SES106	-1.48165	2.53934	4.02099
BLOCK01/SES013/SA013S25	SES206	-2.75235	1.26864	4.02099
BLOCK01/SES013/SA013S29	SES062	-4.84212	-1.02226	3.81986
BLOCK01/SES013/SA013S29	SES104	-3.45344	0.366414	3.81986
BLOCK01/SES013/SA013S29	SES106	-1.82711	1.99275	3.81986
BLOCK01/SES013/SA013S29	SES206	-3.09798	0.721878	3.81986
BLOCK02/SES021/SA021S13	SES016	-3.43819	1.48964	4.92783
BLOCK02/SES021/SA021S13	SES029	-2.26254	2.66529	4.92783
BLOCK02/SES021/SA021S13	SES087	-3.00017	1.92767	4.92783
BLOCK02/SES021/SA021S13	SES206	-2.53299	2.39485	4.92783
BLOCK02/SES021/SA021S15	SES087	-1.82348	3.68445	5.50793
BLOCK02/SES021/SA021S15	SES125	-1.78205	3.72587	5.50793
BLOCK02/SES021/SA021S15	SES206	-1.38034	4.12759	5.50793
BLOCK02/SES021/SA021S15	SES226	-2.42005	3.08788	5.50793
BLOCK02/SES021/SA021S23	SES062	-3.88275	-0.314098	3.56865
BLOCK02/SES021/SA021S23	SES087	-1.84779	1.72086	3.56865
BLOCK02/SES021/SA021S23	SES206	-2.47165	1.097	3.56865
BLOCK02/SES021/SA021S23	SES226	-2.43987	1.12878	3.56865
BLOCK02/SES021/SA021S27	SES002	-1.91537	3.41246	5.32783
BLOCK02/SES021/SA021S27	SES016	-4.95205	0.375781	5.32783
BLOCK02/SES021/SA021S27	SES019	-2.104	3.22383	5.32783
BLOCK02/SES021/SA021S27	SES062	-1.91054	3.41729	5.32783
BLOCK02/SES021/SA021S29	SES087	-1.51009	3.49625	5.00634
BLOCK02/SES021/SA021S29	SES125	-1.67937	3.32697	5.00634
BLOCK02/SES021/SA021S29	SES206	-1.66825	3.33809	5.00634
BLOCK02/SES021/SA021S29	SES226	-2.9969	2.00945	5.00634
BLOCK04/SES043/SA043S09	SES083	-1.74988	2.24668	3.99656
BLOCK04/SES043/SA043S09	SES101	-1.79699	2.19957	3.99656
BLOCK04/SES043/SA043S09	SES144	-1.29776	2.6988	3.99656
BLOCK04/SES043/SA043S09	SES172	-2.30053	1.69603	3.99656
BLOCK04/SES043/SA043S11	SES083	-1.6569	3.52844	5.18534
BLOCK04/SES043/SA043S11	SES101	-1.58435	3.60099	5.18534
BLOCK04/SES043/SA043S11	SES144	-0.509634	4.6757	5.18534
BLOCK04/SES043/SA043S11	SES172	-1.79902	3.38632	5.18534
BLOCK04/SES043/SA043S23	SES083	-2.39976	2.56976	4.96953
BLOCK04/SES043/SA043S23	SES144	-0.852967	4.11656	4.96953
BLOCK04/SES043/SA043S23	SES177	-2.11734	2.85218	4.96953
BLOCK04/SES043/SA043S23	SES275	-1.76343	3.2061	4.96953
BLOCK04/SES043/SA043S26	SES083	-2.19251	2.1117	4.30421
BLOCK04/SES043/SA043S26	SES101	-2.12247	2.18174	4.30421
BLOCK04/SES043/SA043S26	SES144	-0.648222	3.65599	4.30421
BLOCK04/SES043/SA043S26	SES177	-1.91323	2.39098	4.30421
BLOCK04/SES043/SA043S28	SES016	-3.09795	1.71104	4.80899
BLOCK04/SES043/SA043S28	SES083	-1.37228	3.43671	4.80899
BLOCK04/SES043/SA043S28	SES101	-1.54667	3.26232	4.80899
BLOCK04/SES043/SA043S28	SES144	-1.46376	3.34523	4.80899
BLOCK04/SES044/SA044S10	SES127	-4.41972	-2.12201	2.29771
BLOCK04/SES044/SA044S10	SES144	-1.39758	0.90013	2.29771
BLOCK04/SES044/SA044S10	SES147	-4.27847	-1.98076	2.29771
BLOCK04/SES044/SA044S10	SES148	-3.79351	-1.49581	2.29771
BLOCK04/SES044/SA044S11	SES101	-1.974	1.62421	3.59821
BLOCK04/SES044/SA044S11	SES144	-0.765379	2.83283	3.59821
BLOCK04/SES044/SA044S11	SES147	-2.77442	0.82379	3.59821
BLOCK04/SES044/SA044S11	SES177	-2.43434	1.16387	3.59821
BLOCK04/SES044/SA044S24	SES007	-3.58827	0.590089	4.17836
BLOCK04/SES044/SA044S24	SES101	-2.33672	1.84164	4.17836
BLOCK04/SES044/SA044S24	SES147	-2.76693	1.41143	4.17836
BLOCK04/SES044/SA044S24	SES177	-2.01632	2.16204	4.17836
BLOCK04/SES044/SA044S26	SES007	-2.2482	1.7236	3.97179
BLOCK04/SES044/SA044S26	SES016	-1.83038	2.14141	3.97179
BLOCK04/SES044/SA044S26	SES101	-1.72665	2.24514	3.97179
BLOCK04/SES044/SA044S26	SES147	-1.69798	2.27382	3.97179
BLOCK04/SES044/SA044S29	SES007	-2.73337	2.14309	4.87646
BLOCK04/SES044/SA044S29	SES101	-1.19648	3.67999	4.87646
BLOCK04/SES044/SA044S29	SES147	-2.80314	2.07333	4.87646
BLOCK04/SES044/SA044S29	SES177	-2.14381	2.73266	4.87646
BLOCK04/SES046/SA046S13	SES101	-1.83952	2.49044	4.32997
BLOCK04/SES046/SA046S13	SES144	-1.01205	3.31792	4.32997
BLOCK04/SES046/SA046S13	SES147	-2.37188	1.95809	4.32997
BLOCK04/SES046/SA046S13	SES177	-2.11234	2.21763	4.32997
BLOCK04/SES046/SA046S15	SES048	-1.11134	4.58347	5.69482
BLOCK04/SES046/SA046S15	SES083	-1.35515	4.33967	5.69482
BLOCK04/SES046/SA046S15	SES120	-3.41892	2.27589	5.69482
BLOCK04/SES046/SA046S15	SES148	-1.93674	3.75808	5.69482
BLOCK04/SES046/SA046S22	SES101	-1.45628	3.18649	4.64277
BLOCK04/SES046/SA046S22	SES144	-1.15524	3.48753	4.64277
BLOCK04/SES046/SA046S22	SES147	-3.33135	1.31143	4.64277
BLOCK04/SES046/SA046S22	SES172	-1.64857	2.9942	4.64277
BLOCK04/SES046/SA046S25	SES083	-1.82167	2.56892	4.39059
BLOCK04/SES046/SA046S25	SES127	-2.27146	2.11913	4.39059
BLOCK04/SES046/SA046S25	SES144	-2.24142	2.14917	4.39059
BLOCK04/SES046/SA046S25	SES148	-1.96583	2.42476	4.39059
BLOCK04/SES046/SA046S28	SES007	-2.49487	2.13997	4.63484
BLOCK04/SES046/SA046S28	SES105	-2.7296	1.90524	4.63484
BLOCK04/SES046/SA046S28	SES147	-1.88214	2.7527	4.63484
BLOCK04/SES046/SA046S28	SES148	-1.80821	2.82663	4.63484
BLOCK04/SES049/SA049S16	SES104	-2.10562	0.721671	2.82729
BLOCK04/SES049/SA049S16	SES106	-2.85028	-0.0229889	2.82729
BLOCK04/SES049/SA049S16	SES120	-2.91422	-0.0869345	2.82729
BLOCK04/SES049/SA049S16	SES206	-2.26186	0.565425	2.82729
BLOCK04/SES049/SA049S18	SES099	-2.22134	0.0986771	2.32002
BLOCK04/SES049/SA049S18	SES104	-3.37738	-1.05736	2.32002
BLOCK04/SES049/SA049S18	SES125	-3.5356	-1.21558	2.32002
BLOCK04/SES049/SA049S18	SES206	-3.148	-0.827989	2.32002
BLOCK04/SES049/SA049S25	SES087	-2.87787	-0.0363541	2.84151
BLOCK04/SES049/SA049S25	SES104	-1.75894	1.08257	2.84151
BLOCK04/SES049/SA049S25	SES125	-2.16619	0.675324	2.84151
BLOCK04/SES049/SA049S25	SES206	-1.12187	1.71964	2.84151
BLOCK04/SES049/SA049S27	SES099	-1.19547	1.90357	3.09904
BLOCK04/SES049/SA049S27	SES104	-1.42679	1.67225	3.09904
BLOCK04/SES049/SA049S27	SES125	-2.74137	0.357671	3.09904
BLOCK04/SES049/SA049S27	SES206	-1.88417	1.21487	3.09904
BLOCK04/SES049/SA049S29	SES099	-1.14194	2.87236	4.0143
BLOCK04/SES049/SA049S29	SES104	-1.44432	2.56998	4.0143
BLOCK04/SES049/SA049S29	SES125	-2.07881	1.93549	4.0143
BLOCK04/SES049/SA049S29	SES206	-1.35024	2.66406	4.0143
BLOCK06/SES063/SA063S09	SES068	-2.47386	2.48033	4.95419
BLOCK06/SES063/SA063S09	SES083	-1.60804	3.34615	4.95419
BLOCK06/SES063/SA063S09	SES177	-1.31326	3.64093	4.95419
BLOCK06/SES063/SA063S09	SES187	-1.84836	3.10583	4.95419
BLOCK06/SES063/SA063S10	SES068	-3.02988	1.58315	4.61303
BLOCK06/SES063/SA063S10	SES083	-1.97756	2.63547	4.61303
BLOCK06/SES063/SA063S10	SES172	-2.38265	2.23038	4.61303
BLOCK06/SES063/SA063S10	SES187	-1.49224	3.12079	4.61303
BLOCK06/SES063/SA063S20	SES068	-2.73058	2.12711	4.85769
BLOCK06/SES063/SA063S20	SES083	-0.942605	3.91509	4.85769
BLOCK06/SES063/SA063S20	SES172	-1.3174	3.54029	4.85769
BLOCK06/SES063/SA063S20	SES187	-1.62151	3.23618	4.85769
BLOCK06/SES063/SA063S24	SES029	-3.0393	2.18021	5.21951
BLOCK06/SES063/SA063S24	SES083	-1.42606	3.79344	5.21951
BLOCK06/SES063/SA063S24	SES177	-1.30776	3.91174	5.21951
BLOCK06/SES063/SA063S24	SES189	-1.09876	4.12075	5.21951
BLOCK06/SES063/SA063S27	SES083	-0.881473	3.85512	4.7366
BLOCK06/SES063/SA063S27	SES172	-2.2758	2.4608	4.7366
BLOCK06/SES063/SA063S27	SES187	-1.85672	2.87987	4.7366
BLOCK06/SES063/SA063S27	SES292	-2.76763	1.96897	4.7366
BLOCK06/SES067/SA067S12	SES083	-2.07828	3.2555	5.33378
BLOCK06/SES067/SA067S12	SES172	-2.15412	3.17965	5.33378
BLOCK06/SES067/SA067S12	SES202	-1.8228	3.51098	5.33378
BLOCK06/SES067/SA067S12	SES292	-2.67021	2.66357	5.33378
BLOCK06/SES067/SA067S14	SES085	-2.20265	3.65571	5.85836
BLOCK06/SES067/SA067S14	SES177	-1.88511	3.97325	5.85836
BLOCK06/SES067/SA067S14	SES183	-0.72622	5.13213	5.85836
BLOCK06/SES067/SA067S14	SES202	-1.76735	4.091	5.85836
BLOCK06/SES067/SA067S21	SES144	-1.77243	2.88072	4.65315
BLOCK06/SES067/SA067S21	SES177	-1.04982	3.60333	4.65315
BLOCK06/SES067/SA067S21	SES183	-1.2223	3.43085	4.65315
BLOCK06/SES067/SA067S21	SES189	-1.32321	3.32993	4.65315
BLOCK06/SES067/SA067S25	SES085	-1.88612	3.58949	5.47561
BLOCK06/SES067/SA067S25	SES177	-1.90208	3.57353	5.47561
BLOCK06/SES067/SA067S25	SES183	-1.43442	4.0412	5.47561
BLOCK06/SES067/SA067S25	SES202	-2.32245	3.15316	5.47561
BLOCK06/SES067/SA067S29	SES085	-2.60108	2.37406	4.97514
BLOCK06/SES067/SA067S29	SES177	-1.83936	3.13578	4.97514
BLOCK06/SES067/SA067S29	SES183	-0.770438	4.2047	4.97514
BLOCK06/SES067/SA067S29	SES202	-1.42339	3.55175	4.97514
BLOCK06/SES069/SA069S12	SES029	-3.27726	1.37	4.64726
BLOCK06/SES069/SA069S12	SES082	-0.96412	3.68314	4.64726
BLOCK06/SES069/SA069S12	SES087	-2.46932	2.17794	4.64726
BLOCK06/SES069/SA069S12	SES206	-1.48949	3.15777	4.64726
BLOCK06/SES069/SA069S13	SES029	-3.97497	1.07657	5.05154
BLOCK06/SES069/SA069S13	SES087	-2.2305	2.82104	5.05154
BLOCK06/SES069/SA069S13	SES206	-1.79753	3.25401	5.05154
BLOCK06/SES069/SA069S13	SES226	-1.09955	3.952	5.05154
BLOCK06/SES069/SA069S23	SES029	-0.993459	4.99187	5.98533
BLOCK06/SES069/SA069S23	SES087	-1.62848	4.35685	5.98533
BLOCK06/SES069/SA069S23	SES206	-2.32179	3.66355	5.98533
BLOCK06/SES069/SA069S23	SES226	-1.26187	4.72346	5.98533
BLOCK06/SES069/SA069S25	SES087	-2.25686	3.3289	5.58576
BLOCK06/SES069/SA069S25	SES206	-3.23389	2.35188	5.58576
BLOCK06/SES069/SA069S25	SES226	-1.105	4.48077	5.58576
BLOCK06/SES069/SA069S25	SES270	-2.22605	3.35971	5.58576
BLOCK06/SES069/SA069S27	SES087	-2.61642	2.67123	5.28764
BLOCK06/SES069/SA069S27	SES206	-2.29141	2.99623	5.28764
BLOCK06/SES069/SA069S27	SES226	-0.38118	4.90646	5.28764
BLOCK06/SES069/SA069S27	SES270	-2.05741	3.23023	5.28764
BLOCK08/SES081/SA081S11	SES060	-3.1819	1.77975	4.96164
BLOCK08/SES081/SA081S11	SES062	-2.30183	2.65982	4.96164
BLOCK08/SES081/SA081S11	SES117	-3.81562	1.14602	4.96164
BLOCK08/SES081/SA081S11	SES162	-2.93885	2.02279	4.96164
BLOCK08/SES081/SA081S13	SES016	-1.43507	4.3591	5.79416
BLOCK08/SES081/SA081S13	SES060	-0.83341	4.96075	5.79416
BLOCK08/SES081/SA081S13	SES068	-1.32268	4.47148	5.79416
BLOCK08/SES081/SA081S13	SES129	-2.47246	3.3217	5.79416
BLOCK08/SES081/SA081S24	SES060	-1.56917	3.5889	5.15807
BLOCK08/SES081/SA081S24	SES068	-1.38392	3.77415	5.15807
BLOCK08/SES081/SA081S24	SES117	-3.02822	2.12985	5.15807
BLOCK08/SES081/SA081S24	SES275	-1.9392	3.21887	5.15807
BLOCK08/SES081/SA081S27	SES007	-1.41533	3.36615	4.78148
BLOCK08/SES081/SA081S27	SES060	-2.12818	2.65329	4.78148
BLOCK08/SES081/SA081S27	SES117	-1.46267	3.31881	4.78148
BLOCK08/SES081/SA081S27	SES275	-1.97453	2.80695	4.78148
BLOCK08/SES081/SA081S29	SES007	-1.07605	4.0419	5.11795
BLOCK08/SES081/SA081S29	SES060	-1.49016	3.62779	5.11795
BLOCK08/SES081/SA081S29	SES117	-2.1148	3.00315	5.11795
BLOCK08/SES081/SA081S29	SES275	-2.167	2.95095	5.11795
BLOCK08/SES086/SA086S11	SES029	-4.97366	-1.84397	3.12969
BLOCK08/SES086/SA086S11	SES082	-3.13931	-0.00961673	3.12969
BLOCK08/SES086/SA086S11	SES087	-1.76995	1.35974	3.12969
BLOCK08/SES086/SA086S11	SES206	-2.82222	0.307466	3.12969
BLOCK08/SES086/SA086S12	SES029	-3.69443	0.598145	4.29257
BLOCK08/SES086/SA086S12	SES082	-3.65965	0.632925	4.29257
BLOCK08/SES086/SA086S12	SES087	-0.518385	3.77419	4.29257
BLOCK08/SES086/SA086S12	SES206	-2.22329	2.06928	4.29257
BLOCK08/SES086/SA086S20	SES029	-4.81351	0.218808	5.03232
BLOCK08/SES086/SA086S20	SES082	-3.69933	1.33299	5.03232
BLOCK08/SES086/SA086S20	SES087	-0.673907	4.35842	5.03232
BLOCK08/SES086/SA086S20	SES206	-1.81533	3.21699	5.03232
BLOCK08/SES086/SA086S24	SES087	-1.09472	2.65588	3.7506
BLOCK08/SES086/SA086S24	SES104	-3.09833	0.652269	3.7506
BLOCK08/SES086/SA086S24	SES120	-2.91596	0.834631	3.7506
BLOCK08/SES086/SA086S24	SES206	-1.39875	2.35184	3.7506
BLOCK08/SES086/SA086S28	SES029	-3.83961	0.786179	4.62579
BLOCK08/SES086/SA086S28	SES082	-2.66267	1.96312	4.62579
BLOCK08/SES086/SA086S28	SES087	-1.30616	3.31963	4.62579
BLOCK08/SES086/SA086S28	SES206	-1.87766	2.74812	4.62579
BLOCK08/SES089/SA089S13	SES087	-2.383	1.2324	3.6154
BLOCK08/SES089/SA089S13	SES206	-2.45544	1.15996	3.6154
BLOCK08/SES089/SA089S13	SES226	-2.43856	1.17684	3.6154
BLOCK08/SES089/SA089S13	SES270	-3.12386	0.491537	3.6154
BLOCK08/SES089/SA089S14	SES062	-2.03115	2.19999	4.23114
BLOCK08/SES089/SA089S14	SES087	-1.39944	2.8317	4.23114
BLOCK08/SES089/SA089S14	SES206	-2.67183	1.55931	4.23114
BLOCK08/SES089/SA089S14	SES226	-2.21568	2.01546	4.23114
BLOCK08/SES089/SA089S23	SES087	-2.36636	0.533038	2.8994
BLOCK08/SES089/SA089S23	SES206	-2.77887	0.120523	2.8994
BLOCK08/SES089/SA089S23	SES226	-3.14521	-0.24581	2.8994
BLOCK08/SES089/SA089S23	SES270	-3.12795	-0.228554	2.8994
BLOCK08/SES089/SA089S25	SES062	-2.5912	1.73186	4.32306
BLOCK08/SES089/SA089S25	SES087	-1.85192	2.47113	4.32306
BLOCK08/SES089/SA089S25	SES206	-3.28287	1.04019	4.32306
BLOCK08/SES089/SA089S25	SES226	-2.25815	2.06491	4.32306
BLOCK08/SES089/SA089S28	SES062	-1.90413	2.0879	3.99203
BLOCK08/SES089/SA089S28	SES087	-0.924457	3.06758	3.99203
BLOCK08/SES089/SA089S28	SES206	-1.47971	2.51233	3.99203
BLOCK08/SES089/SA089S28	SES226	-1.23526	2.75678	3.99203
BLOCK09/SES097/SA097S11	SES099	-0.40265	3.22659	3.62924
BLOCK09/SES097/SA097S11	SES125	-3.54118	0.0880655	3.62924
BLOCK09/SES097/SA097S11	SES206	-1.32462	2.30463	3.62924
BLOCK09/SES097/SA097S11	SES226	-1.34589	2.28335	3.62924
BLOCK09/SES097/SA097S14	SES062	-3.10969	0.602717	3.71241
BLOCK09/SES097/SA097S14	SES099	-1.57428	2.13813	3.71241
BLOCK09/SES097/SA097S14	SES104	-1.75927	1.95313	3.71241
BLOCK09/SES097/SA097S14	SES206	-2.43516	1.27725	3.71241
BLOCK09/SES097/SA097S22	SES099	-0.352815	2.84365	3.19646
BLOCK09/SES097/SA097S22	SES206	-2.35174	0.844723	3.19646
BLOCK09/SES097/SA097S22	SES226	-2.90938	0.287083	3.19646
BLOCK09/SES097/SA097S22	SES270	-1.01126	2.18521	3.19646
BLOCK09/SES097/SA097S26	SES099	-0.932395	2.7236	3.65599
BLOCK09/SES097/SA097S26	SES120	-1.53719	2.11881	3.65599
BLOCK09/SES097/SA097S26	SES206	-2.55028	1.10571	3.65599
BLOCK09/SES097/SA097S26	SES226	-2.98595	0.670048	3.65599
BLOCK09/SES097/SA097S28	SES099	-1.43189	2.36663	3.79852
BLOCK09/SES097/SA097S28	SES120	-1.82315	1.97537	3.79852
BLOCK09/SES097/SA097S28	SES206	-2.89105	0.907469	3.79852
BLOCK09/SES097/SA097S28	SES226	-3.40737	0.391152	3.79852
BLOCK09/SES098/SA098S11	SES127	-2.70197	1.91888	4.62085
BLOCK09/SES098/SA098S11	SES144	-1.90782	2.71303	4.62085
BLOCK09/SES098/SA098S11	SES147	-1.99393	2.62692	4.62085
BLOCK09/SES098/SA098S11	SES148	-4.49615	0.124705	4.62085
BLOCK09/SES098/SA098S12	SES127	-3.72111	-0.31478	3.40633
BLOCK09/SES098/SA098S12	SES144	-2.72126	0.685077	3.40633
BLOCK09/SES098/SA098S12	SES147	-2.5953	0.811029	3.40633
BLOCK09/SES098/SA098S12	SES189	-2.09364	1.31269	3.40633
BLOCK09/SES098/SA098S20	SES127	-3.94765	-0.0720401	3.87561
BLOCK09/SES098/SA098S20	SES147	-2.7181	1.15752	3.87561
BLOCK09/SES098/SA098S20	SES148	-4.13931	-0.2637	3.87561
BLOCK09/SES098/SA098S20	SES292	-2.55415	1.32146	3.87561
BLOCK09/SES098/SA098S23	SES127	-3.06389	1.71302	4.77691
BLOCK09/SES098/SA098S23	SES147	-2.07061	2.70631	4.77691
BLOCK09/SES098/SA098S23	SES187	-1.88787	2.88904	4.77691
BLOCK09/SES098/SA098S23	SES292	-1.63636	3.14055	4.77691
BLOCK09/SES098/SA098S27	SES127	-4.08912	-0.329693	3.75942
BLOCK09/SES098/SA098S27	SES147	-3.91314	-0.153717	3.75942
BLOCK09/SES098/SA098S27	SES148	-5.43499	-1.67556	3.75942
BLOCK09/SES098/SA098S27	SES292	-1.56917	2.19026	3.75942
BLOCK10/SES102/SA102S13	SES101	-1.74477	2.18378	3.92855
BLOCK10/SES102/SA102S13	SES105	-2.16571	1.76284	3.92855
BLOCK10/SES102/SA102S13	SES120	-3.07272	0.855825	3.92855
BLOCK10/SES102/SA102S13	SES158	-2.95133	0.977217	3.92855
BLOCK10/SES102/SA102S14	SES007	-0.514559	4.97987	5.49443
BLOCK10/SES102/SA102S14	SES101	-0.465659	5.02877	5.49443
BLOCK10/SES102/SA102S14	SES105	-0.545671	4.94876	5.49443
BLOCK10/SES102/SA102S14	SES147	-3.58314	1.91129	5.49443
BLOCK10/SES102/SA102S22	SES007	-2.3367	2.51637	4.85307
BLOCK10/SES102/SA102S22	SES101	-1.01078	3.84229	4.85307
BLOCK10/SES102/SA102S22	SES105	-1.1407	3.71237	4.85307
BLOCK10/SES102/SA102S22	SES158	-2.43259	2.42048	4.85307
BLOCK10/SES102/SA102S25	SES007	-1.52516	3.40447	4.92963
BLOCK10/SES102/SA102S25	SES101	-0.651931	4.2777	4.92963
BLOCK10/SES102/SA102S25	SES105	-1.24657	3.68305	4.92963
BLOCK10/SES102/SA102S25	SES147	-3.49972	1.42991	4.92963
BLOCK10/SES102/SA102S27	SES007	-1.88876	2.58696	4.47572
BLOCK10/SES102/SA102S27	SES101	-0.992517	3.48321	4.47572
BLOCK10/SES102/SA102S27	SES105	-1.68282	2.7929	4.47572
BLOCK10/SES102/SA102S27	SES147	-3.43061	1.04511	4.47572
BLOCK10/SES103/SA103S14	SES105	-3.51442	-0.889518	2.6249
BLOCK10/SES103/SA103S14	SES106	-2.63679	-0.0118866	2.6249
BLOCK10/SES103/SA103S14	SES120	-3.04222	-0.417323	2.6249
BLOCK10/SES103/SA103S14	SES206	-2.99569	-0.370786	2.6249
BLOCK10/SES103/SA103S15	SES099	-2.38927	-0.615385	1.77389
BLOCK10/SES103/SA103S15	SES101	-6.06569	-4.2918	1.77389
BLOCK10/SES103/SA103S15	SES104	-3.65325	-1.87936	1.77389
BLOCK10/SES103/SA103S15	SES125	-3.30912	-1.53523	1.77389
BLOCK10/SES103/SA103S24	SES104	-3.50331	-0.276515	3.22679
BLOCK10/SES103/SA103S24	SES125	-3.5261	-0.299302	3.22679
BLOCK10/SES103/SA103S24	SES148	-3.52755	-0.300759	3.22679
BLOCK10/SES103/SA103S24	SES158	-2.25747	0.969321	3.22679
BLOCK10/SES103/SA103S26	SES104	-2.99885	-0.353447	2.6454
BLOCK10/SES103/SA103S26	SES106	-1.57698	1.06842	2.6454
BLOCK10/SES103/SA103S26	SES125	-3.04299	-0.397591	2.6454
BLOCK10/SES103/SA103S26	SES148	-4.62025	-1.97485	2.6454
BLOCK10/SES103/SA103S28	SES104	-3.4576	-1.54953	1.90807
BLOCK10/SES103/SA103S28	SES106	-1.57523	0.332846	1.90807
BLOCK10/SES103/SA103S28	SES125	-4.19979	-2.29171	1.90807
BLOCK10/SES103/SA103S28	SES206	-5.17206	-3.26399	1.90807
BLOCK12/SES121/SA121S12	SES042	-3.59752	-1.28364	2.31388
BLOCK12/SES121/SA121S12	SES087	-2.51072	-0.196841	2.31388
BLOCK12/SES121/SA121S12	SES105	-1.76082	0.553058	2.31388
BLOCK12/SES121/SA121S12	SES206	-2.98552	-0.671635	2.31388
BLOCK12/SES121/SA121S14	SES007	-3.57627	-1.93453	1.64173
BLOCK12/SES121/SA121S14	SES105	-3.2982	-1.65647	1.64173
BLOCK12/SES121/SA121S14	SES106	-2.70771	-1.06598	1.64173
BLOCK12/SES121/SA121S14	SES206	-2.98766	-1.34593	1.64173
BLOCK12/SES121/SA121S23	SES105	-3.25686	-1.41703	1.83984
BLOCK12/SES121/SA121S23	SES106	-1.65933	0.180509	1.83984
BLOCK12/SES121/SA121S23	SES120	-2.57209	-0.732248	1.83984
BLOCK12/SES121/SA121S23	SES206	-2.2762	-0.436363	1.83984
BLOCK12/SES121/SA121S25	SES007	-2.45062	-0.960755	1.48987
BLOCK12/SES121/SA121S25	SES105	-3.66523	-2.17536	1.48987
BLOCK12/SES121/SA121S25	SES106	-2.05865	-0.56878	1.48987
BLOCK12/SES121/SA121S25	SES206	-3.25663	-1.76676	1.48987
BLOCK12/SES121/SA121S27	SES087	-1.0524	1.2848	2.3372
BLOCK12/SES121/SA121S27	SES105	-4.23154	-1.89434	2.3372
BLOCK12/SES121/SA121S27	SES120	-2.09699	0.240211	2.3372
BLOCK12/SES121/SA121S27	SES206	-2.21717	0.120032	2.3372
BLOCK12/SES124/SA124S16	SES042	-1.32783	2.38765	3.71549
BLOCK12/SES124/SA124S16	SES082	-2.4862	1.22929	3.71549
BLOCK12/SES124/SA124S16	SES183	-2.65023	1.06526	3.71549
BLOCK12/SES124/SA124S16	SES206	-3.3002	0.415287	3.71549
BLOCK12/SES124/SA124S17	SES105	-3.31911	-1.13032	2.18879
BLOCK12/SES124/SA124S17	SES149	-4.13341	-1.94462	2.18879
BLOCK12/SES124/SA124S17	SES158	-4.00938	-1.82059	2.18879
BLOCK12/SES124/SA124S17	SES275	-1.92295	0.265841	2.18879
BLOCK12/SES124/SA124S23	SES105	-2.92205	1.7001	4.62215
BLOCK12/SES124/SA124S23	SES125	-0.903986	3.71817	4.62215
BLOCK12/SES124/SA124S23	SES129	-3.79409	0.828057	4.62215
BLOCK12/SES124/SA124S23	SES158	-1.54332	3.07884	4.62215
BLOCK12/SES124/SA124S26	SES105	-4.0718	-0.29672	3.77508
BLOCK12/SES124/SA124S26	SES125	-2.18559	1.58948	3.77508
BLOCK12/SES124/SA124S26	SES129	-4.03563	-0.260551	3.77508
BLOCK12/SES124/SA124S26	SES158	-2.69192	1.08316	3.77508
BLOCK12/SES124/SA124S28	SES104	-1.58462	2.52867	4.11329
BLOCK12/SES124/SA124S28	SES106	-1.46942	2.64387	4.11329
BLOCK12/SES124/SA124S28	SES125	-0.791973	3.32132	4.11329
BLOCK12/SES124/SA124S28	SES275	-3.04846	1.06483	4.11329
BLOCK12/SES126/SA126S13	SES007	-1.86728	2.62618	4.49346
BLOCK12/SES126/SA126S13	SES162	-2.88673	1.60673	4.49346
BLOCK12/SES126/SA126S13	SES177	-2.05378	2.43967	4.49346
BLOCK12/SES126/SA126S13	SES180	-2.25006	2.2434	4.49346
BLOCK12/SES126/SA126S14	SES144	-1.80115	3.30212	5.10327
BLOCK12/SES126/SA126S14	SES148	-2.34827	2.755	5.10327
BLOCK12/SES126/SA126S14	SES177	-1.35192	3.75135	5.10327
BLOCK12/SES126/SA126S14	SES180	-2.87913	2.22415	5.10327
BLOCK12/SES126/SA126S20	SES007	-1.56557	3.33148	4.89705
BLOCK12/SES126/SA126S20	SES162	-2.63721	2.25984	4.89705
BLOCK12/SES126/SA126S20	SES172	-2.88899	2.00806	4.89705
BLOCK12/SES126/SA126S20	SES180	-2.62279	2.27426	4.89705
BLOCK12/SES126/SA126S24	SES120	-1.12989	4.21723	5.34712
BLOCK12/SES126/SA126S24	SES162	-1.94871	3.3984	5.34712
BLOCK12/SES126/SA126S24	SES177	-0.978924	4.36819	5.34712
BLOCK12/SES126/SA126S24	SES180	-1.35523	3.99188	5.34712
BLOCK12/SES126/SA126S26	SES120	-0.861268	3.85494	4.71621
BLOCK12/SES126/SA126S26	SES177	-1.03949	3.67672	4.71621
BLOCK12/SES126/SA126S26	SES180	-2.04616	2.67005	4.71621
BLOCK12/SES126/SA126S26	SES202	-2.75638	1.95983	4.71621
BLOCK12/SES128/SA128S10	SES087	-4.00665	0.187043	4.19369
BLOCK12/SES128/SA128S10	SES206	-2.26945	1.92423	4.19369
BLOCK12/SES128/SA128S10	SES226	-1.97863	2.21506	4.19369
BLOCK12/SES128/SA128S10	SES270	-1.9455	2.24819	4.19369
BLOCK12/SES128/SA128S12	SES120	-1.85987	1.79703	3.6569
BLOCK12/SES128/SA128S12	SES158	-2.5237	1.1332	3.6569
BLOCK12/SES128/SA128S12	SES206	-2.42185	1.23505	3.6569
BLOCK12/SES128/SA128S12	SES226	-2.08944	1.56746	3.6569
BLOCK12/SES128/SA128S21	SES106	-2.84321	0.666973	3.51018
BLOCK12/SES128/SA128S21	SES120	-3.20008	0.3101	3.51018
BLOCK12/SES128/SA128S21	SES206	-2.80116	0.709027	3.51018
BLOCK12/SES128/SA128S21	SES226	-1.95918	1.55101	3.51018
BLOCK12/SES128/SA128S24	SES087	-2.47151	1.45476	3.92627
BLOCK12/SES128/SA128S24	SES120	-1.43467	2.4916	3.92627
BLOCK12/SES128/SA128S24	SES206	-1.7831	2.14317	3.92627
BLOCK12/SES128/SA128S24	SES226	-2.4054	1.52087	3.92627
BLOCK12/SES128/SA128S27	SES099	-1.23037	3.51366	4.74404
BLOCK12/SES128/SA128S27	SES120	-1.26079	3.48325	4.74404
BLOCK12/SES128/SA128S27	SES206	-1.73755	3.00649	4.74404
BLOCK12/SES128/SA128S27	SES226	-1.8727	2.87134	4.74404
BLOCK13/SES130/SA130S13	SES143	-1.20847	2.80589	4.01436
BLOCK13/SES130/SA130S13	SES144	-1.38012	2.63424	4.01436
BLOCK13/SES130/SA130S13	SES146	-2.40782	1.60654	4.01436
BLOCK13/SES130/SA130S13	SES275	-2.79547	1.21889	4.01436
BLOCK13/SES130/SA130S15	SES143	-2.02332	3.17342	5.19673
BLOCK13/SES130/SA130S15	SES144	-0.726701	4.47003	5.19673
BLOCK13/SES130/SA130S15	SES146	-1.63313	3.56361	5.19673
BLOCK13/SES130/SA130S15	SES275	-1.75287	3.44387	5.19673
BLOCK13/SES130/SA130S23	SES127	-3.0409	0.55538	3.59628
BLOCK13/SES130/SA130S23	SES144	-2.06932	1.52697	3.59628
BLOCK13/SES130/SA130S23	SES146	-1.64338	1.9529	3.59628
BLOCK13/SES130/SA130S23	SES162	-1.48524	2.11105	3.59628
BLOCK13/SES130/SA130S25	SES127	-1.47065	3.56793	5.03858
BLOCK13/SES130/SA130S25	SES144	-1.22285	3.81573	5.03858
BLOCK13/SES130/SA130S25	SES146	-1.54226	3.49632	5.03858
BLOCK13/SES130/SA130S25	SES275	-1.18465	3.85393	5.03858
BLOCK13/SES130/SA130S28	SES127	-1.90214	2.57361	4.47575
BLOCK13/SES130/SA130S28	SES144	-1.71989	2.75586	4.47575
BLOCK13/SES130/SA130S28	SES146	-1.75088	2.72487	4.47575
BLOCK13/SES130/SA130S28	SES275	-1.04759	3.42816	4.47575
BLOCK13/SES131/SA131S13	SES002	-3.50526	-1.93251	1.57275
BLOCK13/SES131/SA131S13	SES007	-3.63444	-2.06169	1.57275
BLOCK13/SES131/SA131S13	SES099	-2.39389	-0.821145	1.57275
BLOCK13/SES131/SA131S13	SES105	-2.63923	-1.06648	1.57275
BLOCK13/SES131/SA131S14	SES104	-1.4093	2.26124	3.67055
BLOCK13/SES131/SA131S14	SES106	-1.87572	1.79482	3.67055
BLOCK13/SES131/SA131S14	SES125	-2.28822	1.38233	3.67055
BLOCK13/SES131/SA131S14	SES148	-1.65075	2.0198	3.67055
BLOCK13/SES131/SA131S20	SES104	-3.98665	-1.72506	2.26159
BLOCK13/SES131/SA131S20	SES106	-3.07456	-0.812967	2.26159
BLOCK13/SES131/SA131S20	SES125	-4.30587	-2.04428	2.26159
BLOCK13/SES131/SA131S20	SES148	-3.16983	-0.908246	2.26159
BLOCK13/SES131/SA131S22	SES099	-2.93128	0.382577	3.31386
BLOCK13/SES131/SA131S22	SES104	-3.30456	0.00929796	3.31386
BLOCK13/SES131/SA131S22	SES125	-3.52244	-0.208576	3.31386
BLOCK13/SES131/SA131S22	SES206	-3.28266	0.0311982	3.31386
BLOCK13/SES131/SA131S29	SES087	-2.89324	-0.262189	2.63106
BLOCK13/SES131/SA131S29	SES104	-3.90691	-1.27585	2.63106
BLOCK13/SES131/SA131S29	SES125	-3.88695	-1.2559	2.63106
BLOCK13/SES131/SA131S29	SES206	-3.00688	-0.37582	2.63106
BLOCK13/SES132/SA132S11	SES083	-2.88231	2.0142	4.89651
BLOCK13/SES132/SA132S11	SES120	-0.810764	4.08575	4.89651
BLOCK13/SES132/SA132S11	SES127	-2.53494	2.36157	4.89651
BLOCK13/SES132/SA132S11	SES275	-1.99995	2.89656	4.89651
BLOCK13/SES132/SA132S12	SES083	-2.92786	2.50483	5.43269
BLOCK13/SES132/SA132S12	SES143	-2.2267	3.206	5.43269
BLOCK13/SES132/SA132S12	SES144	-2.05436	3.37834	5.43269
BLOCK13/SES132/SA132S12	SES148	-1.47986	3.95283	5.43269
BLOCK13/SES132/SA132S22	SES062	-1.60574	3.43038	5.03611
BLOCK13/SES132/SA132S22	SES083	-2.65947	2.37664	5.03611
BLOCK13/SES132/SA132S22	SES127	-2.11343	2.92268	5.03611
BLOCK13/SES132/SA132S22	SES275	-1.1319	3.90422	5.03611
BLOCK13/SES132/SA132S24	SES007	-1.41715	4.58514	6.00228
BLOCK13/SES132/SA132S24	SES083	-3.27264	2.72964	6.00228
BLOCK13/SES132/SA132S24	SES127	-2.90743	3.09486	6.00228
BLOCK13/SES132/SA132S24	SES275	-1.45808	4.5442	6.00228
BLOCK13/SES132/SA132S27	SES083	-3.69795	0.772211	4.47016
BLOCK13/SES132/SA132S27	SES120	-0.696922	3.77324	4.47016
BLOCK13/SES132/SA132S27	SES127	-2.83607	1.6341	4.47016
BLOCK13/SES132/SA132S27	SES275	-2.61736	1.85281	4.47016
BLOCK14/SES141/SA141S09	SES143	-1.7798	3.49464	5.27444
BLOCK14/SES141/SA141S09	SES144	-1.76838	3.50606	5.27444
BLOCK14/SES141/SA141S09	SES162	-2.25705	3.01739	5.27444
BLOCK14/SES141/SA141S09	SES180	-1.97908	3.29536	5.27444
BLOCK14/SES141/SA141S15	SES127	-2.20586	2.78346	4.98932
BLOCK14/SES141/SA141S15	SES144	-2.42949	2.55982	4.98932
BLOCK14/SES141/SA141S15	SES162	-2.74304	2.24627	4.98932
BLOCK14/SES141/SA141S15	SES180	-1.9496	3.03972	4.98932
BLOCK14/SES141/SA141S24	SES127	-1.77326	3.31811	5.09137
BLOCK14/SES141/SA141S24	SES144	-2.14098	2.95039	5.09137
BLOCK14/SES141/SA141S24	SES162	-2.18495	2.90642	5.09137
BLOCK14/SES141/SA141S24	SES183	-1.78791	3.30346	5.09137
BLOCK14/SES141/SA141S26	SES142	-1.95203	2.90915	4.86118
BLOCK14/SES141/SA141S26	SES144	-2.94033	1.92085	4.86118
BLOCK14/SES141/SA141S26	SES172	-2.01363	2.84755	4.86118
BLOCK14/SES141/SA141S26	SES180	-2.47673	2.38444	4.86118
BLOCK14/SES141/SA141S29	SES127	-1.33828	3.68829	5.02657
BLOCK14/SES141/SA141S29	SES142	-1.0451	3.98146	5.02657
BLOCK14/SES141/SA141S29	SES144	-1.91513	3.11144	5.02657
BLOCK14/SES141/SA141S29	SES180	-1.63255	3.39402	5.02657
BLOCK15/SES157/SA157S08	SES083	-3.52554	0.638521	4.16406
BLOCK15/SES157/SA157S08	SES127	-1.85454	2.30952	4.16406
BLOCK15/SES157/SA157S08	SES148	-2.06988	2.09419	4.16406
BLOCK15/SES157/SA157S08	SES292	-3.02925	1.13482	4.16406
BLOCK15/SES157/SA157S11	SES083	-3.29227	1.10698	4.39926
BLOCK15/SES157/SA157S11	SES127	-1.908	2.49125	4.39926
BLOCK15/SES157/SA157S11	SES148	-2.38622	2.01304	4.39926
BLOCK15/SES157/SA157S11	SES292	-2.5849	1.81436	4.39926
BLOCK15/SES157/SA157S21	SES127	-1.5702	2.71786	4.28806
BLOCK15/SES157/SA157S21	SES148	-0.521768	3.7663	4.28806
BLOCK15/SES157/SA157S21	SES158	-5.68503	-1.39697	4.28806
BLOCK15/SES157/SA157S21	SES292	-2.49568	1.79238	4.28806
BLOCK15/SES157/SA157S24	SES127	-1.26221	3.20995	4.47216
BLOCK15/SES157/SA157S24	SES148	-1.55771	2.91446	4.47216
BLOCK15/SES157/SA157S24	SES183	-2.04073	2.43143	4.47216
BLOCK15/SES157/SA157S24	SES292	-2.94925	1.52291	4.47216
BLOCK15/SES157/SA157S26	SES007	-1.4582	3.19614	4.65435
BLOCK15/SES157/SA157S26	SES127	-1.59114	3.0632	4.65435
BLOCK15/SES157/SA157S26	SES147	-2.26323	2.39112	4.65435
BLOCK15/SES157/SA157S26	SES148	-1.4342	3.22014	4.65435
BLOCK16/SES161/SA161S10	SES007	-2.78195	0.254181	3.03613
BLOCK16/SES161/SA161S10	SES105	-2.19825	0.837874	3.03613
BLOCK16/SES161/SA161S10	SES158	-2.1852	0.850929	3.03613
BLOCK16/SES161/SA161S10	SES275	-1.9921	1.04403	3.03613
BLOCK16/SES161/SA161S12	SES007	-3.48702	-0.341115	3.1459
BLOCK16/SES161/SA161S12	SES105	-3.71228	-0.566375	3.1459
BLOCK16/SES161/SA161S12	SES158	-2.41725	0.728656	3.1459
BLOCK16/SES161/SA161S12	SES275	-2.45049	0.695414	3.1459
BLOCK16/SES161/SA161S20	SES007	-2.87787	-0.00829181	2.86958
BLOCK16/SES161/SA161S20	SES105	-3.60739	-0.737813	2.86958
BLOCK16/SES161/SA161S20	SES158	-1.81768	1.0519	2.86958
BLOCK16/SES161/SA161S20	SES275	-3.1979	-0.328325	2.86958
BLOCK16/SES161/SA161S23	SES007	-3.59686	0.0933977	3.69026
BLOCK16/SES161/SA161S23	SES105	-2.2218	1.46846	3.69026
BLOCK16/SES161/SA161S23	SES148	-2.6967	0.993553	3.69026
BLOCK16/SES161/SA161S23	SES158	-2.67146	1.01879	3.69026
BLOCK16/SES161/SA161S28	SES007	-3.89764	-0.437984	3.45965
BLOCK16/SES161/SA161S28	SES105	-3.94946	-0.489807	3.45965
BLOCK16/SES161/SA161S28	SES158	-1.54584	1.91382	3.45965
BLOCK16/SES161/SA161S28	SES206	-2.27707	1.18258	3.45965
BLOCK16/SES164/SA164S11	SES104	-3.33391	0.182289	3.51619
BLOCK16/SES164/SA164S11	SES125	-2.44635	1.06984	3.51619
BLOCK16/SES164/SA164S11	SES158	-1.12801	2.38818	3.51619
BLOCK16/SES164/SA164S11	SES206	-3.40497	0.111225	3.51619
BLOCK16/SES164/SA164S13	SES099	-2.77918	-0.39258	2.3866
BLOCK16/SES164/SA164S13	SES104	-2.94703	-0.560432	2.3866
BLOCK16/SES164/SA164S13	SES125	-3.41377	-1.02717	2.3866
BLOCK16/SES164/SA164S13	SES206	-3.76039	-1.37379	2.3866
BLOCK16/SES164/SA164S24	SES002	-1.3608	1.93061	3.29141
BLOCK16/SES164/SA164S24	SES099	-3.00543	0.285986	3.29141
BLOCK16/SES164/SA164S24	SES125	-3.61879	-0.327372	3.29141
BLOCK16/SES164/SA164S24	SES226	-1.12805	2.16337	3.29141
BLOCK16/SES164/SA164S27	SES087	-3.47733	-1.15019	2.32713
BLOCK16/SES164/SA164S27	SES125	-2.79543	-0.468301	2.32713
BLOCK16/SES164/SA164S27	SES206	-3.33101	-1.00387	2.32713
BLOCK16/SES164/SA164S27	SES226	-2.09736	0.229775	2.32713
BLOCK16/SES164/SA164S29	SES002	-1.17751	1.35418	2.53168
BLOCK16/SES164/SA164S29	SES019	-2.68552	-0.153834	2.53168
BLOCK16/SES164/SA164S29	SES125	-3.18795	-0.656262	2.53168
BLOCK16/SES164/SA164S29	SES226	-3.06097	-0.52929	2.53168
BLOCK16/SES169/SA169S13	SES117	-1.89656	2.18277	4.07933
BLOCK16/SES169/SA169S13	SES144	-1.77737	2.30196	4.07933
BLOCK16/SES169/SA169S13	SES146	-1.83239	2.24694	4.07933
BLOCK16/SES169/SA169S13	SES162	-1.25432	2.82502	4.07933
BLOCK16/SES169/SA169S14	SES144	-2.52511	2.79253	5.31764
BLOCK16/SES169/SA169S14	SES148	-2.21643	3.10122	5.31764
BLOCK16/SES169/SA169S14	SES177	-0.841652	4.47599	5.31764
BLOCK16/SES169/SA169S14	SES180	-2.23132	3.08632	5.31764
BLOCK16/SES169/SA169S24	SES117	-1.66296	1.67861	3.34157
BLOCK16/SES169/SA169S24	SES144	-1.63727	1.7043	3.34157
BLOCK16/SES169/SA169S24	SES146	-1.54027	1.80129	3.34157
BLOCK16/SES169/SA169S24	SES162	-2.10398	1.23758	3.34157
BLOCK16/SES169/SA169S27	SES127	-1.7385	2.47607	4.21457
BLOCK16/SES169/SA169S27	SES129	-1.67926	2.53532	4.21457
BLOCK16/SES169/SA169S27	SES144	-2.39475	1.81982	4.21457
BLOCK16/SES169/SA169S27	SES146	-1.23202	2.98256	4.21457
BLOCK16/SES169/SA169S29	SES144	-0.972683	4.05706	5.02974
BLOCK16/SES169/SA169S29	SES162	-0.810306	4.21944	5.02974
BLOCK16/SES169/SA169S29	SES177	-1.85209	3.17766	5.02974
BLOCK16/SES169/SA169S29	SES180	-1.96979	3.05995	5.02974
BLOCK17/SES171/SA171S12	SES083	-2.8792	0.74522	3.62442
BLOCK17/SES171/SA171S12	SES148	-3.15709	0.46733	3.62442
BLOCK17/SES171/SA171S12	SES172	-2.3455	1.27892	3.62442
BLOCK17/SES171/SA171S12	SES292	-4.14895	-0.524537	3.62442
BLOCK17/SES171/SA171S15	SES148	-2.15783	1.14248	3.30031
BLOCK17/SES171/SA171S15	SES177	-1.16445	2.13587	3.30031
BLOCK17/SES171/SA171S15	SES180	-3.98186	-0.681546	3.30031
BLOCK17/SES171/SA171S15	SES292	-2.7026	0.59771	3.30031
BLOCK17/SES171/SA171S22	SES007	-2.46874	2.37662	4.84535
BLOCK17/SES171/SA171S22	SES148	-1.96255	2.8828	4.84535
BLOCK17/SES171/SA171S22	SES177	-1.02111	3.82424	4.84535
BLOCK17/SES171/SA171S22	SES180	-3.27969	1.56567	4.84535
BLOCK17/SES171/SA171S25	SES101	-2.5423	1.29361	3.8359
BLOCK17/SES171/SA171S25	SES120	-4.72819	-0.892286	3.8359
BLOCK17/SES171/SA171S25	SES177	-2.1943	1.6416	3.8359
BLOCK17/SES171/SA171S25	SES180	-3.25482	0.581082	3.8359
BLOCK17/SES171/SA171S27	SES177	-1.10808	2.89434	4.00242
BLOCK17/SES171/SA171S27	SES180	-3.28555	0.716876	4.00242
BLOCK17/SES171/SA171S27	SES189	-1.32968	2.67274	4.00242
BLOCK17/SES171/SA171S27	SES292	-2.78038	1.22205	4.00242
BLOCK17/SES173/SA173S13	SES162	-4.62288	-0.0267754	4.59611
BLOCK17/SES173/SA173S13	SES177	-2.15332	2.44279	4.59611
BLOCK17/SES173/SA173S13	SES180	-4.06179	0.534314	4.59611
BLOCK17/SES173/SA173S13	SES292	-1.14498	3.45113	4.59611
BLOCK17/SES173/SA173S14	SES007	-1.93961	2.00117	3.94079
BLOCK17/SES173/SA173S14	SES162	-4.00316	-0.0623754	3.94079
BLOCK17/SES173/SA173S14	SES177	-2.02698	1.91381	3.94079
BLOCK17/SES173/SA173S14	SES180	-3.93922	0.00156429	3.94079
BLOCK17/SES173/SA173S24	SES144	-3.06945	0.713705	3.78315
BLOCK17/SES173/SA173S24	SES162	-3.50281	0.28034	3.78315
BLOCK17/SES173/SA173S24	SES177	-2.24665	1.5365	3.78315
BLOCK17/SES173/SA173S24	SES180	-4.22918	-0.446029	3.78315
BLOCK17/SES173/SA173S27	SES162	-4.70172	-0.0706175	4.6311
BLOCK17/SES173/SA173S27	SES177	-2.69798	1.93312	4.6311
BLOCK17/SES173/SA173S27	SES180	-3.44996	1.18114	4.6311
BLOCK17/SES173/SA173S27	SES292	-1.29182	3.33928	4.6311
BLOCK17/SES173/SA173S29	SES162	-3.10613	1.50633	4.61246
BLOCK17/SES173/SA173S29	SES175	-1.87739	2.73507	4.61246
BLOCK17/SES173/SA173S29	SES177	-1.2422	3.37026	4.61246
BLOCK17/SES173/SA173S29	SES292	-2.34878	2.26369	4.61246
BLOCK18/SES182/SA182S10	SES144	-2.17788	1.85525	4.03313
BLOCK18/SES182/SA182S10	SES177	-2.1969	1.83623	4.03313
BLOCK18/SES182/SA182S10	SES180	-3.72492	0.308213	4.03313
BLOCK18/SES182/SA182S10	SES275	-0.641388	3.39174	4.03313
BLOCK18/SES182/SA182S12	SES144	-1.12733	3.7981	4.92543
BLOCK18/SES182/SA182S12	SES177	-1.28088	3.64455	4.92543
BLOCK18/SES182/SA182S12	SES180	-2.22949	2.69594	4.92543
BLOCK18/SES182/SA182S12	SES275	-0.795686	4.12974	4.92543
BLOCK18/SES182/SA182S21	SES117	-2.44422	1.28897	3.73319
BLOCK18/SES182/SA182S21	SES144	-1.89046	1.84273	3.73319
BLOCK18/SES182/SA182S21	SES162	-1.71812	2.01507	3.73319
BLOCK18/SES182/SA182S21	SES180	-3.25434	0.478848	3.73319
BLOCK18/SES182/SA182S23	SES117	-2.23262	1.68394	3.91657
BLOCK18/SES182/SA182S23	SES144	-2.34513	1.57144	3.91657
BLOCK18/SES182/SA182S23	SES180	-3.57947	0.337094	3.91657
BLOCK18/SES182/SA182S23	SES275	-0.587992	3.32858	3.91657
BLOCK18/SES182/SA182S25	SES007	-0.4382	3.03478	3.47298
BLOCK18/SES182/SA182S25	SES162	-1.39272	2.08026	3.47298
BLOCK18/SES182/SA182S25	SES177	-1.39497	2.07802	3.47298
BLOCK18/SES182/SA182S25	SES180	-2.63633	0.836654	3.47298
BLOCK18/SES184/SA184S12	SES177	-2.85415	1.85685	4.71099
BLOCK18/SES184/SA184S12	SES180	-2.36285	2.34814	4.71099
BLOCK18/SES184/SA184S12	SES189	-2.28042	2.43057	4.71099
BLOCK18/SES184/SA184S12	SES292	-2.09175	2.61924	4.71099
BLOCK18/SES184/SA184S13	SES101	-2.47537	1.73476	4.21013
BLOCK18/SES184/SA184S13	SES177	-2.55816	1.65197	4.21013
BLOCK18/SES184/SA184S13	SES180	-2.6733	1.53683	4.21013
BLOCK18/SES184/SA184S13	SES292	-2.99348	1.21665	4.21013
BLOCK18/SES184/SA184S22	SES177	-2.50903	2.575	5.08403
BLOCK18/SES184/SA184S22	SES180	-2.51947	2.56456	5.08403
BLOCK18/SES184/SA184S22	SES189	-2.27227	2.81176	5.08403
BLOCK18/SES184/SA184S22	SES292	-2.48094	2.60309	5.08403
BLOCK18/SES184/SA184S25	SES101	-1.7681	3.59639	5.36449
BLOCK18/SES184/SA184S25	SES177	-2.3878	2.9767	5.36449
BLOCK18/SES184/SA184S25	SES180	-1.90232	3.46217	5.36449
BLOCK18/SES184/SA184S25	SES292	-1.91782	3.44667	5.36449
BLOCK18/SES184/SA184S27	SES083	-1.97079	1.86334	3.83413
BLOCK18/SES184/SA184S27	SES177	-1.67945	2.15468	3.83413
BLOCK18/SES184/SA184S27	SES202	-1.83047	2.00366	3.83413
BLOCK18/SES184/SA184S27	SES292	-1.74399	2.09014	3.83413
BLOCK20/SES204/SA204S12	SES062	-1.25768	3.95158	5.20926
BLOCK20/SES204/SA204S12	SES083	-3.42466	1.7846	5.20926
BLOCK20/SES204/SA204S12	SES206	-2.15025	3.05901	5.20926
BLOCK20/SES204/SA204S12	SES226	-2.79576	2.4135	5.20926
BLOCK20/SES204/SA204S14	SES068	-1.29801	4.87061	6.16862
BLOCK20/SES204/SA204S14	SES087	-0.334213	5.8344	6.16862
BLOCK20/SES204/SA204S14	SES206	-1.85236	4.31625	6.16862
BLOCK20/SES204/SA204S14	SES226	-3.15693	3.01169	6.16862
BLOCK20/SES204/SA204S22	SES068	-1.79945	3.24292	5.04237
BLOCK20/SES204/SA204S22	SES082	-3.87318	1.16919	5.04237
BLOCK20/SES204/SA204S22	SES083	-4.12362	0.918751	5.04237
BLOCK20/SES204/SA204S22	SES206	-2.18278	2.85959	5.04237
BLOCK20/SES204/SA204S25	SES062	-2.23528	2.95468	5.18996
BLOCK20/SES204/SA204S25	SES083	-3.99471	1.19525	5.18996
BLOCK20/SES204/SA204S25	SES206	-1.81842	3.37153	5.18996
BLOCK20/SES204/SA204S25	SES226	-2.66205	2.5279	5.18996
BLOCK20/SES204/SA204S27	SES068	-2.33154	2.1183	4.44983
BLOCK20/SES204/SA204S27	SES082	-3.50797	0.941864	4.44983
BLOCK20/SES204/SA204S27	SES087	-1.58284	2.867	4.44983
BLOCK20/SES204/SA204S27	SES206	-2.35426	2.09557	4.44983
BLOCK20/SES207/SA207S10	SES127	-2.64821	1.67796	4.32617
BLOCK20/SES207/SA207S10	SES183	-2.04306	2.28311	4.32617
BLOCK20/SES207/SA207S10	SES189	-2.2038	2.12237	4.32617
BLOCK20/SES207/SA207S10	SES292	-2.4129	1.91327	4.32617
BLOCK20/SES207/SA207S11	SES127	-3.26469	0.741192	4.00588
BLOCK20/SES207/SA207S11	SES183	-2.35984	1.64604	4.00588
BLOCK20/SES207/SA207S11	SES187	-2.39782	1.60806	4.00588
BLOCK20/SES207/SA207S11	SES292	-1.37898	2.6269	4.00588
BLOCK20/SES207/SA207S25	SES068	-2.36902	2.04385	4.41287
BLOCK20/SES207/SA207S25	SES083	-2.25861	2.15426	4.41287
BLOCK20/SES207/SA207S25	SES127	-1.49875	2.91412	4.41287
BLOCK20/SES207/SA207S25	SES187	-1.95576	2.4571	4.41287
BLOCK20/SES207/SA207S27	SES127	-2.79755	0.676883	3.47443
BLOCK20/SES207/SA207S27	SES183	-1.94828	1.52615	3.47443
BLOCK20/SES207/SA207S27	SES187	-2.14804	1.3264	3.47443
BLOCK20/SES207/SA207S27	SES292	-2.36199	1.11244	3.47443
BLOCK20/SES207/SA207S29	SES083	-2.75501	2.03715	4.79216
BLOCK20/SES207/SA207S29	SES085	-2.05717	2.73499	4.79216
BLOCK20/SES207/SA207S29	SES172	-1.46314	3.32902	4.79216
BLOCK20/SES207/SA207S29	SES189	-2.61975	2.17241	4.79216
BLOCK22/SES221/SA221S12	SES068	-1.09888	4.63853	5.73741
BLOCK22/SES221/SA221S12	SES143	-2.79525	2.94216	5.73741
BLOCK22/SES221/SA221S12	SES175	-1.55419	4.18321	5.73741
BLOCK22/SES221/SA221S12	SES202	-2.09739	3.64002	5.73741
BLOCK22/SES221/SA221S15	SES085	-1.65287	3.02139	4.67425
BLOCK22/SES221/SA221S15	SES143	-2.95633	1.71792	4.67425
BLOCK22/SES221/SA221S15	SES175	-1.8571	2.81715	4.67425
BLOCK22/SES221/SA221S15	SES187	-2.67789	1.99636	4.67425
BLOCK22/SES221/SA221S23	SES068	-1.0731	4.37007	5.44318
BLOCK22/SES221/SA221S23	SES143	-2.61591	2.82727	5.44318
BLOCK22/SES221/SA221S23	SES175	-1.70038	3.7428	5.44318
BLOCK22/SES221/SA221S23	SES189	-2.07602	3.36715	5.44318
BLOCK22/SES221/SA221S27	SES085	-0.270941	5.14013	5.41107
BLOCK22/SES221/SA221S27	SES143	-2.09626	3.31481	5.41107
BLOCK22/SES221/SA221S27	SES175	-1.30583	4.10524	5.41107
BLOCK22/SES221/SA221S27	SES189	-1.29609	4.11498	5.41107
BLOCK22/SES221/SA221S29	SES085	-0.890127	4.1416	5.03172
BLOCK22/SES221/SA221S29	SES143	-2.00951	3.02222	5.03172
BLOCK22/SES221/SA221S29	SES175	-0.840187	4.19154	5.03172
BLOCK22/SES221/SA221S29	SES187	-2.24519	2.78654	5.03172
BLOCK22/SES223/SA223S11	SES143	-2.25677	1.35391	3.61068
BLOCK22/SES223/SA223S11	SES144	-4.56542	-0.954746	3.61068
BLOCK22/SES223/SA223S11	SES175	-1.78472	1.82596	3.61068
BLOCK22/SES223/SA223S11	SES187	-3.43294	0.177738	3.61068
BLOCK22/SES223/SA223S13	SES068	-1.05065	2.59444	3.64509
BLOCK22/SES223/SA223S13	SES143	-3.31081	0.334284	3.64509
BLOCK22/SES223/SA223S13	SES146	-3.61924	0.0258526	3.64509
BLOCK22/SES223/SA223S13	SES202	-3.04981	0.595286	3.64509
BLOCK22/SES223/SA223S22	SES143	-2.29552	1.36397	3.65949
BLOCK22/SES223/SA223S22	SES144	-4.00165	-0.342166	3.65949
BLOCK22/SES223/SA223S22	SES175	-1.44053	2.21896	3.65949
BLOCK22/SES223/SA223S22	SES187	-2.27832	1.38116	3.65949
BLOCK22/SES223/SA223S25	SES068	-1.25506	3.41768	4.67274
BLOCK22/SES223/SA223S25	SES143	-2.93936	1.73338	4.67274
BLOCK22/SES223/SA223S25	SES175	-2.05727	2.61547	4.67274
BLOCK22/SES223/SA223S25	SES187	-3.0119	1.66084	4.67274
BLOCK22/SES223/SA223S27	SES143	-1.18067	2.33805	3.51872
BLOCK22/SES223/SA223S27	SES146	-1.71316	1.80555	3.51872
BLOCK22/SES223/SA223S27	SES187	-3.47246	0.0462533	3.51872
BLOCK22/SES223/SA223S27	SES292	-0.842357	2.67636	3.51872
BLOCK27/SES273/SA273S12	SES099	-1.34892	3.63134	4.98026
BLOCK27/SES273/SA273S12	SES104	-2.04815	2.93211	4.98026
BLOCK27/SES273/SA273S12	SES125	-2.59077	2.38948	4.98026
BLOCK27/SES273/SA273S12	SES206	-1.89208	3.08817	4.98026
BLOCK27/SES273/SA273S13	SES099	-1.97208	3.26219	5.23427
BLOCK27/SES273/SA273S13	SES104	-2.72562	2.50866	5.23427
BLOCK27/SES273/SA273S13	SES206	-2.14146	3.09281	5.23427
BLOCK27/SES273/SA273S13	SES292	-2.38409	2.85018	5.23427
BLOCK27/SES273/SA273S21	SES099	-1.26693	3.28132	4.54825
BLOCK27/SES273/SA273S21	SES148	-2.83867	1.70957	4.54825
BLOCK27/SES273/SA273S21	SES149	-2.5573	1.99095	4.54825
BLOCK27/SES273/SA273S21	SES177	-2.22664	2.32161	4.54825
BLOCK27/SES273/SA273S25	SES104	-2.63428	1.84537	4.47965
BLOCK27/SES273/SA273S25	SES125	-3.17871	1.30093	4.47965
BLOCK27/SES273/SA273S25	SES158	-1.42115	3.05849	4.47965
BLOCK27/SES273/SA273S25	SES206	-1.76571	2.71393	4.47965
BLOCK27/SES273/SA273S27	SES099	-1.31119	3.83349	5.14468
BLOCK27/SES273/SA273S27	SES104	-2.11755	3.02713	5.14468
BLOCK27/SES273/SA273S27	SES149	-1.93271	3.21197	5.14468
BLOCK27/SES273/SA273S27	SES275	-2.09484	3.04983	5.14468
BLOCK27/SES274/SA274S10	SES105	-2.599	2.38553	4.98453
BLOCK27/SES274/SA274S10	SES125	-2.9557	2.02883	4.98453
BLOCK27/SES274/SA274S10	SES129	-0.740399	4.24413	4.98453
BLOCK27/SES274/SA274S10	SES158	-3.83075	1.15377	4.98453
BLOCK27/SES274/SA274S11	SES105	-2.16164	3.12839	5.29002
BLOCK27/SES274/SA274S11	SES149	-3.04327	2.24675	5.29002
BLOCK27/SES274/SA274S11	SES158	-1.80638	3.48364	5.29002
BLOCK27/SES274/SA274S11	SES275	-1.26442	4.02561	5.29002
BLOCK27/SES274/SA274S21	SES105	-2.72029	2.66011	5.3804
BLOCK27/SES274/SA274S21	SES129	-1.1653	4.2151	5.3804
BLOCK27/SES274/SA274S21	SES149	-2.55996	2.82044	5.3804
BLOCK27/SES274/SA274S21	SES158	-4.44466	0.935739	5.3804
BLOCK27/SES274/SA274S24	SES105	-2.41797	3.15626	5.57423
BLOCK27/SES274/SA274S24	SES129	-0.87541	4.69882	5.57423
BLOCK27/SES274/SA274S24	SES149	-3.26583	2.30839	5.57423
BLOCK27/SES274/SA274S24	SES158	-5.53623	0.0379905	5.57423
BLOCK27/SES274/SA274S29	SES105	-2.37252	2.13996	4.51248
BLOCK27/SES274/SA274S29	SES106	-3.09192	1.42056	4.51248
BLOCK27/SES274/SA274S29	SES120	-1.82379	2.68869	4.51248
BLOCK27/SES274/SA274S29	SES275	-1.6677	2.84479	4.51248
BLOCK27/SES276/SA276S16	SES148	-1.71903	3.23606	4.95509
BLOCK27/SES276/SA276S16	SES172	-1.44575	3.50934	4.95509
BLOCK27/SES276/SA276S16	SES180	-3.17498	1.78011	4.95509
BLOCK27/SES276/SA276S16	SES292	-1.96021	2.99488	4.95509
BLOCK27/SES276/SA276S17	SES101	-1.8183	2.98707	4.80537
BLOCK27/SES276/SA276S17	SES177	-2.20229	2.60309	4.80537
BLOCK27/SES276/SA276S17	SES180	-2.47306	2.33231	4.80537
BLOCK27/SES276/SA276S17	SES292	-2.06306	2.74231	4.80537
BLOCK27/SES276/SA276S24	SES101	-1.34981	4.08932	5.43913
BLOCK27/SES276/SA276S24	SES177	-1.59598	3.84315	5.43913
BLOCK27/SES276/SA276S24	SES180	-2.59215	2.84698	5.43913
BLOCK27/SES276/SA276S24	SES292	-2.81832	2.62081	5.43913
BLOCK27/SES276/SA276S26	SES101	-2.33034	3.49017	5.82051
BLOCK27/SES276/SA276S26	SES177	-1.6026	4.21791	5.82051
BLOCK27/SES276/SA276S26	SES180	-1.05988	4.76063	5.82051
BLOCK27/SES276/SA276S26	SES292	-1.01799	4.80252	5.82051
BLOCK27/SES276/SA276S28	SES101	-1.66915	3.97015	5.63929
BLOCK27/SES276/SA276S28	SES177	-1.60207	4.03723	5.63929
BLOCK27/SES276/SA276S28	SES180	-0.949015	4.69028	5.63929
BLOCK27/SES276/SA276S28	SES292	-1.37764	4.26165	5.63929
BLOCK27/SES277/SA277S12	SES101	-2.25951	1.13259	3.3921
BLOCK27/SES277/SA277S12	SES177	-2.11962	1.27248	3.3921
BLOCK27/SES277/SA277S12	SES180	-4.31777	-0.925674	3.3921
BLOCK27/SES277/SA277S12	SES292	-3.88604	-0.493937	3.3921
BLOCK27/SES277/SA277S14	SES177	-1.2716	1.85303	3.12463
BLOCK27/SES277/SA277S14	SES180	-4.64546	-1.52083	3.12463
BLOCK27/SES277/SA277S14	SES189	-0.941008	2.18362	3.12463
BLOCK27/SES277/SA277S14	SES292	-3.35962	-0.23499	3.12463
BLOCK27/SES277/SA277S21	SES177	-1.02795	3.16947	4.19742
BLOCK27/SES277/SA277S21	SES180	-3.0395	1.15791	4.19742
BLOCK27/SES277/SA277S21	SES189	-0.171114	4.0263	4.19742
BLOCK27/SES277/SA277S21	SES292	-3.02474	1.17268	4.19742
BLOCK27/SES277/SA277S24	SES144	-2.64433	0.138437	2.78277
BLOCK27/SES277/SA277S24	SES177	-1.59967	1.1831	2.78277
BLOCK27/SES277/SA277S24	SES180	-4.75529	-1.97252	2.78277
BLOCK27/SES277/SA277S24	SES189	-1.05263	1.73014	2.78277
BLOCK27/SES277/SA277S29	SES177	-1.85349	3.49136	5.34484
BLOCK27/SES277/SA277S29	SES180	-3.32905	2.01579	5.34484
BLOCK27/SES277/SA277S29	SES202	-2.90458	2.44026	5.34484
BLOCK27/SES277/SA277S29	SES292	-3.38721	1.95763	5.34484
BLOCK27/SES279/SA279S09	SES120	-1.75334	2.77693	4.53026
BLOCK27/SES279/SA279S09	SES146	-2.54561	1.98465	4.53026
BLOCK27/SES279/SA279S09	SES206	-2.12793	2.40233	4.53026
BLOCK27/SES279/SA279S09	SES226	-3.42107	1.10919	4.53026
BLOCK27/SES279/SA279S10	SES099	-1.01045	3.64833	4.65878
BLOCK27/SES279/SA279S10	SES206	-1.6796	2.97918	4.65878
BLOCK27/SES279/SA279S10	SES226	-2.63285	2.02593	4.65878
BLOCK27/SES279/SA279S10	SES292	-1.12802	3.53076	4.65878
BLOCK27/SES279/SA279S20	SES099	-2.43256	1.90753	4.34009
BLOCK27/SES279/SA279S20	SES206	-1.66268	2.67741	4.34009
BLOCK27/SES279/SA279S20	SES226	-2.8205	1.51959	4.34009
BLOCK27/SES279/SA279S20	SES292	-1.00034	3.33975	4.34009
BLOCK27/SES279/SA279S26	SES099	-1.73749	2.6374	4.3749
BLOCK27/SES279/SA279S26	SES206	-1.49271	2.88218	4.3749
BLOCK27/SES279/SA279S26	SES226	-2.70573	1.66917	4.3749
BLOCK27/SES279/SA279S26	SES292	-1.26927	3.10562	4.3749
BLOCK27/SES279/SA279S28	SES099	-1.43243	4.52765	5.96008
BLOCK27/SES279/SA279S28	SES120	-1.19098	4.76911	5.96008
BLOCK27/SES279/SA279S28	SES177	-2.37542	3.58466	5.96008
BLOCK27/SES279/SA279S28	SES206	-1.40674	4.55334	5.96008
BLOCK29/SES290/SA290S12	SES162	-0.974673	4.87518	5.84985
BLOCK29/SES290/SA290S12	SES177	-0.898711	4.95114	5.84985
BLOCK29/SES290/SA290S12	SES180	-2.3376	3.51225	5.84985
BLOCK29/SES290/SA290S12	SES292	-2.40827	3.44158	5.84985
BLOCK29/SES290/SA290S13	SES007	-1.27869	4.2923	5.57099
BLOCK29/SES290/SA290S13	SES162	-2.49133	3.07966	5.57099
BLOCK29/SES290/SA290S13	SES177	-1.44101	4.12998	5.57099
BLOCK29/SES290/SA290S13	SES180	-1.85576	3.71522	5.57099
BLOCK29/SES290/SA290S22	SES177	-0.771624	4.4009	5.17252
BLOCK29/SES290/SA290S22	SES180	-1.46016	3.71237	5.17252
BLOCK29/SES290/SA290S22	SES202	-2.06119	3.11133	5.17252
BLOCK29/SES290/SA290S22	SES292	-1.91659	3.25593	5.17252
BLOCK29/SES290/SA290S25	SES162	-1.19438	4.43558	5.62997
BLOCK29/SES290/SA290S25	SES177	-1.05252	4.57745	5.62997
BLOCK29/SES290/SA290S25	SES180	-1.23796	4.39201	5.62997
BLOCK29/SES290/SA290S25	SES292	-1.18817	4.4418	5.62997
BLOCK29/SES290/SA290S29	SES177	-0.935085	4.10197	5.03706
BLOCK29/SES290/SA290S29	SES180	-1.80367	3.23339	5.03706
BLOCK29/SES290/SA290S29	SES275	-1.48239	3.55467	5.03706
BLOCK29/SES290/SA290S29	SES292	-1.84094	3.19612	5.03706
BLOCK29/SES291/SA291S11	SES105	-3.22523	0.0751439	3.30037
BLOCK29/SES291/SA291S11	SES125	-1.54595	1.75443	3.30037
BLOCK29/SES291/SA291S11	SES158	-1.91696	1.38341	3.30037
BLOCK29/SES291/SA291S11	SES275	-3.16386	0.136508	3.30037
BLOCK29/SES291/SA291S12	SES158	0.158187	3.79952	3.64134
BLOCK29/SES291/SA291S12	SES226	-2.84139	0.79995	3.64134
BLOCK29/SES291/SA291S12	SES270	-0.362856	3.27848	3.64134
BLOCK29/SES291/SA291S12	SES275	-5.03458	-1.39325	3.64134
BLOCK29/SES291/SA291S22	SES082	-1.70302	2.6181	4.32112
BLOCK29/SES291/SA291S22	SES158	-1.77364	2.54748	4.32112
BLOCK29/SES291/SA291S22	SES259	-2.60207	1.71905	4.32112
BLOCK29/SES291/SA291S22	SES275	-3.66742	0.6537	4.32112
BLOCK29/SES291/SA291S24	SES104	-0.723767	4.25603	4.9798
BLOCK29/SES291/SA291S24	SES125	-1.68265	3.29715	4.9798
BLOCK29/SES291/SA291S24	SES158	-0.792136	4.18766	4.9798
BLOCK29/SES291/SA291S24	SES275	-3.81838	1.16141	4.9798
BLOCK29/SES291/SA291S27	SES158	-0.691911	4.20021	4.89212
BLOCK29/SES291/SA291S27	SES172	-4.18718	0.704944	4.89212
BLOCK29/SES291/SA291S27	SES275	-3.95516	0.936969	4.89212
BLOCK29/SES291/SA291S27	SES292	-2.21266	2.67947	4.89212
