BLOCK00/SES002/SA002S12	SES002	1.57464	-61.1815	-62.7562
BLOCK00/SES002/SA002S13	SES002	1.4742	-62.452	-63.9262
BLOCK00/SES002/SA002S23	SES002	1.82231	-61.2952	-63.1175
BLOCK00/SES002/SA002S26	SES002	2.38005	-60.4048	-62.7849
BLOCK00/SES002/SA002S28	SES002	1.15321	-63.0588	-64.212
BLOCK00/SES007/SA007S14	SES007	1.43618	-62.4036	-63.8398
BLOCK00/SES007/SA007S15	SES007	0.896622	-64.3413	-65.238
BLOCK00/SES007/SA007S24	SES007	0.636459	-64.1258	-64.7623
BLOCK00/SES007/SA007S27	SES007	0.501503	-64.2851	-64.7866
BLOCK00/SES007/SA007S29	SES007	0.455696	-63.0901	-63.5458
BLOCK00/SES008/SA008S11	SES008	0.650223	-64.0685	-64.7187
BLOCK00/SES008/SA008S12	SES008	0.446861	-64.0452	-64.4921
BLOCK00/SES008/SA008S19	SES008	1.59417	-62.8521	-64.4463
BLOCK00/SES008/SA008S22	SES008	0.768829	-64.5011	-65.2699
BLOCK00/SES008/SA008S29	SES008	0.851856	-63.3675	-64.2194
BLOCK01/SES014/SA014S10	SES014	0.873966	-63.4677	-64.3417
BLOCK01/SES014/SA014S12	SES014	2.2901	-60.0419	-62.332
BLOCK01/SES014/SA014S24	SES014	1.42392	-61.6708	-63.0947
BLOCK01/SES014/SA014S26	SES014	2.03243	-59.3134	-61.3458
BLOCK01/SES014/SA014S28	SES014	2.16361	-61.0569	-63.2205
BLOCK01/SES016/SA016S12	SES016	0.15493	-67.2415	-67.3965
BLOCK01/SES016/SA016S13	SES016	0.476509	-66.0316	-66.5081
BLOCK01/SES016/SA016S22	SES016	-0.0799103	-66.961	-66.8811
BLOCK01/SES016/SA016S25	SES016	1.07389	-63.5345	-64.6083
BLOCK01/SES016/SA016S27	SES016	1.39054	-62.9149	-64.3055
BLOCK01/SES019/SA019S13	SES019	2.14402	-63.2379	-65.3819
BLOCK01/SES019/SA019S14	SES019	1.52826	-62.8672	-64.3955
BLOCK01/SES019/SA019S22	SES019	1.83501	-62.7401	-64.5751
BLOCK01/SES019/SA019S25	SES019	1.95398	-63.2399	-65.1939
BLOCK01/SES019/SA019S29	SES019	2.62766	-62.4145	-65.0421
BLOCK02/SES029/SA029S11	SES029	1.2122	-64.1358	-65.348
BLOCK02/SES029/SA029S12	SES029	0.870583	-63.7621	-64.6327
BLOCK02/SES029/SA029S20	SES029	0.596863	-65.7705	-66.3674
BLOCK02/SES029/SA029S25	SES029	1.01739	-63.9781	-64.9955
BLOCK02/SES029/SA029S28	SES029	0.855148	-64.165	-65.0201
BLOCK04/SES042/SA042S12	SES042	2.10193	-60.8203	-62.9222
BLOCK04/SES042/SA042S15	SES042	1.52576	-61.2976	-62.8234
BLOCK04/SES042/SA042S22	SES042	3.26073	-58.3303	-61.591
BLOCK04/SES042/SA042S25	SES042	1.52917	-61.6537	-63.1828
BLOCK04/SES042/SA042S27	SES042	2.1089	-59.8322	-61.9411
BLOCK04/SES048/SA048S11	SES048	0.814529	-62.7597	-63.5742
BLOCK04/SES048/SA048S12	SES048	0.649532	-62.3494	-62.9989
BLOCK04/SES048/SA048S20	SES048	1.02135	-62.4089	-63.4303
BLOCK04/SES048/SA048S23	SES048	1.66581	-62.8295	-64.4953
BLOCK04/SES048/SA048S27	SES048	1.1371	-61.6488	-62.7859
BLOCK06/SES060/SA060S11	SES060	0.855408	-64.5192	-65.3746
BLOCK06/SES060/SA060S12	SES060	-0.0623627	-67.0219	-66.9595
BLOCK06/SES060/SA060S22	SES060	0.0629272	-65.7004	-65.7633
BLOCK06/SES060/SA060S24	SES060	0.405228	-63.8101	-64.2153
BLOCK06/SES060/SA060S28	SES060	1.0376	-61.6232	-62.6608
BLOCK06/SES062/SA062S10	SES062	1.53682	-63.0188	-64.5556
BLOCK06/SES062/SA062S11	SES062	1.44386	-63.8726	-65.3164
BLOCK06/SES062/SA062S21	SES062	2.11357	-60.688	-62.8016
BLOCK06/SES062/SA062S26	SES062	0.887291	-62.71	-63.5973
BLOCK06/SES062/SA062S29	SES062	1.41499	-61.9373	-63.3523
BLOCK06/SES068/SA068S14	SES068	0.754326	-64.4309	-65.1852
BLOCK06/SES068/SA068S15	SES068	0.919994	-62.7447	-63.6647
BLOCK06/SES068/SA068S23	SES068	-0.117378	-65.0733	-64.9559
BLOCK06/SES068/SA068S27	SES068	1.95362	-63.3156	-65.2692
BLOCK06/SES068/SA068S29	SES068	1.12795	-63.2322	-64.3602
BLOCK08/SES082/SA082S12	SES082	0.622044	-63.0209	-63.643
BLOCK08/SES082/SA082S14	SES082	0.359772	-64.1681	-64.5279
BLOCK08/SES082/SA082S21	SES082	0.844612	-63.6175	-64.4621
BLOCK08/SES082/SA082S24	SES082	1.43727	-62.4613	-63.8986
BLOCK08/SES082/SA082S28	SES082	0.195202	-63.9159	-64.1111
BLOCK08/SES083/SA083S14	SES083	-0.245964	-65.477	-65.2311
BLOCK08/SES083/SA083S15	SES083	0.595261	-64.184	-64.7792
BLOCK08/SES083/SA083S24	SES083	0.0574799	-64.8328	-64.8903
BLOCK08/SES083/SA083S26	SES083	-0.0399628	-64.2012	-64.1612
BLOCK08/SES083/SA083S29	SES083	-0.0101242	-64.171	-64.1609
BLOCK08/SES085/SA085S10	SES085	0.690178	-64.3542	-65.0444
BLOCK08/SES085/SA085S13	SES085	0.0625153	-66.2427	-66.3053
BLOCK08/SES085/SA085S22	SES085	-1.98197	-68.1945	-66.2125
BLOCK08/SES085/SA085S26	SES085	-0.0205612	-66.4489	-66.4283
BLOCK08/SES085/SA085S28	SES085	0.27449	-64.3192	-64.5937
BLOCK08/SES087/SA087S15	SES087	1.12176	-62.1821	-63.3039
BLOCK08/SES087/SA087S16	SES087	0.988747	-62.5459	-63.5346
BLOCK08/SES087/SA087S24	SES087	1.09563	-61.9742	-63.0698
BLOCK08/SES087/SA087S26	SES087	1.32471	-60.9515	-62.2763
BLOCK08/SES087/SA087S29	SES087	1.05865	-62.3873	-63.446
BLOCK09/SES099/SA099S15	SES099	1.49053	-63.038	-64.5285
BLOCK09/SES099/SA099S16	SES099	1.29709	-62.9051	-64.2022
BLOCK09/SES099/SA099S24	SES099	1.44352	-62.2609	-63.7045
BLOCK09/SES099/SA099S26	SES099	1.63929	-62.0465	-63.6858
BLOCK09/SES099/SA099S29	SES099	1.77062	-61.6534	-63.424
BLOCK10/SES101/SA101S11	SES101	0.603889	-63.7837	-64.3876
BLOCK10/SES101/SA101S13	SES101	0.923191	-63.5182	-64.4414
BLOCK10/SES101/SA101S22	SES101	0.768791	-64.9147	-65.6834
BLOCK10/SES101/SA101S24	SES101	0.873158	-63.9017	-64.7749
BLOCK10/SES101/SA101S28	SES101	-0.722565	-66.8998	-66.1772
BLOCK10/SES104/SA104S11	SES104	1.08462	-61.6024	-62.687
BLOCK10/SES104/SA104S12	SES104	1.6266	-62.0821	-63.7087
BLOCK10/SES104/SA104S21	SES104	1.5505	-62.3742	-63.9247
BLOCK10/SES104/SA104S24	SES104	1.66441	-61.813	-63.4774
BLOCK10/SES104/SA104S28	SES104	2.03392	-61.3474	-63.3814
BLOCK10/SES105/SA105S12	SES105	0.698956	-63.9106	-64.6096
BLOCK10/SES105/SA105S13	SES105	0.408127	-63.9598	-64.3679
BLOCK10/SES105/SA105S22	SES105	0.113075	-64.5735	-64.6866
BLOCK10/SES105/SA105S26	SES105	0.722534	-64.3533	-65.0758
BLOCK10/SES105/SA105S29	SES105	0.316032	-64.5712	-64.8873
BLOCK10/SES106/SA106S09	SES106	0.683502	-64.1536	-64.8371
BLOCK10/SES106/SA106S11	SES106	1.15265	-61.7441	-62.8968
BLOCK10/SES106/SA106S22	SES106	1.95742	-62.4117	-64.3691
BLOCK10/SES106/SA106S27	SES106	0.965454	-63.0793	-64.0448
BLOCK10/SES106/SA106S29	SES106	0.690601	-62.0737	-62.7643
BLOCK11/SES117/SA117S12	SES117	0.57238	-65.6703	-66.2427
BLOCK11/SES117/SA117S13	SES117	0.34201	-65.0667	-65.4087
BLOCK11/SES117/SA117S23	SES117	2.85166	-66.7021	-69.5538
BLOCK11/SES117/SA117S25	SES117	1.24602	-65.6544	-66.9004
BLOCK11/SES117/SA117S28	SES117	1.56567	-66.3338	-67.8995
BLOCK12/SES120/SA120S08	SES120	0.348068	-65.7136	-66.0617
BLOCK12/SES120/SA120S11	SES120	0.274361	-66.821	-67.0953
BLOCK12/SES120/SA120S22	SES120	0.808792	-63.8066	-64.6154
BLOCK12/SES120/SA120S24	SES120	0.365471	-64.3666	-64.7321
BLOCK12/SES120/SA120S28	SES120	0.600609	-66.1663	-66.7669
BLOCK12/SES125/SA125S13	SES125	1.94795	-61.3308	-63.2788
BLOCK12/SES125/SA125S14	SES125	0.946503	-62.5832	-63.5297
BLOCK12/SES125/SA125S25	SES125	2.11552	-61.0707	-63.1863
BLOCK12/SES125/SA125S27	SES125	1.9449	-60.8433	-62.7882
BLOCK12/SES125/SA125S29	SES125	1.93911	-61.6445	-63.5836
BLOCK12/SES127/SA127S11	SES127	1.40133	-64.3635	-65.7648
BLOCK12/SES127/SA127S12	SES127	0.418182	-64.036	-64.4541
BLOCK12/SES127/SA127S23	SES127	0.496643	-64.6224	-65.119
BLOCK12/SES127/SA127S25	SES127	-0.112129	-65.7418	-65.6296
BLOCK12/SES127/SA127S27	SES127	0.958389	-64.6627	-65.6211
BLOCK12/SES129/SA129S11	SES129	1.54512	-62.2103	-63.7554
BLOCK12/SES129/SA129S12	SES129	1.7704	-62.0051	-63.7755
BLOCK12/SES129/SA129S22	SES129	1.11501	-62.7597	-63.8748
BLOCK12/SES129/SA129S27	SES129	1.795	-61.5963	-63.3913
BLOCK12/SES129/SA129S29	SES129	1.86939	-61.705	-63.5744
BLOCK14/SES142/SA142S11	SES142	3.1522	-64.8074	-67.9596
BLOCK14/SES142/SA142S12	SES142	2.31258	-66.2672	-68.5798
BLOCK14/SES142/SA142S24	SES142	4.01999	-64.6847	-68.7047
BLOCK14/SES142/SA142S27	SES142	2.99926	-63.9997	-66.9989
BLOCK14/SES142/SA142S29	SES142	3.14693	-64.1584	-67.3053
BLOCK14/SES143/SA143S12	SES143	1.53861	-64.9348	-66.4734
BLOCK14/SES143/SA143S13	SES143	0.688484	-65.5103	-66.1988
BLOCK14/SES143/SA143S23	SES143	1.26239	-65.7363	-66.9986
BLOCK14/SES143/SA143S25	SES143	1.37157	-65.6883	-67.0598
BLOCK14/SES143/SA143S28	SES143	1.0548	-64.6865	-65.7413
BLOCK14/SES144/SA144S09	SES144	0.549171	-63.5847	-64.1339
BLOCK14/SES144/SA144S11	SES144	1.01575	-64.7518	-65.7676
BLOCK14/SES144/SA144S21	SES144	0.15918	-64.7433	-64.9024
BLOCK14/SES144/SA144S25	SES144	0.511383	-64.5829	-65.0942
BLOCK14/SES144/SA144S29	SES144	0.406418	-64.1907	-64.5972
BLOCK14/SES146/SA146S14	SES146	0.50563	-64.1403	-64.6459
BLOCK14/SES146/SA146S15	SES146	-0.00445557	-64.7861	-64.7817
BLOCK14/SES146/SA146S24	SES146	0.0693741	-64.7306	-64.7999
BLOCK14/SES146/SA146S26	SES146	0.462509	-64.9952	-65.4577
BLOCK14/SES146/SA146S29	SES146	0.407646	-65.0756	-65.4833
BLOCK14/SES147/SA147S11	SES147	1.65585	-65.4185	-67.0744
BLOCK14/SES147/SA147S13	SES147	2.34296	-63.9573	-66.3002
BLOCK14/SES147/SA147S23	SES147	2.20692	-65.9085	-68.1154
BLOCK14/SES147/SA147S26	SES147	1.67858	-65.1605	-66.839
BLOCK14/SES147/SA147S28	SES147	2.06144	-64.3303	-66.3918
BLOCK14/SES148/SA148S10	SES148	1.01927	-62.9904	-64.0097
BLOCK14/SES148/SA148S12	SES148	0.55957	-64.4208	-64.9804
BLOCK14/SES148/SA148S22	SES148	0.789814	-63.3391	-64.1289
BLOCK14/SES148/SA148S26	SES148	0.934998	-63.8799	-64.8149
BLOCK14/SES148/SA148S29	SES148	0.505661	-64.4453	-64.951
BLOCK14/SES149/SA149S13	SES149	0.176201	-63.1769	-63.3531
BLOCK14/SES149/SA149S14	SES149	0.25605	-62.885	-63.1411
BLOCK14/SES149/SA149S24	SES149	1.20356	-62.3787	-63.5823
BLOCK14/SES149/SA149S26	SES149	1.27686	-62.1056	-63.3825
BLOCK14/SES149/SA149S28	SES149	2.15864	-61.0175	-63.1762
BLOCK15/SES158/SA158S13	SES158	1.29436	-63.2781	-64.5725
BLOCK15/SES158/SA158S14	SES158	1.97641	-62.6524	-64.6289
BLOCK15/SES158/SA158S23	SES158	1.27628	-62.9671	-64.2434
BLOCK15/SES158/SA158S26	SES158	2.10249	-62.6516	-64.7541
BLOCK15/SES158/SA158S28	SES158	1.01291	-63.4615	-64.4744
BLOCK16/SES162/SA162S10	SES162	0.615456	-64.7941	-65.4095
BLOCK16/SES162/SA162S11	SES162	1.01456	-64.615	-65.6295
BLOCK16/SES162/SA162S21	SES162	1.64765	-64.297	-65.9447
BLOCK16/SES162/SA162S24	SES162	1.49438	-64.5927	-66.087
BLOCK16/SES162/SA162S27	SES162	1.31902	-65.2056	-66.5246
BLOCK16/SES167/SA167S14	SES167	1.44579	-63.3888	-64.8346
BLOCK16/SES167/SA167S15	SES167	1.89082	-64.756	-66.6468
BLOCK16/SES167/SA167S21	SES167	1.60306	-63.6467	-65.2498
BLOCK16/SES167/SA167S25	SES167	1.6841	-64.6275	-66.3116
BLOCK16/SES167/SA167S29	SES167	2.9435	-62.6198	-65.5633
BLOCK17/SES172/SA172S12	SES172	1.3063	-64.0173	-65.3236
BLOCK17/SES172/SA172S13	SES172	1.23074	-65.3928	-66.6235
BLOCK17/SES172/SA172S23	SES172	1.18732	-63.7036	-64.8909
BLOCK17/SES172/SA172S27	SES172	1.09944	-63.9592	-65.0586
BLOCK17/SES172/SA172S29	SES172	1.7051	-64.1017	-65.8068
BLOCK17/SES175/SA175S11	SES175	1.9592	-65.1763	-67.1355
BLOCK17/SES175/SA175S13	SES175	1.17458	-64.3925	-65.5671
BLOCK17/SES175/SA175S23	SES175	2.29365	-64.5047	-66.7983
BLOCK17/SES175/SA175S25	SES175	1.15958	-66.604	-67.7636
BLOCK17/SES175/SA175S28	SES175	2.20245	-64.2854	-66.4878
BLOCK17/SES177/SA177S15	SES177	0.647514	-64.4918	-65.1393
BLOCK17/SES177/SA177S17	SES177	0.322388	-64.8111	-65.1335
BLOCK17/SES177/SA177S23	SES177	0.644371	-65.3096	-65.9539
BLOCK17/SES177/SA177S26	SES177	1.14855	-63.2042	-64.3527
BLOCK17/SES177/SA177S28	SES177	1.44895	-63.6009	-65.0498
BLOCK18/SES180/SA180S13	SES180	1.43267	-64.5968	-66.0294
BLOCK18/SES180/SA180S15	SES180	0.631905	-65.2724	-65.9043
BLOCK18/SES180/SA180S24	SES180	0.969547	-63.6295	-64.5991
BLOCK18/SES180/SA180S26	SES180	0.43721	-64.12	-64.5572
BLOCK18/SES180/SA180S29	SES180	1.5126	-65.1171	-66.6297
BLOCK18/SES183/SA183S13	SES183	0.897408	-64.7163	-65.6137
BLOCK18/SES183/SA183S14	SES183	0.686852	-64.6624	-65.3493
BLOCK18/SES183/SA183S24	SES183	1.21201	-65.1842	-66.3962
BLOCK18/SES183/SA183S27	SES183	1.00095	-63.8765	-64.8774
BLOCK18/SES183/SA183S29	SES183	1.18719	-63.4051	-64.5923
BLOCK18/SES187/SA187S13	SES187	1.39028	-65.8662	-67.2565
BLOCK18/SES187/SA187S14	SES187	1.29727	-65.8652	-67.1625
BLOCK18/SES187/SA187S24	SES187	1.47043	-65.7722	-67.2426
BLOCK18/SES187/SA187S27	SES187	1.17908	-65.3835	-66.5626
BLOCK18/SES187/SA187S29	SES187	1.30853	-65.7255	-67.034
BLOCK18/SES189/SA189S10	SES189	3.9938	-67.1723	-71.1661
BLOCK18/SES189/SA189S13	SES189	5.0612	-68.2894	-73.3506
BLOCK18/SES189/SA189S24	SES189	5.82799	-67.5808	-73.4088
BLOCK18/SES189/SA189S26	SES189	3.44624	-66.9849	-70.4311
BLOCK18/SES189/SA189S29	SES189	4.57985	-66.5189	-71.0987
BLOCK20/SES202/SA202S12	SES202	2.3347	-65.8208	-68.1555
BLOCK20/SES202/SA202S14	SES202	3.81088	-63.9205	-67.7314
BLOCK20/SES202/SA202S24	SES202	2.63393	-64.9306	-67.5645
BLOCK20/SES202/SA202S27	SES202	3.55875	-63.551	-67.1097
BLOCK20/SES202/SA202S29	SES202	4.12648	-63.4041	-67.5305
BLOCK20/SES206/SA206S15	SES206	0.810921	-62.6277	-63.4386
BLOCK20/SES206/SA206S17	SES206	1.85477	-61.1973	-63.0521
BLOCK20/SES206/SA206S24	SES206	2.11691	-61.0948	-63.2117
BLOCK20/SES206/SA206S27	SES206	1.76527	-61.6454	-63.4107
BLOCK20/SES206/SA206S29	SES206	1.7602	-60.2159	-61.9761
BLOCK22/SES226/SA226S12	SES226	1.50321	-63.2417	-64.7449
BLOCK22/SES226/SA226S13	SES226	0.147507	-63.5002	-63.6477
BLOCK22/SES226/SA226S20	SES226	1.08571	-63.1865	-64.2722
BLOCK22/SES226/SA226S23	SES226	1.10625	-62.8276	-63.9339
BLOCK22/SES226/SA226S28	SES226	1.85109	-61.8907	-63.7418
BLOCK25/SES259/SA259S13	SES259	1.88128	-61.8657	-63.7469
BLOCK25/SES259/SA259S14	SES259	1.10146	-62.2577	-63.3591
BLOCK25/SES259/SA259S22	SES259	1.03135	-61.9316	-62.9629
BLOCK25/SES259/SA259S24	SES259	1.55639	-60.5564	-62.1128
BLOCK25/SES259/SA259S28	SES259	1.47695	-61.4066	-62.8835
BLOCK27/SES270/SA270S14	SES270	1.41474	-63.1936	-64.6083
BLOCK27/SES270/SA270S16	SES270	0.841606	-63.3874	-64.229
BLOCK27/SES270/SA270S22	SES270	1.75685	-62.9852	-64.7421
BLOCK27/SES270/SA270S26	SES270	1.66119	-63.3557	-65.0169
BLOCK27/SES270/SA270S28	SES270	1.03693	-63.007	-64.044
BLOCK27/SES275/SA275S17	SES275	1.08586	-64.1861	-65.2719
BLOCK27/SES275/SA275S18	SES275	0.814568	-64.5852	-65.3998
BLOCK27/SES275/SA275S24	SES275	0.653969	-64.8163	-65.4703
BLOCK27/SES275/SA275S26	SES275	1.00247	-63.4601	-64.4625
BLOCK27/SES275/SA275S28	SES275	0.775665	-63.2144	-63.9901
BLOCK29/SES292/SA292S10	SES292	0.00708771	-65.1856	-65.1927
BLOCK29/SES292/SA292S12	SES292	-0.170647	-66.6682	-66.4975
BLOCK29/SES292/SA292S22	SES292	0.820232	-63.7076	-64.5279
BLOCK29/SES292/SA292S24	SES292	0.298203	-64.4594	-64.7577
BLOCK29/SES292/SA292S27	SES292	0.115822	-64.3386	-64.4545
BLOCK00/SES001/SA001S14	SES062	-0.38559	-65.1155	-64.7299
BLOCK00/SES001/SA001S14	SES082	-1.82879	-66.5587	-64.7299
BLOCK00/SES001/SA001S14	SES106	-2.34465	-67.0746	-64.7299
BLOCK00/SES001/SA001S14	SES206	-2.07336	-66.8033	-64.7299
BLOCK00/SES001/SA001S15	SES062	-0.743458	-64.1999	-63.4564
BLOCK00/SES001/SA001S15	SES104	-2.10344	-65.5599	-63.4564
BLOCK00/SES001/SA001S15	SES106	-2.4535	-65.9099	-63.4564
BLOCK00/SES001/SA001S15	SES206	-2.49164	-65.9481	-63.4564
BLOCK00/SES001/SA001S24	SES062	-1.63188	-67.1066	-65.4747
BLOCK00/SES001/SA001S24	SES082	-1.48112	-66.9559	-65.4747
BLOCK00/SES001/SA001S24	SES087	-3.02689	-68.5016	-65.4747
BLOCK00/SES001/SA001S24	SES206	-1.43156	-66.9063	-65.4747
BLOCK00/SES001/SA001S27	SES062	-1.49258	-64.8898	-63.3972
BLOCK00/SES001/SA001S27	SES082	-2.2136	-65.6108	-63.3972
BLOCK00/SES001/SA001S27	SES087	-3.18056	-66.5778	-63.3972
BLOCK00/SES001/SA001S27	SES206	-2.85666	-66.2539	-63.3972
BLOCK00/SES001/SA001S29	SES062	-0.842323	-66.0807	-65.2384
BLOCK00/SES001/SA001S29	SES082	-2.03699	-67.2754	-65.2384
BLOCK00/SES001/SA001S29	SES158	-1.30405	-66.5424	-65.2384
BLOCK00/SES001/SA001S29	SES206	-3.20567	-68.444	-65.2384
BLOCK00/SES003/SA003S11	SES002	-0.516499	-64.4973	-63.9808
BLOCK00/SES003/SA003S11	SES019	-1.08976	-65.0706	-63.9808
BLOCK00/SES003/SA003S11	SES082	-0.0655861	-64.0464	-63.9808
BLOCK00/SES003/SA003S11	SES125	-0.627056	-64.6079	-63.9808
BLOCK00/SES003/SA003S15	SES016	-2.77069	-66.3187	-63.548
BLOCK00/SES003/SA003S15	SES019	-0.993587	-64.5416	-63.548
BLOCK00/SES003/SA003S15	SES062	-1.63738	-65.1854	-63.548
BLOCK00/SES003/SA003S15	SES206	-0.499287	-64.0473	-63.548
BLOCK00/SES003/SA003S22	SES002	-1.81833	-65.3071	-63.4887
BLOCK00/SES003/SA003S22	SES062	-1.82597	-65.3147	-63.4887
BLOCK00/SES003/SA003S22	SES082	-0.758152	-64.2469	-63.4887
BLOCK00/SES003/SA003S22	SES087	-1.36374	-64.8525	-63.4887
BLOCK00/SES003/SA003S25	SES062	-1.83331	-66.8529	-65.0196
BLOCK00/SES003/SA003S25	SES082	0.515488	-64.5041	-65.0196
BLOCK00/SES003/SA003S25	SES087	-1.33994	-66.3595	-65.0196
BLOCK00/SES003/SA003S25	SES206	-0.582626	-65.6022	-65.0196
BLOCK00/SES003/SA003S29	SES002	-1.44093	-65.0803	-63.6394
BLOCK00/SES003/SA003S29	SES062	-1.26757	-64.907	-63.6394
BLOCK00/SES003/SA003S29	SES082	-0.460999	-64.1004	-63.6394
BLOCK00/SES003/SA003S29	SES087	-1.12521	-64.7646	-63.6394
BLOCK00/SES004/SA004S12	SES083	-0.945969	-67.8561	-66.9101
BLOCK00/SES004/SA004S12	SES148	-1.18414	-68.0942	-66.9101
BLOCK00/SES004/SA004S12	SES172	-0.916138	-67.8262	-66.9101
BLOCK00/SES004/SA004S12	SES292	-1.34576	-68.2559	-66.9101
BLOCK00/SES004/SA004S17	SES083	-1.13556	-67.4265	-66.2909
BLOCK00/SES004/SA004S17	SES162	0.0375061	-66.2534	-66.2909
BLOCK00/SES004/SA004S17	SES172	-1.08798	-67.3789	-66.2909
BLOCK00/SES004/SA004S17	SES292	-0.912682	-67.2036	-66.2909
BLOCK00/SES004/SA004S24	SES083	-0.937996	-67.1282	-66.1902
BLOCK00/SES004/SA004S24	SES148	-1.14331	-67.3336	-66.1902
BLOCK00/SES004/SA004S24	SES172	-0.495399	-66.6856	-66.1902
BLOCK00/SES004/SA004S24	SES292	-0.849922	-67.0402	-66.1902
BLOCK00/SES004/SA004S26	SES083	-0.449112	-66.5964	-66.1473
BLOCK00/SES004/SA004S26	SES127	-0.149658	-66.297	-66.1473
BLOCK00/SES004/SA004S26	SES148	-1.15304	-67.3003	-66.1473
BLOCK00/SES004/SA004S26	SES292	-1.20875	-67.356	-66.1473
BLOCK00/SES004/SA004S28	SES083	-0.784927	-67.0838	-66.2988
BLOCK00/SES004/SA004S28	SES127	-1.20156	-67.5004	-66.2988
BLOCK00/SES004/SA004S28	SES187	-0.0548019	-66.3536	-66.2988
BLOCK00/SES004/SA004S28	SES292	-1.34619	-67.645	-66.2988
BLOCK00/SES006/SA006S10	SES014	-1.66103	-67.5049	-65.8438
BLOCK00/SES006/SA006S10	SES158	-0.0995255	-65.9434	-65.8438
BLOCK00/SES006/SA006S10	SES226	-1.69646	-67.5403	-65.8438
BLOCK00/SES006/SA006S10	SES270	0.029068	-65.8148	-65.8438
BLOCK00/SES006/SA006S11	SES158	-0.131897	-65.8038	-65.6719
BLOCK00/SES006/SA006S11	SES226	-1.36492	-67.0368	-65.6719
BLOCK00/SES006/SA006S11	SES270	-0.180023	-65.8519	-65.6719
BLOCK00/SES006/SA006S11	SES275	-2.3375	-68.0094	-65.6719
BLOCK00/SES006/SA006S23	SES062	-1.95528	-65.8533	-63.898
BLOCK00/SES006/SA006S23	SES105	-1.51322	-65.4112	-63.898
BLOCK00/SES006/SA006S23	SES158	-0.515308	-64.4133	-63.898
BLOCK00/SES006/SA006S23	SES275	-1.72962	-65.6276	-63.898
BLOCK00/SES006/SA006S26	SES104	-0.723999	-64.6584	-63.9344
BLOCK00/SES006/SA006S26	SES158	0.208042	-63.7264	-63.9344
BLOCK00/SES006/SA006S26	SES270	0.355766	-63.5786	-63.9344
BLOCK00/SES006/SA006S26	SES275	-1.77278	-65.7072	-63.9344
BLOCK00/SES006/SA006S28	SES007	-1.45013	-66.9977	-65.5475
BLOCK00/SES006/SA006S28	SES105	-1.22634	-66.7739	-65.5475
BLOCK00/SES006/SA006S28	SES158	-0.558136	-66.1057	-65.5475
BLOCK00/SES006/SA006S28	SES275	-2.2161	-67.7636	-65.5475
BLOCK00/SES009/SA009S12	SES083	-1.1125	-65.2532	-64.1407
BLOCK00/SES009/SA009S12	SES148	-0.29525	-64.436	-64.1407
BLOCK00/SES009/SA009S12	SES177	-1.56922	-65.7099	-64.1407
BLOCK00/SES009/SA009S12	SES292	0.172371	-63.9683	-64.1407
BLOCK00/SES009/SA009S15	SES007	1.26755	-62.0548	-63.3224
BLOCK00/SES009/SA009S15	SES099	-5.17941	-68.5018	-63.3224
BLOCK00/SES009/SA009S15	SES148	-0.51265	-63.835	-63.3224
BLOCK00/SES009/SA009S15	SES172	-1.31638	-64.6387	-63.3224
BLOCK00/SES009/SA009S24	SES146	-0.52243	-64.5413	-64.0188
BLOCK00/SES009/SA009S24	SES148	-0.36528	-64.3841	-64.0188
BLOCK00/SES009/SA009S24	SES177	-1.05537	-65.0742	-64.0188
BLOCK00/SES009/SA009S24	SES292	0.216648	-63.8022	-64.0188
BLOCK00/SES009/SA009S26	SES083	-1.36801	-65.3188	-63.9508
BLOCK00/SES009/SA009S26	SES101	-1.15629	-65.1071	-63.9508
BLOCK00/SES009/SA009S26	SES120	-0.376598	-64.3274	-63.9508
BLOCK00/SES009/SA009S26	SES177	-1.6614	-65.6122	-63.9508
BLOCK00/SES009/SA009S29	SES083	-0.624058	-63.8564	-63.2324
BLOCK00/SES009/SA009S29	SES101	-0.490013	-63.7224	-63.2324
BLOCK00/SES009/SA009S29	SES177	-1.26361	-64.496	-63.2324
BLOCK00/SES009/SA009S29	SES292	0.198139	-63.0342	-63.2324
BLOCK01/SES011/SA011S10	SES019	0.111664	-63.8339	-63.9455
BLOCK01/SES011/SA011S10	SES042	0.58366	-63.3619	-63.9455
BLOCK01/SES011/SA011S10	SES082	-0.629044	-64.5746	-63.9455
BLOCK01/SES011/SA011S10	SES206	0.762291	-63.1833	-63.9455
BLOCK01/SES011/SA011S11	SES019	-0.489975	-65.3008	-64.8108
BLOCK01/SES011/SA011S11	SES042	-0.0223846	-64.8332	-64.8108
BLOCK01/SES011/SA011S11	SES082	-0.904343	-65.7151	-64.8108
BLOCK01/SES011/SA011S11	SES206	0.731598	-64.0792	-64.8108
BLOCK01/SES011/SA011S22	SES019	-0.103935	-64.6367	-64.5328
BLOCK01/SES011/SA011S22	SES042	0.045433	-64.4873	-64.5328
BLOCK01/SES011/SA011S22	SES082	-0.634491	-65.1673	-64.5328
BLOCK01/SES011/SA011S22	SES206	-0.114914	-64.6477	-64.5328
BLOCK01/SES011/SA011S24	SES019	-0.220055	-63.844	-63.624
BLOCK01/SES011/SA011S24	SES042	0.522419	-63.1016	-63.624
BLOCK01/SES011/SA011S24	SES104	0.0138893	-63.6101	-63.624
BLOCK01/SES011/SA011S24	SES206	0.775841	-62.8481	-63.624
BLOCK01/SES011/SA011S27	SES082	-0.0372391	-63.8281	-63.7909
BLOCK01/SES011/SA011S27	SES087	-1.02118	-64.8121	-63.7909
BLOCK01/SES011/SA011S27	SES125	0.0919685	-63.6989	-63.7909
BLOCK01/SES011/SA011S27	SES206	0.0313568	-63.7595	-63.7909
BLOCK01/SES012/SA012S11	SES007	-1.87992	-64.1587	-62.2787
BLOCK01/SES012/SA012S11	SES082	-0.21175	-62.4905	-62.2787
BLOCK01/SES012/SA012S11	SES083	-1.61544	-63.8942	-62.2787
BLOCK01/SES012/SA012S11	SES206	0.478928	-61.7998	-62.2787
BLOCK01/SES012/SA012S14	SES082	-0.0853043	-63.225	-63.1397
BLOCK01/SES012/SA012S14	SES087	-0.553318	-63.693	-63.1397
BLOCK01/SES012/SA012S14	SES206	0.203083	-62.9366	-63.1397
BLOCK01/SES012/SA012S14	SES292	-1.83723	-64.9769	-63.1397
BLOCK01/SES012/SA012S24	SES082	0.171062	-63.3056	-63.4767
BLOCK01/SES012/SA012S24	SES087	-0.332516	-63.8092	-63.4767
BLOCK01/SES012/SA012S24	SES120	-2.98418	-66.4609	-63.4767
BLOCK01/SES012/SA012S24	SES206	-0.0939903	-63.5707	-63.4767
BLOCK01/SES012/SA012S26	SES019	-1.00711	-63.8854	-62.8783
BLOCK01/SES012/SA012S26	SES082	-0.206352	-63.0847	-62.8783
BLOCK01/SES012/SA012S26	SES206	0.799305	-62.079	-62.8783
BLOCK01/SES012/SA012S26	SES292	-2.25279	-65.1311	-62.8783
BLOCK01/SES012/SA012S29	SES062	-1.86955	-64.7258	-62.8563
BLOCK01/SES012/SA012S29	SES082	0.0878296	-62.7684	-62.8563
BLOCK01/SES012/SA012S29	SES083	-1.69849	-64.5548	-62.8563
BLOCK01/SES012/SA012S29	SES206	0.597698	-62.2586	-62.8563
BLOCK01/SES013/SA013S16	SES062	-2.71509	-66.4656	-63.7505
BLOCK01/SES013/SA013S16	SES106	0.0618553	-63.6886	-63.7505
BLOCK01/SES013/SA013S16	SES206	-0.207264	-63.9578	-63.7505
BLOCK01/SES013/SA013S16	SES226	-0.340206	-64.0907	-63.7505
BLOCK01/SES013/SA013S17	SES062	-2.38807	-65.4567	-63.0686
BLOCK01/SES013/SA013S17	SES106	0.161785	-62.9068	-63.0686
BLOCK01/SES013/SA013S17	SES206	0.776775	-62.2918	-63.0686
BLOCK01/SES013/SA013S17	SES226	0.227116	-62.8415	-63.0686
BLOCK01/SES013/SA013S23	SES104	-0.832996	-64.4743	-63.6413
BLOCK01/SES013/SA013S23	SES106	0.513519	-63.1277	-63.6413
BLOCK01/SES013/SA013S23	SES206	-0.401768	-64.043	-63.6413
BLOCK01/SES013/SA013S23	SES270	0.473259	-63.168	-63.6413
BLOCK01/SES013/SA013S25	SES042	-0.17783	-63.2346	-63.0568
BLOCK01/SES013/SA013S25	SES104	-0.542393	-63.5992	-63.0568
BLOCK01/SES013/SA013S25	SES106	0.682381	-62.3744	-63.0568
BLOCK01/SES013/SA013S25	SES206	0.172848	-62.8839	-63.0568
BLOCK01/SES013/SA013S29	SES062	-2.8772	-66.2854	-63.4082
BLOCK01/SES013/SA013S29	SES104	-0.671768	-64.0799	-63.4082
BLOCK01/SES013/SA013S29	SES106	0.517799	-62.8904	-63.4082
BLOCK01/SES013/SA013S29	SES206	-0.241077	-63.6492	-63.4082
BLOCK02/SES021/SA021S13	SES016	-3.0155	-66.034	-63.0185
BLOCK02/SES021/SA021S13	SES029	-2.60273	-65.6212	-63.0185
BLOCK02/SES021/SA021S13	SES087	-0.535912	-63.5544	-63.0185
BLOCK02/SES021/SA021S13	SES206	-0.283089	-63.3016	-63.0185
BLOCK02/SES021/SA021S15	SES087	-0.167435	-62.0331	-61.8657
BLOCK02/SES021/SA021S15	SES125	1.09436	-60.7713	-61.8657
BLOCK02/SES021/SA021S15	SES206	0.808357	-61.0573	-61.8657
BLOCK02/SES021/SA021S15	SES226	0.0536041	-61.812	-61.8657
BLOCK02/SES021/SA021S23	SES062	-1.95922	-66.392	-64.4328
BLOCK02/SES021/SA021S23	SES087	-0.617569	-65.0503	-64.4328
BLOCK02/SES021/SA021S23	SES206	-0.203506	-64.6363	-64.4328
BLOCK02/SES021/SA021S23	SES226	0.032486	-64.4003	-64.4328
BLOCK02/SES021/SA021S27	SES002	-1.52438	-64.9059	-63.3815
BLOCK02/SES021/SA021S27	SES016	-2.93549	-66.317	-63.3815
BLOCK02/SES021/SA021S27	SES019	-1.10274	-64.4842	-63.3815
BLOCK02/SES021/SA021S27	SES062	-1.35402	-64.7355	-63.3815
BLOCK02/SES021/SA021S29	SES087	-0.194752	-62.9705	-62.7758
BLOCK02/SES021/SA021S29	SES125	0.851589	-61.9242	-62.7758
BLOCK02/SES021/SA021S29	SES206	0.256557	-62.5192	-62.7758
BLOCK02/SES021/SA021S29	SES226	-0.503929	-63.2797	-62.7758
BLOCK04/SES043/SA043S09	SES083	-1.0279	-67.1375	-66.1096
BLOCK04/SES043/SA043S09	SES101	-1.83882	-67.9485	-66.1096
BLOCK04/SES043/SA043S09	SES144	-0.297462	-66.4071	-66.1096
BLOCK04/SES043/SA043S09	SES172	-2.51764	-68.6273	-66.1096
BLOCK04/SES043/SA043S11	SES083	-0.701004	-64.9089	-64.2079
BLOCK04/SES043/SA043S11	SES101	-0.978195	-65.1861	-64.2079
BLOCK04/SES043/SA043S11	SES144	-0.412712	-64.6206	-64.2079
BLOCK04/SES043/SA043S11	SES172	-1.31546	-65.5234	-64.2079
BLOCK04/SES043/SA043S23	SES083	-0.466858	-65.8803	-65.4135
BLOCK04/SES043/SA043S23	SES144	0.376671	-65.0368	-65.4135
BLOCK04/SES043/SA043S23	SES177	-1.66283	-67.0763	-65.4135
BLOCK04/SES043/SA043S23	SES275	-0.405899	-65.8194	-65.4135
BLOCK04/SES043/SA043S26	SES083	-0.153343	-64.2231	-64.0697
BLOCK04/SES043/SA043S26	SES101	-1.18803	-65.2578	-64.0697
BLOCK04/SES043/SA043S26	SES144	-0.151367	-64.2211	-64.0697
BLOCK04/SES043/SA043S26	SES177	-0.79937	-64.8691	-64.0697
BLOCK04/SES043/SA043S28	SES016	-0.504463	-64.7135	-64.209
BLOCK04/SES043/SA043S28	SES083	-0.250595	-64.4596	-64.209
BLOCK04/SES043/SA043S28	SES101	-0.560699	-64.7697	-64.209
BLOCK04/SES043/SA043S28	SES144	-0.290695	-64.4997	-64.209
BLOCK04/SES044/SA044S10	SES127	-1.66421	-69.194	-67.5298
BLOCK04/SES044/SA044S10	SES144	-0.398575	-67.9284	-67.5298
BLOCK04/SES044/SA044S10	SES147	-1.74825	-69.2781	-67.5298
BLOCK04/SES044/SA044S10	SES148	-1.70106	-69.2309	-67.5298
BLOCK04/SES044/SA044S11	SES101	-1.35767	-68.1789	-66.8213
BLOCK04/SES044/SA044S11	SES144	-0.171196	-66.9925	-66.8213
BLOCK04/SES044/SA044S11	SES147	-1.3757	-68.197	-66.8213
BLOCK04/SES044/SA044S11	SES177	-1.22945	-68.0507	-66.8213
BLOCK04/SES044/SA044S24	SES007	-1.03804	-66.7525	-65.7144
BLOCK04/SES044/SA044S24	SES101	-1.0672	-66.7816	-65.7144
BLOCK04/SES044/SA044S24	SES147	-1.67902	-67.3935	-65.7144
BLOCK04/SES044/SA044S24	SES177	-1.92527	-67.6397	-65.7144
BLOCK04/SES044/SA044S26	SES007	-0.677689	-66.2624	-65.5847
BLOCK04/SES044/SA044S26	SES016	-0.506561	-66.0912	-65.5847
BLOCK04/SES044/SA044S26	SES101	-0.959412	-66.5441	-65.5847
BLOCK04/SES044/SA044S26	SES147	-0.247803	-65.8325	-65.5847
BLOCK04/SES044/SA044S29	SES007	-0.820763	-65.818	-64.9972
BLOCK04/SES044/SA044S29	SES101	-0.186523	-65.1837	-64.9972
BLOCK04/SES044/SA044S29	SES147	-0.229462	-65.2267	-64.9972
BLOCK04/SES044/SA044S29	SES177	-0.659416	-65.6566	-64.9972
BLOCK04/SES046/SA046S13	SES101	-2.1507	-69.8655	-67.7148
BLOCK04/SES046/SA046S13	SES144	0.0208817	-67.6939	-67.7148
BLOCK04/SES046/SA046S13	SES147	-1.23331	-68.9481	-67.7148
BLOCK04/SES046/SA046S13	SES177	-0.280708	-67.9955	-67.7148
BLOCK04/SES046/SA046S15	SES048	-2.62207	-67.8334	-65.2113
BLOCK04/SES046/SA046S15	SES083	-0.604927	-65.8162	-65.2113
BLOCK04/SES046/SA046S15	SES120	-0.99028	-66.2016	-65.2113
BLOCK04/SES046/SA046S15	SES148	-1.0719	-66.2832	-65.2113
BLOCK04/SES046/SA046S22	SES101	-1.43271	-67.9296	-66.4969
BLOCK04/SES046/SA046S22	SES144	-0.519669	-67.0166	-66.4969
BLOCK04/SES046/SA046S22	SES147	-0.273109	-66.77	-66.4969
BLOCK04/SES046/SA046S22	SES172	-0.439133	-66.936	-66.4969
BLOCK04/SES046/SA046S25	SES083	-0.9244	-66.7129	-65.7885
BLOCK04/SES046/SA046S25	SES127	-0.782341	-66.5709	-65.7885
BLOCK04/SES046/SA046S25	SES144	-1.06245	-66.851	-65.7885
BLOCK04/SES046/SA046S25	SES148	-0.878487	-66.667	-65.7885
BLOCK04/SES046/SA046S28	SES007	-1.18722	-68.1647	-66.9775
BLOCK04/SES046/SA046S28	SES105	-1.10689	-68.0844	-66.9775
BLOCK04/SES046/SA046S28	SES147	-0.701721	-67.6792	-66.9775
BLOCK04/SES046/SA046S28	SES148	0.200081	-66.7774	-66.9775
BLOCK04/SES049/SA049S16	SES104	-0.0342712	-64.9124	-64.8781
BLOCK04/SES049/SA049S16	SES106	-0.37204	-65.2502	-64.8781
BLOCK04/SES049/SA049S16	SES120	-2.54864	-67.4268	-64.8781
BLOCK04/SES049/SA049S16	SES206	-0.244934	-65.1231	-64.8781
BLOCK04/SES049/SA049S18	SES099	-0.326973	-65.6107	-65.2838
BLOCK04/SES049/SA049S18	SES104	-0.874924	-66.1587	-65.2838
BLOCK04/SES049/SA049S18	SES125	-1.12941	-66.4132	-65.2838
BLOCK04/SES049/SA049S18	SES206	-0.175575	-65.4593	-65.2838
BLOCK04/SES049/SA049S25	SES087	-0.574471	-65.2426	-64.6681
BLOCK04/SES049/SA049S25	SES104	0.430153	-64.238	-64.6681
BLOCK04/SES049/SA049S25	SES125	-0.392044	-65.0602	-64.6681
BLOCK04/SES049/SA049S25	SES206	0.471359	-64.1968	-64.6681
BLOCK04/SES049/SA049S27	SES099	-0.0450325	-64.0209	-63.9758
BLOCK04/SES049/SA049S27	SES104	0.29768	-63.6782	-63.9758
BLOCK04/SES049/SA049S27	SES125	-0.281796	-64.2576	-63.9758
BLOCK04/SES049/SA049S27	SES206	-0.358692	-64.3345	-63.9758
BLOCK04/SES049/SA049S29	SES099	0.351009	-63.0059	-63.3569
BLOCK04/SES049/SA049S29	SES104	0.658775	-62.6981	-63.3569
BLOCK04/SES049/SA049S29	SES125	-0.19265	-63.5496	-63.3569
BLOCK04/SES049/SA049S29	SES206	0.363525	-62.9934	-63.3569
BLOCK06/SES063/SA063S09	SES068	-1.23416	-65.9811	-64.7469
BLOCK06/SES063/SA063S09	SES083	-0.324249	-65.0712	-64.7469
BLOCK06/SES063/SA063S09	SES177	0.291153	-64.4558	-64.7469
BLOCK06/SES063/SA063S09	SES187	0.686066	-64.0609	-64.7469
BLOCK06/SES063/SA063S10	SES068	-0.454567	-66.0165	-65.5619
BLOCK06/SES063/SA063S10	SES083	0.205872	-65.3561	-65.5619
BLOCK06/SES063/SA063S10	SES172	0.907745	-64.6542	-65.5619
BLOCK06/SES063/SA063S10	SES187	0.790482	-64.7715	-65.5619
BLOCK06/SES063/SA063S20	SES068	-1.08591	-67.1779	-66.092
BLOCK06/SES063/SA063S20	SES083	-0.247124	-66.3391	-66.092
BLOCK06/SES063/SA063S20	SES172	0.390427	-65.7016	-66.092
BLOCK06/SES063/SA063S20	SES187	1.39609	-64.6959	-66.092
BLOCK06/SES063/SA063S24	SES029	-0.111664	-64.7244	-64.6127
BLOCK06/SES063/SA063S24	SES083	0.397095	-64.2156	-64.6127
BLOCK06/SES063/SA063S24	SES177	0.505135	-64.1076	-64.6127
BLOCK06/SES063/SA063S24	SES189	-0.360069	-64.9728	-64.6127
BLOCK06/SES063/SA063S27	SES083	-0.454498	-66.3665	-65.912
BLOCK06/SES063/SA063S27	SES172	0.317039	-65.5949	-65.912
BLOCK06/SES063/SA063S27	SES187	-0.0181503	-65.9301	-65.912
BLOCK06/SES063/SA063S27	SES292	-0.887199	-66.7992	-65.912
BLOCK06/SES067/SA067S12	SES083	-0.595566	-65.7615	-65.166
BLOCK06/SES067/SA067S12	SES172	-0.88382	-66.0498	-65.166
BLOCK06/SES067/SA067S12	SES202	1.40606	-63.7599	-65.166
BLOCK06/SES067/SA067S12	SES292	-0.875839	-66.0418	-65.166
BLOCK06/SES067/SA067S14	SES085	-0.920761	-65.8307	-64.9099
BLOCK06/SES067/SA067S14	SES177	-0.907379	-65.8173	-64.9099
BLOCK06/SES067/SA067S14	SES183	-0.658539	-65.5684	-64.9099
BLOCK06/SES067/SA067S14	SES202	0.827599	-64.0823	-64.9099
BLOCK06/SES067/SA067S21	SES144	-0.0115128	-66.9114	-66.8999
BLOCK06/SES067/SA067S21	SES177	-0.987946	-67.8878	-66.8999
BLOCK06/SES067/SA067S21	SES183	-2.034	-68.9339	-66.8999
BLOCK06/SES067/SA067S21	SES189	0.533531	-66.3663	-66.8999
BLOCK06/SES067/SA067S25	SES085	-0.140999	-66.1606	-66.0196
BLOCK06/SES067/SA067S25	SES177	-0.124969	-66.1446	-66.0196
BLOCK06/SES067/SA067S25	SES183	-0.27755	-66.2972	-66.0196
BLOCK06/SES067/SA067S25	SES202	1.43107	-64.5886	-66.0196
BLOCK06/SES067/SA067S29	SES085	0.104408	-65.7567	-65.8611
BLOCK06/SES067/SA067S29	SES177	0.012352	-65.8487	-65.8611
BLOCK06/SES067/SA067S29	SES183	0.24778	-65.6133	-65.8611
BLOCK06/SES067/SA067S29	SES202	1.87008	-63.991	-65.8611
BLOCK06/SES069/SA069S12	SES029	-1.84226	-65.4506	-63.6083
BLOCK06/SES069/SA069S12	SES082	-0.259838	-63.8681	-63.6083
BLOCK06/SES069/SA069S12	SES087	-0.958023	-64.5663	-63.6083
BLOCK06/SES069/SA069S12	SES206	-0.320858	-63.9292	-63.6083
BLOCK06/SES069/SA069S13	SES029	-1.99586	-65.665	-63.6692
BLOCK06/SES069/SA069S13	SES087	-1.61531	-65.2845	-63.6692
BLOCK06/SES069/SA069S13	SES206	-1.55147	-65.2206	-63.6692
BLOCK06/SES069/SA069S13	SES226	-1.21641	-64.8856	-63.6692
BLOCK06/SES069/SA069S23	SES029	-0.720875	-63.3315	-62.6106
BLOCK06/SES069/SA069S23	SES087	-0.687538	-63.2981	-62.6106
BLOCK06/SES069/SA069S23	SES206	-0.115761	-62.7263	-62.6106
BLOCK06/SES069/SA069S23	SES226	0.377968	-62.2326	-62.6106
BLOCK06/SES069/SA069S25	SES087	-0.710949	-63.0573	-62.3464
BLOCK06/SES069/SA069S25	SES206	-0.690922	-63.0373	-62.3464
BLOCK06/SES069/SA069S25	SES226	-0.317848	-62.6642	-62.3464
BLOCK06/SES069/SA069S25	SES270	-0.520279	-62.8666	-62.3464
BLOCK06/SES069/SA069S27	SES087	-0.784657	-63.4793	-62.6946
BLOCK06/SES069/SA069S27	SES206	0.475368	-62.2193	-62.6946
BLOCK06/SES069/SA069S27	SES226	0.263119	-62.4315	-62.6946
BLOCK06/SES069/SA069S27	SES270	-0.00311661	-62.6978	-62.6946
BLOCK08/SES081/SA081S11	SES060	-0.457893	-66.6512	-66.1933
BLOCK08/SES081/SA081S11	SES062	-2.35016	-68.5435	-66.1933
BLOCK08/SES081/SA081S11	SES117	-0.800598	-66.9939	-66.1933
BLOCK08/SES081/SA081S11	SES162	0.233078	-65.9602	-66.1933
BLOCK08/SES081/SA081S13	SES016	-0.326965	-64.6109	-64.2839
BLOCK08/SES081/SA081S13	SES060	0.434517	-63.8494	-64.2839
BLOCK08/SES081/SA081S13	SES068	0.195763	-64.0881	-64.2839
BLOCK08/SES081/SA081S13	SES129	-1.20596	-65.4899	-64.2839
BLOCK08/SES081/SA081S24	SES060	0.0643387	-65.3561	-65.4204
BLOCK08/SES081/SA081S24	SES068	-0.565804	-65.9862	-65.4204
BLOCK08/SES081/SA081S24	SES117	-0.792297	-66.2127	-65.4204
BLOCK08/SES081/SA081S24	SES275	-1.5592	-66.9796	-65.4204
BLOCK08/SES081/SA081S27	SES007	-0.990532	-66.3962	-65.4057
BLOCK08/SES081/SA081S27	SES060	-0.94883	-66.3545	-65.4057
BLOCK08/SES081/SA081S27	SES117	-0.48484	-65.8905	-65.4057
BLOCK08/SES081/SA081S27	SES275	-1.58716	-66.9928	-65.4057
BLOCK08/SES081/SA081S29	SES007	-0.63208	-65.674	-65.0419
BLOCK08/SES081/SA081S29	SES060	-0.1493	-65.1912	-65.0419
BLOCK08/SES081/SA081S29	SES117	-0.170929	-65.2129	-65.0419
BLOCK08/SES081/SA081S29	SES275	-1.49947	-66.5414	-65.0419
BLOCK08/SES086/SA086S11	SES029	-3.4074	-68.359	-64.9516
BLOCK08/SES086/SA086S11	SES082	-0.236938	-65.1885	-64.9516
BLOCK08/SES086/SA086S11	SES087	-0.399391	-65.351	-64.9516
BLOCK08/SES086/SA086S11	SES206	-0.292664	-65.2443	-64.9516
BLOCK08/SES086/SA086S12	SES029	-2.79552	-67.1019	-64.3063
BLOCK08/SES086/SA086S12	SES082	-0.53653	-64.8429	-64.3063
BLOCK08/SES086/SA086S12	SES087	0.316685	-63.9897	-64.3063
BLOCK08/SES086/SA086S12	SES206	0.240265	-64.0661	-64.3063
BLOCK08/SES086/SA086S20	SES029	-2.95187	-66.1672	-63.2153
BLOCK08/SES086/SA086S20	SES082	-0.222454	-63.4378	-63.2153
BLOCK08/SES086/SA086S20	SES087	0.217705	-62.9976	-63.2153
BLOCK08/SES086/SA086S20	SES206	1.05979	-62.1555	-63.2153
BLOCK08/SES086/SA086S24	SES087	0.810085	-63.4943	-64.3044
BLOCK08/SES086/SA086S24	SES104	0.347633	-63.9567	-64.3044
BLOCK08/SES086/SA086S24	SES120	-2.52676	-66.8311	-64.3044
BLOCK08/SES086/SA086S24	SES206	1.34417	-62.9602	-64.3044
BLOCK08/SES086/SA086S28	SES029	-2.32278	-65.4609	-63.1381
BLOCK08/SES086/SA086S28	SES082	0.0117111	-63.1264	-63.1381
BLOCK08/SES086/SA086S28	SES087	0.372471	-62.7656	-63.1381
BLOCK08/SES086/SA086S28	SES206	0.81284	-62.3253	-63.1381
BLOCK08/SES089/SA089S13	SES087	-1.17805	-65.4505	-64.2725
BLOCK08/SES089/SA089S13	SES206	-0.847389	-65.1199	-64.2725
BLOCK08/SES089/SA089S13	SES226	-0.219841	-64.4923	-64.2725
BLOCK08/SES089/SA089S13	SES270	-0.899208	-65.1717	-64.2725
BLOCK08/SES089/SA089S14	SES062	-1.55038	-64.7653	-63.2149
BLOCK08/SES089/SA089S14	SES087	-0.161945	-63.3768	-63.2149
BLOCK08/SES089/SA089S14	SES206	-0.219139	-63.434	-63.2149
BLOCK08/SES089/SA089S14	SES226	-0.0939293	-63.3088	-63.2149
BLOCK08/SES089/SA089S23	SES087	-0.720673	-66.217	-65.4964
BLOCK08/SES089/SA089S23	SES206	-0.861977	-66.3583	-65.4964
BLOCK08/SES089/SA089S23	SES226	-0.185387	-65.6818	-65.4964
BLOCK08/SES089/SA089S23	SES270	-1.37852	-66.8749	-65.4964
BLOCK08/SES089/SA089S25	SES062	-1.40166	-65.4991	-64.0974
BLOCK08/SES089/SA089S25	SES087	-0.040863	-64.1383	-64.0974
BLOCK08/SES089/SA089S25	SES206	0.0311279	-64.0663	-64.0974
BLOCK08/SES089/SA089S25	SES226	0.984318	-63.1131	-64.0974
BLOCK08/SES089/SA089S28	SES062	-1.36693	-65.7239	-64.357
BLOCK08/SES089/SA089S28	SES087	-0.563461	-64.9204	-64.357
BLOCK08/SES089/SA089S28	SES206	-0.17421	-64.5312	-64.357
BLOCK08/SES089/SA089S28	SES226	0.496677	-63.8603	-64.357
BLOCK09/SES097/SA097S11	SES099	0.399429	-64.175	-64.5744
BLOCK09/SES097/SA097S11	SES125	0.206406	-64.368	-64.5744
BLOCK09/SES097/SA097S11	SES206	-0.308304	-64.8827	-64.5744
BLOCK09/SES097/SA097S11	SES226	-0.441338	-65.0158	-64.5744
BLOCK09/SES097/SA097S14	SES062	-2.36528	-66.2238	-63.8585
BLOCK09/SES097/SA097S14	SES099	-0.0636024	-63.9221	-63.8585
BLOCK09/SES097/SA097S14	SES104	-0.548946	-64.4074	-63.8585
BLOCK09/SES097/SA097S14	SES206	-0.730511	-64.589	-63.8585
BLOCK09/SES097/SA097S22	SES099	0.602264	-63.4432	-64.0455
BLOCK09/SES097/SA097S22	SES206	-0.257248	-64.3027	-64.0455
BLOCK09/SES097/SA097S22	SES226	-0.422516	-64.468	-64.0455
BLOCK09/SES097/SA097S22	SES270	0.664635	-63.3809	-64.0455
BLOCK09/SES097/SA097S26	SES099	0.590542	-62.6697	-63.2602
BLOCK09/SES097/SA097S26	SES120	-2.12488	-65.3851	-63.2602
BLOCK09/SES097/SA097S26	SES206	-0.145737	-63.406	-63.2602
BLOCK09/SES097/SA097S26	SES226	-0.449013	-63.7092	-63.2602
BLOCK09/SES097/SA097S28	SES099	0.265263	-63.677	-63.9423
BLOCK09/SES097/SA097S28	SES120	-1.97428	-65.9166	-63.9423
BLOCK09/SES097/SA097S28	SES206	-0.845592	-64.7879	-63.9423
BLOCK09/SES097/SA097S28	SES226	-0.533192	-64.4755	-63.9423
BLOCK09/SES098/SA098S11	SES127	-1.49357	-69.6394	-68.1458
BLOCK09/SES098/SA098S11	SES144	-0.313171	-68.459	-68.1458
BLOCK09/SES098/SA098S11	SES147	0.185913	-67.9599	-68.1458
BLOCK09/SES098/SA098S11	SES148	-1.31614	-69.462	-68.1458
BLOCK09/SES098/SA098S12	SES127	-2.14175	-72.4316	-70.2899
BLOCK09/SES098/SA098S12	SES144	-0.294716	-70.5846	-70.2899
BLOCK09/SES098/SA098S12	SES147	0.619659	-69.6702	-70.2899
BLOCK09/SES098/SA098S12	SES189	0.6623	-69.6276	-70.2899
BLOCK09/SES098/SA098S20	SES127	-2.3285	-71.3616	-69.0331
BLOCK09/SES098/SA098S20	SES147	0.605614	-68.4275	-69.0331
BLOCK09/SES098/SA098S20	SES148	-1.39991	-70.4331	-69.0331
BLOCK09/SES098/SA098S20	SES292	-2.5947	-71.6278	-69.0331
BLOCK09/SES098/SA098S23	SES127	-0.787766	-68.508	-67.7203
BLOCK09/SES098/SA098S23	SES147	0.501732	-67.2185	-67.7203
BLOCK09/SES098/SA098S23	SES187	0.975975	-66.7443	-67.7203
BLOCK09/SES098/SA098S23	SES292	-1.75455	-69.4748	-67.7203
BLOCK09/SES098/SA098S27	SES127	-2.19781	-70.8058	-68.608
BLOCK09/SES098/SA098S27	SES147	0.185066	-68.4229	-68.608
BLOCK09/SES098/SA098S27	SES148	-1.75624	-70.3642	-68.608
BLOCK09/SES098/SA098S27	SES292	-2.28109	-70.8891	-68.608
BLOCK10/SES102/SA102S13	SES101	-0.151733	-66.4413	-66.2896
BLOCK10/SES102/SA102S13	SES105	-1.32187	-67.6115	-66.2896
BLOCK10/SES102/SA102S13	SES120	-0.953323	-67.2429	-66.2896
BLOCK10/SES102/SA102S13	SES158	-7.3501	-73.6397	-66.2896
BLOCK10/SES102/SA102S14	SES007	0.597992	-64.1353	-64.7333
BLOCK10/SES102/SA102S14	SES101	-0.110298	-64.8436	-64.7333
BLOCK10/SES102/SA102S14	SES105	-0.204918	-64.9382	-64.7333
BLOCK10/SES102/SA102S14	SES147	-0.816284	-65.5496	-64.7333
BLOCK10/SES102/SA102S22	SES007	-0.226776	-64.3413	-64.1145
BLOCK10/SES102/SA102S22	SES101	-0.172737	-64.2872	-64.1145
BLOCK10/SES102/SA102S22	SES105	-0.377502	-64.492	-64.1145
BLOCK10/SES102/SA102S22	SES158	-3.96654	-68.081	-64.1145
BLOCK10/SES102/SA102S25	SES007	-0.0133514	-64.2323	-64.219
BLOCK10/SES102/SA102S25	SES101	-0.116524	-64.3355	-64.219
BLOCK10/SES102/SA102S25	SES105	-0.324524	-64.5435	-64.219
BLOCK10/SES102/SA102S25	SES147	-1.55495	-65.7739	-64.219
BLOCK10/SES102/SA102S27	SES007	-0.293907	-65.836	-65.5421
BLOCK10/SES102/SA102S27	SES101	-0.866852	-66.409	-65.5421
BLOCK10/SES102/SA102S27	SES105	-0.653549	-66.1957	-65.5421
BLOCK10/SES102/SA102S27	SES147	-1.11069	-66.6528	-65.5421
BLOCK10/SES103/SA103S14	SES105	-1.77946	-66.5249	-64.7454
BLOCK10/SES103/SA103S14	SES106	-0.23378	-64.9792	-64.7454
BLOCK10/SES103/SA103S14	SES120	-2.79058	-67.536	-64.7454
BLOCK10/SES103/SA103S14	SES206	-0.783455	-65.5289	-64.7454
BLOCK10/SES103/SA103S15	SES099	-0.560966	-65.9272	-65.3662
BLOCK10/SES103/SA103S15	SES101	-3.59679	-68.963	-65.3662
BLOCK10/SES103/SA103S15	SES104	-0.739578	-66.1058	-65.3662
BLOCK10/SES103/SA103S15	SES125	-0.823601	-66.1898	-65.3662
BLOCK10/SES103/SA103S24	SES104	-1.05158	-64.7508	-63.6992
BLOCK10/SES103/SA103S24	SES125	-0.834759	-64.534	-63.6992
BLOCK10/SES103/SA103S24	SES148	-2.12487	-65.8241	-63.6992
BLOCK10/SES103/SA103S24	SES158	-0.231972	-63.9312	-63.6992
BLOCK10/SES103/SA103S26	SES104	-1.19209	-66.7954	-65.6033
BLOCK10/SES103/SA103S26	SES106	-0.612068	-66.2153	-65.6033
BLOCK10/SES103/SA103S26	SES125	-1.00701	-66.6103	-65.6033
BLOCK10/SES103/SA103S26	SES148	-2.17615	-67.7794	-65.6033
BLOCK10/SES103/SA103S28	SES104	-1.25269	-67.8167	-66.564
BLOCK10/SES103/SA103S28	SES106	-0.991135	-67.5551	-66.564
BLOCK10/SES103/SA103S28	SES125	-1.47388	-68.0379	-66.564
BLOCK10/SES103/SA103S28	SES206	-2.12722	-68.6912	-66.564
BLOCK12/SES121/SA121S12	SES042	-1.44643	-67.651	-66.2046
BLOCK12/SES121/SA121S12	SES087	-1.35874	-67.5633	-66.2046
BLOCK12/SES121/SA121S12	SES105	-0.995895	-67.2005	-66.2046
BLOCK12/SES121/SA121S12	SES206	-0.544991	-66.7496	-66.2046
BLOCK12/SES121/SA121S14	SES007	-2.60709	-68.7558	-66.1487
BLOCK12/SES121/SA121S14	SES105	-1.86639	-68.0151	-66.1487
BLOCK12/SES121/SA121S14	SES106	-0.476257	-66.625	-66.1487
BLOCK12/SES121/SA121S14	SES206	-0.84523	-66.9939	-66.1487
BLOCK12/SES121/SA121S23	SES105	-1.24129	-68.0441	-66.8028
BLOCK12/SES121/SA121S23	SES106	-0.369797	-67.1726	-66.8028
BLOCK12/SES121/SA121S23	SES120	-2.55239	-69.3552	-66.8028
BLOCK12/SES121/SA121S23	SES206	-0.640945	-67.4437	-66.8028
BLOCK12/SES121/SA121S25	SES007	-2.63338	-69.4007	-66.7673
BLOCK12/SES121/SA121S25	SES105	-2.19697	-68.9643	-66.7673
BLOCK12/SES121/SA121S25	SES106	-0.734909	-67.5022	-66.7673
BLOCK12/SES121/SA121S25	SES206	-1.31239	-68.0797	-66.7673
BLOCK12/SES121/SA121S27	SES087	-0.914543	-66.9857	-66.0711
BLOCK12/SES121/SA121S27	SES105	-2.22203	-68.2931	-66.0711
BLOCK12/SES121/SA121S27	SES120	-2.48103	-68.5521	-66.0711
BLOCK12/SES121/SA121S27	SES206	-0.291351	-66.3625	-66.0711
BLOCK12/SES124/SA124S16	SES042	-0.108047	-64.357	-64.249
BLOCK12/SES124/SA124S16	SES082	-0.701843	-64.9508	-64.249
BLOCK12/SES124/SA124S16	SES183	-3.03596	-67.285	-64.249
BLOCK12/SES124/SA124S16	SES206	-0.658379	-64.9074	-64.249
BLOCK12/SES124/SA124S17	SES105	-1.64367	-67.229	-65.5853
BLOCK12/SES124/SA124S17	SES149	-1.284	-66.8693	-65.5853
BLOCK12/SES124/SA124S17	SES158	-0.854897	-66.4402	-65.5853
BLOCK12/SES124/SA124S17	SES275	-2.08192	-67.6672	-65.5853
BLOCK12/SES124/SA124S23	SES105	-1.80851	-64.4268	-62.6182
BLOCK12/SES124/SA124S23	SES125	0.637188	-61.9811	-62.6182
BLOCK12/SES124/SA124S23	SES129	-2.66368	-65.2819	-62.6182
BLOCK12/SES124/SA124S23	SES158	0.0944138	-62.5238	-62.6182
BLOCK12/SES124/SA124S26	SES105	-2.61887	-66.75	-64.1311
BLOCK12/SES124/SA124S26	SES125	0.214588	-63.9166	-64.1311
BLOCK12/SES124/SA124S26	SES129	-3.75808	-67.8892	-64.1311
BLOCK12/SES124/SA124S26	SES158	0.23045	-63.9007	-64.1311
BLOCK12/SES124/SA124S28	SES104	0.36657	-63.1984	-63.565
BLOCK12/SES124/SA124S28	SES106	0.224762	-63.3402	-63.565
BLOCK12/SES124/SA124S28	SES125	0.480778	-63.0842	-63.565
BLOCK12/SES124/SA124S28	SES275	-2.39693	-65.9619	-63.565
BLOCK12/SES126/SA126S13	SES007	-1.58481	-69.665	-68.0802
BLOCK12/SES126/SA126S13	SES162	0.0381775	-68.0421	-68.0802
BLOCK12/SES126/SA126S13	SES177	-0.130791	-68.211	-68.0802
BLOCK12/SES126/SA126S13	SES180	-0.267769	-68.348	-68.0802
BLOCK12/SES126/SA126S14	SES144	-0.674545	-66.7489	-66.0744
BLOCK12/SES126/SA126S14	SES148	-0.791763	-66.8661	-66.0744
BLOCK12/SES126/SA126S14	SES177	0.651993	-65.4224	-66.0744
BLOCK12/SES126/SA126S14	SES180	0.563545	-65.5108	-66.0744
BLOCK12/SES126/SA126S20	SES007	-1.76914	-68.4908	-66.7217
BLOCK12/SES126/SA126S20	SES162	-1.01288	-67.7345	-66.7217
BLOCK12/SES126/SA126S20	SES172	-3.78269	-70.5044	-66.7217
BLOCK12/SES126/SA126S20	SES180	-1.14549	-67.8672	-66.7217
BLOCK12/SES126/SA126S24	SES120	-0.646629	-66.9926	-66.346
BLOCK12/SES126/SA126S24	SES162	0.149788	-66.1962	-66.346
BLOCK12/SES126/SA126S24	SES177	-0.0650253	-66.411	-66.346
BLOCK12/SES126/SA126S24	SES180	0.581268	-65.7647	-66.346
BLOCK12/SES126/SA126S26	SES120	-0.408897	-66.8706	-66.4617
BLOCK12/SES126/SA126S26	SES177	-0.472237	-66.9339	-66.4617
BLOCK12/SES126/SA126S26	SES180	0.0709915	-66.3907	-66.4617
BLOCK12/SES126/SA126S26	SES202	-1.49995	-67.9616	-66.4617
BLOCK12/SES128/SA128S10	SES087	-1.42548	-65.1104	-63.6849
BLOCK12/SES128/SA128S10	SES206	-0.337795	-64.0227	-63.6849
BLOCK12/SES128/SA128S10	SES226	-0.0484314	-63.7333	-63.6849
BLOCK12/SES128/SA128S10	SES270	-0.305588	-63.9905	-63.6849
BLOCK12/SES128/SA128S12	SES120	-1.9136	-66.0838	-64.1702
BLOCK12/SES128/SA128S12	SES158	-0.846458	-65.0167	-64.1702
BLOCK12/SES128/SA128S12	SES206	-0.59565	-64.7659	-64.1702
BLOCK12/SES128/SA128S12	SES226	-0.515205	-64.6854	-64.1702
BLOCK12/SES128/SA128S21	SES106	-1.2354	-67.3755	-66.1401
BLOCK12/SES128/SA128S21	SES120	-0.960403	-67.1005	-66.1401
BLOCK12/SES128/SA128S21	SES206	-1.21078	-67.3509	-66.1401
BLOCK12/SES128/SA128S21	SES226	-0.178688	-66.3188	-66.1401
BLOCK12/SES128/SA128S24	SES087	-2.75283	-67.8059	-65.0531
BLOCK12/SES128/SA128S24	SES120	-1.06925	-66.1223	-65.0531
BLOCK12/SES128/SA128S24	SES206	-1.68584	-66.7389	-65.0531
BLOCK12/SES128/SA128S24	SES226	-1.05477	-66.1078	-65.0531
BLOCK12/SES128/SA128S27	SES099	-1.04288	-64.582	-63.5391
BLOCK12/SES128/SA128S27	SES120	-1.14948	-64.6886	-63.5391
BLOCK12/SES128/SA128S27	SES206	-1.24634	-64.7854	-63.5391
BLOCK12/SES128/SA128S27	SES226	-0.691116	-64.2302	-63.5391
BLOCK13/SES130/SA130S13	SES143	-1.14351	-68.6882	-67.5447
BLOCK13/SES130/SA130S13	SES144	0.660477	-66.8842	-67.5447
BLOCK13/SES130/SA130S13	SES146	0.652634	-66.8921	-67.5447
BLOCK13/SES130/SA130S13	SES275	-0.541771	-68.0865	-67.5447
BLOCK13/SES130/SA130S15	SES143	-1.17902	-66.4783	-65.2992
BLOCK13/SES130/SA130S15	SES144	0.0245514	-65.2747	-65.2992
BLOCK13/SES130/SA130S15	SES146	-0.362236	-65.6615	-65.2992
BLOCK13/SES130/SA130S15	SES275	-0.202591	-65.5018	-65.2992
BLOCK13/SES130/SA130S23	SES127	-1.26817	-67.6384	-66.3702
BLOCK13/SES130/SA130S23	SES144	-0.147202	-66.5174	-66.3702
BLOCK13/SES130/SA130S23	SES146	-0.0907898	-66.461	-66.3702
BLOCK13/SES130/SA130S23	SES162	-0.604668	-66.9749	-66.3702
BLOCK13/SES130/SA130S25	SES127	-1.22354	-66.0631	-64.8395
BLOCK13/SES130/SA130S25	SES144	0.253914	-64.5856	-64.8395
BLOCK13/SES130/SA130S25	SES146	0.260391	-64.5791	-64.8395
BLOCK13/SES130/SA130S25	SES275	-0.298973	-65.1385	-64.8395
BLOCK13/SES130/SA130S28	SES127	-0.4347	-66.0235	-65.5888
BLOCK13/SES130/SA130S28	SES144	0.0499039	-65.5389	-65.5888
BLOCK13/SES130/SA130S28	SES146	-0.477386	-66.0662	-65.5888
BLOCK13/SES130/SA130S28	SES275	-0.169571	-65.7584	-65.5888
BLOCK13/SES131/SA131S13	SES002	-0.797852	-66.9112	-66.1133
BLOCK13/SES131/SA131S13	SES007	-2.80186	-68.9152	-66.1133
BLOCK13/SES131/SA131S13	SES099	-1.50616	-67.6195	-66.1133
BLOCK13/SES131/SA131S13	SES105	-2.10788	-68.2212	-66.1133
BLOCK13/SES131/SA131S14	SES104	-0.417839	-64.7971	-64.3792
BLOCK13/SES131/SA131S14	SES106	-0.108238	-64.4875	-64.3792
BLOCK13/SES131/SA131S14	SES125	-1.0576	-65.4368	-64.3792
BLOCK13/SES131/SA131S14	SES148	-1.84892	-66.2282	-64.3792
BLOCK13/SES131/SA131S20	SES104	-1.46461	-67.0038	-65.5392
BLOCK13/SES131/SA131S20	SES106	-0.593536	-66.1328	-65.5392
BLOCK13/SES131/SA131S20	SES125	-1.4661	-67.0053	-65.5392
BLOCK13/SES131/SA131S20	SES148	-2.66672	-68.2059	-65.5392
BLOCK13/SES131/SA131S22	SES099	-0.674461	-64.986	-64.3116
BLOCK13/SES131/SA131S22	SES104	-0.536011	-64.8476	-64.3116
BLOCK13/SES131/SA131S22	SES125	-1.16144	-65.473	-64.3116
BLOCK13/SES131/SA131S22	SES206	-1.01213	-65.3237	-64.3116
BLOCK13/SES131/SA131S29	SES087	-1.20486	-66.2007	-64.9959
BLOCK13/SES131/SA131S29	SES104	-1.59299	-66.5889	-64.9959
BLOCK13/SES131/SA131S29	SES125	-1.31892	-66.3148	-64.9959
BLOCK13/SES131/SA131S29	SES206	-1.47553	-66.4714	-64.9959
BLOCK13/SES132/SA132S11	SES083	-0.838959	-65.2578	-64.4188
BLOCK13/SES132/SA132S11	SES120	0.254929	-64.1639	-64.4188
BLOCK13/SES132/SA132S11	SES127	0.078186	-64.3407	-64.4188
BLOCK13/SES132/SA132S11	SES275	-0.745804	-65.1646	-64.4188
BLOCK13/SES132/SA132S12	SES083	-0.87709	-65.0971	-64.22
BLOCK13/SES132/SA132S12	SES143	-0.441017	-64.661	-64.22
BLOCK13/SES132/SA132S12	SES144	-0.545074	-64.7651	-64.22
BLOCK13/SES132/SA132S12	SES148	-0.471161	-64.6912	-64.22
BLOCK13/SES132/SA132S22	SES062	-0.34314	-64.9555	-64.6123
BLOCK13/SES132/SA132S22	SES083	-0.758629	-65.371	-64.6123
BLOCK13/SES132/SA132S22	SES127	-0.00322723	-64.6156	-64.6123
BLOCK13/SES132/SA132S22	SES275	-0.235886	-64.8482	-64.6123
BLOCK13/SES132/SA132S24	SES007	-0.311699	-65.2133	-64.9016
BLOCK13/SES132/SA132S24	SES083	-0.53347	-65.4351	-64.9016
BLOCK13/SES132/SA132S24	SES127	-0.139259	-65.0409	-64.9016
BLOCK13/SES132/SA132S24	SES275	-1.32934	-66.231	-64.9016
BLOCK13/SES132/SA132S27	SES083	-1.52502	-66.692	-65.1669
BLOCK13/SES132/SA132S27	SES120	0.222656	-64.9443	-65.1669
BLOCK13/SES132/SA132S27	SES127	-0.730171	-65.8971	-65.1669
BLOCK13/SES132/SA132S27	SES275	-1.3968	-66.5637	-65.1669
BLOCK14/SES141/SA141S09	SES143	0.680382	-65.466	-66.1463
BLOCK14/SES141/SA141S09	SES144	0.00920105	-66.1371	-66.1463
BLOCK14/SES141/SA141S09	SES162	0.402786	-65.7436	-66.1463
BLOCK14/SES141/SA141S09	SES180	0.474182	-65.6722	-66.1463
BLOCK14/SES141/SA141S15	SES127	-0.489281	-66.1874	-65.6981
BLOCK14/SES141/SA141S15	SES144	-0.242058	-65.9402	-65.6981
BLOCK14/SES141/SA141S15	SES162	0.251183	-65.4469	-65.6981
BLOCK14/SES141/SA141S15	SES180	0.197418	-65.5007	-65.6981
BLOCK14/SES141/SA141S24	SES127	0.131966	-65.9066	-66.0386
BLOCK14/SES141/SA141S24	SES144	-0.644707	-66.6833	-66.0386
BLOCK14/SES141/SA141S24	SES162	0.333763	-65.7048	-66.0386
BLOCK14/SES141/SA141S24	SES183	-0.303871	-66.3425	-66.0386
BLOCK14/SES141/SA141S26	SES142	0.252853	-66.1432	-66.396
BLOCK14/SES141/SA141S26	SES144	-0.302979	-66.699	-66.396
BLOCK14/SES141/SA141S26	SES172	-0.230881	-66.6269	-66.396
BLOCK14/SES141/SA141S26	SES180	0.667397	-65.7286	-66.396
BLOCK14/SES141/SA141S29	SES127	0.602852	-65.3358	-65.9386
BLOCK14/SES141/SA141S29	SES142	0.547333	-65.3913	-65.9386
BLOCK14/SES141/SA141S29	SES144	-0.495468	-66.4341	-65.9386
BLOCK14/SES141/SA141S29	SES180	1.27575	-64.6629	-65.9386
BLOCK15/SES157/SA157S08	SES083	-1.26542	-66.2265	-64.961
BLOCK15/SES157/SA157S08	SES127	-1.0183	-65.9793	-64.961
BLOCK15/SES157/SA157S08	SES148	-0.473137	-65.4342	-64.961
BLOCK15/SES157/SA157S08	SES292	-0.913101	-65.8741	-64.961
BLOCK15/SES157/SA157S11	SES083	-0.733063	-65.8626	-65.1295
BLOCK15/SES157/SA157S11	SES127	-1.76522	-66.8947	-65.1295
BLOCK15/SES157/SA157S11	SES148	-0.631882	-65.7614	-65.1295
BLOCK15/SES157/SA157S11	SES292	-1.02995	-66.1595	-65.1295
BLOCK15/SES157/SA157S21	SES127	-1.59413	-65.9601	-64.366
BLOCK15/SES157/SA157S21	SES148	-0.54567	-64.9116	-64.366
BLOCK15/SES157/SA157S21	SES158	-4.36542	-68.7314	-64.366
BLOCK15/SES157/SA157S21	SES292	-0.169952	-64.5359	-64.366
BLOCK15/SES157/SA157S24	SES127	-1.20039	-65.6351	-64.4347
BLOCK15/SES157/SA157S24	SES148	-0.432816	-64.8675	-64.4347
BLOCK15/SES157/SA157S24	SES183	-0.404938	-64.8396	-64.4347
BLOCK15/SES157/SA157S24	SES292	-0.0752945	-64.51	-64.4347
BLOCK15/SES157/SA157S26	SES007	-0.0790176	-64.4062	-64.3272
BLOCK15/SES157/SA157S26	SES127	-0.482368	-64.8096	-64.3272
BLOCK15/SES157/SA157S26	SES147	-1.09975	-65.427	-64.3272
BLOCK15/SES157/SA157S26	SES148	-0.415375	-64.7426	-64.3272
BLOCK16/SES161/SA161S10	SES007	-1.66745	-67.2785	-65.6111
BLOCK16/SES161/SA161S10	SES105	-0.81797	-66.4291	-65.6111
BLOCK16/SES161/SA161S10	SES158	-1.65121	-67.2623	-65.6111
BLOCK16/SES161/SA161S10	SES275	-1.53133	-67.1424	-65.6111
BLOCK16/SES161/SA161S12	SES007	-1.16395	-66.2858	-65.1218
BLOCK16/SES161/SA161S12	SES105	-1.19013	-66.312	-65.1218
BLOCK16/SES161/SA161S12	SES158	-0.880936	-66.0028	-65.1218
BLOCK16/SES161/SA161S12	SES275	-1.10389	-66.2257	-65.1218
BLOCK16/SES161/SA161S20	SES007	-1.86568	-68.5618	-66.6961
BLOCK16/SES161/SA161S20	SES105	-1.26195	-67.958	-66.6961
BLOCK16/SES161/SA161S20	SES158	-1.46608	-68.1622	-66.6961
BLOCK16/SES161/SA161S20	SES275	-1.27428	-67.9704	-66.6961
BLOCK16/SES161/SA161S23	SES007	-1.4724	-66.0953	-64.6229
BLOCK16/SES161/SA161S23	SES105	-0.885506	-65.5084	-64.6229
BLOCK16/SES161/SA161S23	SES148	-1.56752	-66.1904	-64.6229
BLOCK16/SES161/SA161S23	SES158	-1.06792	-65.6908	-64.6229
BLOCK16/SES161/SA161S28	SES007	-1.97993	-66.7438	-64.7638
BLOCK16/SES161/SA161S28	SES105	-1.62886	-66.3927	-64.7638
BLOCK16/SES161/SA161S28	SES158	-0.336395	-65.1002	-64.7638
BLOCK16/SES161/SA161S28	SES206	-1.38572	-66.1496	-64.7638
BLOCK16/SES164/SA164S11	SES104	-0.403191	-63.3023	-62.8991
BLOCK16/SES164/SA164S11	SES125	-0.454193	-63.3533	-62.8991
BLOCK16/SES164/SA164S11	SES158	0.874302	-62.0248	-62.8991
BLOCK16/SES164/SA164S11	SES206	-0.659401	-63.5585	-62.8991
BLOCK16/SES164/SA164S13	SES099	-0.576584	-65.1465	-64.5699
BLOCK16/SES164/SA164S13	SES104	-1.36734	-65.9372	-64.5699
BLOCK16/SES164/SA164S13	SES125	-1.07398	-65.6439	-64.5699
BLOCK16/SES164/SA164S13	SES206	-0.494095	-65.064	-64.5699
BLOCK16/SES164/SA164S24	SES002	0.207752	-63.9848	-64.1926
BLOCK16/SES164/SA164S24	SES099	-0.547379	-64.74	-64.1926
BLOCK16/SES164/SA164S24	SES125	-1.02977	-65.2223	-64.1926
BLOCK16/SES164/SA164S24	SES226	0.0852585	-64.1073	-64.1926
BLOCK16/SES164/SA164S27	SES087	-1.66051	-65.8497	-64.1892
BLOCK16/SES164/SA164S27	SES125	-0.784073	-64.9732	-64.1892
BLOCK16/SES164/SA164S27	SES206	-0.592697	-64.7819	-64.1892
BLOCK16/SES164/SA164S27	SES226	-0.816971	-65.0061	-64.1892
BLOCK16/SES164/SA164S29	SES002	-0.454681	-63.9617	-63.507
BLOCK16/SES164/SA164S29	SES019	-0.973606	-64.4807	-63.507
BLOCK16/SES164/SA164S29	SES125	-0.753292	-64.2603	-63.507
BLOCK16/SES164/SA164S29	SES226	-0.60265	-64.1097	-63.507
BLOCK16/SES169/SA169S13	SES117	-0.720169	-66.0338	-65.3136
BLOCK16/SES169/SA169S13	SES144	-0.616943	-65.9306	-65.3136
BLOCK16/SES169/SA169S13	SES146	-0.481056	-65.7947	-65.3136
BLOCK16/SES169/SA169S13	SES162	-1.49628	-66.8099	-65.3136
BLOCK16/SES169/SA169S14	SES144	-0.617615	-65.138	-64.5204
BLOCK16/SES169/SA169S14	SES148	-0.334091	-64.8545	-64.5204
BLOCK16/SES169/SA169S14	SES177	-1.2178	-65.7382	-64.5204
BLOCK16/SES169/SA169S14	SES180	-1.36411	-65.8845	-64.5204
BLOCK16/SES169/SA169S24	SES117	-0.55983	-66.6774	-66.1175
BLOCK16/SES169/SA169S24	SES144	-0.424782	-66.5423	-66.1175
BLOCK16/SES169/SA169S24	SES146	-0.226395	-66.3439	-66.1175
BLOCK16/SES169/SA169S24	SES162	-0.568359	-66.6859	-66.1175
BLOCK16/SES169/SA169S27	SES127	-0.352257	-65.5203	-65.1681
BLOCK16/SES169/SA169S27	SES129	-0.331093	-65.4992	-65.1681
BLOCK16/SES169/SA169S27	SES144	-0.915749	-66.0838	-65.1681
BLOCK16/SES169/SA169S27	SES146	-0.0482483	-65.2163	-65.1681
BLOCK16/SES169/SA169S29	SES144	-0.227119	-64.7442	-64.5171
BLOCK16/SES169/SA169S29	SES162	-0.993706	-65.5108	-64.5171
BLOCK16/SES169/SA169S29	SES177	-1.55308	-66.0702	-64.5171
BLOCK16/SES169/SA169S29	SES180	-0.750351	-65.2675	-64.5171
BLOCK17/SES171/SA171S12	SES083	-1.2892	-67.0558	-65.7666
BLOCK17/SES171/SA171S12	SES148	-0.799767	-66.5664	-65.7666
BLOCK17/SES171/SA171S12	SES172	-0.996597	-66.7632	-65.7666
BLOCK17/SES171/SA171S12	SES292	-1.5284	-67.295	-65.7666
BLOCK17/SES171/SA171S15	SES148	-0.988632	-68.0749	-67.0863
BLOCK17/SES171/SA171S15	SES177	-1.53706	-68.6234	-67.0863
BLOCK17/SES171/SA171S15	SES180	-1.52393	-68.6102	-67.0863
BLOCK17/SES171/SA171S15	SES292	-3.03655	-70.1229	-67.0863
BLOCK17/SES171/SA171S22	SES007	-1.18237	-65.9817	-64.7993
BLOCK17/SES171/SA171S22	SES148	-0.875626	-65.6749	-64.7993
BLOCK17/SES171/SA171S22	SES177	-0.462357	-65.2617	-64.7993
BLOCK17/SES171/SA171S22	SES180	-0.581841	-65.3811	-64.7993
BLOCK17/SES171/SA171S25	SES101	-2.91726	-71.2692	-68.352
BLOCK17/SES171/SA171S25	SES120	-2.99598	-71.3479	-68.352
BLOCK17/SES171/SA171S25	SES177	-1.73848	-70.0904	-68.352
BLOCK17/SES171/SA171S25	SES180	-1.00835	-69.3603	-68.352
BLOCK17/SES171/SA171S27	SES177	-0.323448	-66.6727	-66.3492
BLOCK17/SES171/SA171S27	SES180	-0.831779	-67.181	-66.3492
BLOCK17/SES171/SA171S27	SES189	-0.27623	-66.6255	-66.3492
BLOCK17/SES171/SA171S27	SES292	-1.82014	-68.1694	-66.3492
BLOCK17/SES173/SA173S13	SES162	-0.720482	-68.6197	-67.8992
BLOCK17/SES173/SA173S13	SES177	-1.48016	-69.3794	-67.8992
BLOCK17/SES173/SA173S13	SES180	-0.111412	-68.0107	-67.8992
BLOCK17/SES173/SA173S13	SES292	-3.02357	-70.9228	-67.8992
BLOCK17/SES173/SA173S14	SES007	-1.60207	-69.9796	-68.3776
BLOCK17/SES173/SA173S14	SES162	-0.68866	-69.0662	-68.3776
BLOCK17/SES173/SA173S14	SES177	-0.710732	-69.0883	-68.3776
BLOCK17/SES173/SA173S14	SES180	-0.267944	-68.6455	-68.3776
BLOCK17/SES173/SA173S24	SES144	0.0736313	-69.047	-69.1206
BLOCK17/SES173/SA173S24	SES162	-0.908829	-70.0294	-69.1206
BLOCK17/SES173/SA173S24	SES177	-1.45144	-70.572	-69.1206
BLOCK17/SES173/SA173S24	SES180	-0.933594	-70.0542	-69.1206
BLOCK17/SES173/SA173S27	SES162	-0.894836	-68.7964	-67.9016
BLOCK17/SES173/SA173S27	SES177	-1.18832	-69.0899	-67.9016
BLOCK17/SES173/SA173S27	SES180	-0.67646	-68.5781	-67.9016
BLOCK17/SES173/SA173S27	SES292	-3.05379	-70.9554	-67.9016
BLOCK17/SES173/SA173S29	SES162	-0.508484	-69.2379	-68.7294
BLOCK17/SES173/SA173S29	SES175	0.180588	-68.5488	-68.7294
BLOCK17/SES173/SA173S29	SES177	-0.998764	-69.7281	-68.7294
BLOCK17/SES173/SA173S29	SES292	-3.04021	-71.7696	-68.7294
BLOCK18/SES182/SA182S10	SES144	-0.736702	-65.1295	-64.3928
BLOCK18/SES182/SA182S10	SES177	-0.765778	-65.1586	-64.3928
BLOCK18/SES182/SA182S10	SES180	-0.55983	-64.9527	-64.3928
BLOCK18/SES182/SA182S10	SES275	-1.03812	-65.431	-64.3928
BLOCK18/SES182/SA182S12	SES144	-0.2258	-65.3212	-65.0954
BLOCK18/SES182/SA182S12	SES177	-0.47242	-65.5678	-65.0954
BLOCK18/SES182/SA182S12	SES180	-0.658493	-65.7539	-65.0954
BLOCK18/SES182/SA182S12	SES275	-1.83231	-66.9277	-65.0954
BLOCK18/SES182/SA182S21	SES117	0.247215	-66.946	-67.1933
BLOCK18/SES182/SA182S21	SES144	-0.528046	-67.7213	-67.1933
BLOCK18/SES182/SA182S21	SES162	0.628044	-66.5652	-67.1933
BLOCK18/SES182/SA182S21	SES180	0.678009	-66.5152	-67.1933
BLOCK18/SES182/SA182S23	SES117	-0.227554	-65.9763	-65.7488
BLOCK18/SES182/SA182S23	SES144	-1.05637	-66.8051	-65.7488
BLOCK18/SES182/SA182S23	SES180	-0.640305	-66.3891	-65.7488
BLOCK18/SES182/SA182S23	SES275	-1.30247	-67.0512	-65.7488
BLOCK18/SES182/SA182S25	SES007	-0.707268	-66.9032	-66.1959
BLOCK18/SES182/SA182S25	SES162	0.238792	-65.9571	-66.1959
BLOCK18/SES182/SA182S25	SES177	0.262039	-65.9339	-66.1959
BLOCK18/SES182/SA182S25	SES180	0.482361	-65.7136	-66.1959
BLOCK18/SES184/SA184S12	SES177	0.347107	-65.8395	-66.1866
BLOCK18/SES184/SA184S12	SES180	-0.171173	-66.3578	-66.1866
BLOCK18/SES184/SA184S12	SES189	-1.51583	-67.7024	-66.1866
BLOCK18/SES184/SA184S12	SES292	-0.561485	-66.7481	-66.1866
BLOCK18/SES184/SA184S13	SES101	-1.13266	-67.0508	-65.9182
BLOCK18/SES184/SA184S13	SES177	-0.811966	-66.7301	-65.9182
BLOCK18/SES184/SA184S13	SES180	-0.201164	-66.1193	-65.9182
BLOCK18/SES184/SA184S13	SES292	-0.635681	-66.5538	-65.9182
BLOCK18/SES184/SA184S22	SES177	-0.624214	-66.2438	-65.6196
BLOCK18/SES184/SA184S22	SES180	0.0551834	-65.5644	-65.6196
BLOCK18/SES184/SA184S22	SES189	-1.86872	-67.4883	-65.6196
BLOCK18/SES184/SA184S22	SES292	-1.2037	-66.8233	-65.6196
BLOCK18/SES184/SA184S25	SES101	-0.24929	-64.9157	-64.6664
BLOCK18/SES184/SA184S25	SES177	-0.16227	-64.8287	-64.6664
BLOCK18/SES184/SA184S25	SES180	-0.269592	-64.936	-64.6664
BLOCK18/SES184/SA184S25	SES292	-0.141548	-64.808	-64.6664
BLOCK18/SES184/SA184S27	SES083	-0.566467	-65.744	-65.1776
BLOCK18/SES184/SA184S27	SES177	-0.770241	-65.9478	-65.1776
BLOCK18/SES184/SA184S27	SES202	-1.98694	-67.1645	-65.1776
BLOCK18/SES184/SA184S27	SES292	-0.817688	-65.9953	-65.1776
BLOCK20/SES204/SA204S12	SES062	-2.14451	-65.402	-63.2575
BLOCK20/SES204/SA204S12	SES083	-1.99432	-65.2518	-63.2575
BLOCK20/SES204/SA204S12	SES206	-0.165726	-63.4232	-63.2575
BLOCK20/SES204/SA204S12	SES226	-0.743011	-64.0005	-63.2575
BLOCK20/SES204/SA204S14	SES068	-3.11335	-65.4308	-62.3175
BLOCK20/SES204/SA204S14	SES087	-0.0707779	-62.3883	-62.3175
BLOCK20/SES204/SA204S14	SES206	-0.359081	-62.6766	-62.3175
BLOCK20/SES204/SA204S14	SES226	-0.454433	-62.7719	-62.3175
BLOCK20/SES204/SA204S22	SES068	-3.21624	-66.708	-63.4918
BLOCK20/SES204/SA204S22	SES082	-1.42792	-64.9197	-63.4918
BLOCK20/SES204/SA204S22	SES083	-2.12931	-65.6211	-63.4918
BLOCK20/SES204/SA204S22	SES206	0.0756493	-63.4161	-63.4918
BLOCK20/SES204/SA204S25	SES062	-2.40084	-66.0669	-63.666
BLOCK20/SES204/SA204S25	SES083	-2.30223	-65.9683	-63.666
BLOCK20/SES204/SA204S25	SES206	-0.294914	-63.961	-63.666
BLOCK20/SES204/SA204S25	SES226	-0.504021	-64.1701	-63.666
BLOCK20/SES204/SA204S27	SES068	-3.02617	-66.7626	-63.7364
BLOCK20/SES204/SA204S27	SES082	-0.962307	-64.6987	-63.7364
BLOCK20/SES204/SA204S27	SES087	-0.148106	-63.8845	-63.7364
BLOCK20/SES204/SA204S27	SES206	0.0656013	-63.6708	-63.7364
BLOCK20/SES207/SA207S10	SES127	-0.44091	-65.9687	-65.5278
BLOCK20/SES207/SA207S10	SES183	-0.232979	-65.7608	-65.5278
BLOCK20/SES207/SA207S10	SES189	-0.956345	-66.4841	-65.5278
BLOCK20/SES207/SA207S10	SES292	-0.739853	-66.2676	-65.5278
BLOCK20/SES207/SA207S11	SES127	-1.45837	-67.1847	-65.7263
BLOCK20/SES207/SA207S11	SES183	-0.581795	-66.3081	-65.7263
BLOCK20/SES207/SA207S11	SES187	-0.0431824	-65.7695	-65.7263
BLOCK20/SES207/SA207S11	SES292	-1.10883	-66.8352	-65.7263
BLOCK20/SES207/SA207S25	SES068	-0.791931	-67.3015	-66.5096
BLOCK20/SES207/SA207S25	SES083	-1.15594	-67.6655	-66.5096
BLOCK20/SES207/SA207S25	SES127	-0.252411	-66.762	-66.5096
BLOCK20/SES207/SA207S25	SES187	0.0931244	-66.4165	-66.5096
BLOCK20/SES207/SA207S27	SES127	-0.280563	-67.0791	-66.7986
BLOCK20/SES207/SA207S27	SES183	0.0623703	-66.7362	-66.7986
BLOCK20/SES207/SA207S27	SES187	0.371353	-66.4272	-66.7986
BLOCK20/SES207/SA207S27	SES292	-0.87664	-67.6752	-66.7986
BLOCK20/SES207/SA207S29	SES083	-0.85836	-67.1224	-66.264
BLOCK20/SES207/SA207S29	SES085	-0.388283	-66.6523	-66.264
BLOCK20/SES207/SA207S29	SES172	-0.199028	-66.4631	-66.264
BLOCK20/SES207/SA207S29	SES189	-0.918228	-67.1823	-66.264
BLOCK22/SES221/SA221S12	SES068	-1.14999	-68.9605	-67.8105
BLOCK22/SES221/SA221S12	SES143	0.182076	-67.6284	-67.8105
BLOCK22/SES221/SA221S12	SES175	1.004	-66.8065	-67.8105
BLOCK22/SES221/SA221S12	SES202	1.34239	-66.4681	-67.8105
BLOCK22/SES221/SA221S15	SES085	-2.50861	-71.3723	-68.8637
BLOCK22/SES221/SA221S15	SES143	0.208359	-68.6553	-68.8637
BLOCK22/SES221/SA221S15	SES175	-0.72937	-69.5931	-68.8637
BLOCK22/SES221/SA221S15	SES187	1.12582	-67.7379	-68.8637
BLOCK22/SES221/SA221S23	SES068	-1.57763	-70.241	-68.6633
BLOCK22/SES221/SA221S23	SES143	0.362305	-68.301	-68.6633
BLOCK22/SES221/SA221S23	SES175	1.0433	-67.62	-68.6633
BLOCK22/SES221/SA221S23	SES189	2.31792	-66.3454	-68.6633
BLOCK22/SES221/SA221S27	SES085	-2.2713	-70.7205	-68.4492
BLOCK22/SES221/SA221S27	SES143	0.274971	-68.1742	-68.4492
BLOCK22/SES221/SA221S27	SES175	-0.389008	-68.8382	-68.4492
BLOCK22/SES221/SA221S27	SES189	2.1748	-66.2744	-68.4492
BLOCK22/SES221/SA221S29	SES085	-3.79807	-74.5531	-70.755
BLOCK22/SES221/SA221S29	SES143	0.368309	-70.3867	-70.755
BLOCK22/SES221/SA221S29	SES175	-0.600044	-71.3551	-70.755
BLOCK22/SES221/SA221S29	SES187	1.63837	-69.1166	-70.755
BLOCK22/SES223/SA223S11	SES143	0.245728	-67.8095	-68.0552
BLOCK22/SES223/SA223S11	SES144	-1.06356	-69.1188	-68.0552
BLOCK22/SES223/SA223S11	SES175	0.470093	-67.5852	-68.0552
BLOCK22/SES223/SA223S11	SES187	0.106407	-67.9488	-68.0552
BLOCK22/SES223/SA223S13	SES068	-1.38613	-70.4382	-69.0521
BLOCK22/SES223/SA223S13	SES143	-0.318665	-69.3707	-69.0521
BLOCK22/SES223/SA223S13	SES146	-1.6703	-70.7224	-69.0521
BLOCK22/SES223/SA223S13	SES202	-0.0261002	-69.0782	-69.0521
BLOCK22/SES223/SA223S22	SES143	-0.410484	-68.5947	-68.1843
BLOCK22/SES223/SA223S22	SES144	-0.672371	-68.8566	-68.1843
BLOCK22/SES223/SA223S22	SES175	-1.00584	-69.1901	-68.1843
BLOCK22/SES223/SA223S22	SES187	0.476845	-67.7074	-68.1843
BLOCK22/SES223/SA223S25	SES068	-1.48934	-69.8093	-68.32
BLOCK22/SES223/SA223S25	SES143	0.408791	-67.9112	-68.32
BLOCK22/SES223/SA223S25	SES175	-0.146049	-68.466	-68.32
BLOCK22/SES223/SA223S25	SES187	0.245049	-68.075	-68.32
BLOCK22/SES223/SA223S27	SES143	0.258331	-68.4794	-68.7377
BLOCK22/SES223/SA223S27	SES146	-1.06843	-69.8062	-68.7377
BLOCK22/SES223/SA223S27	SES187	1.05016	-67.6876	-68.7377
BLOCK22/SES223/SA223S27	SES292	-2.51856	-71.2563	-68.7377
BLOCK27/SES273/SA273S12	SES099	0.787521	-61.0176	-61.8052
BLOCK27/SES273/SA273S12	SES104	0.655525	-61.1496	-61.8052
BLOCK27/SES273/SA273S12	SES125	0.241627	-61.5635	-61.8052
BLOCK27/SES273/SA273S12	SES206	0.874081	-60.9311	-61.8052
BLOCK27/SES273/SA273S13	SES099	0.517242	-61.2705	-61.7878
BLOCK27/SES273/SA273S13	SES104	0.144039	-61.6437	-61.7878
BLOCK27/SES273/SA273S13	SES206	0.325397	-61.4624	-61.7878
BLOCK27/SES273/SA273S13	SES292	-2.2386	-64.0264	-61.7878
BLOCK27/SES273/SA273S21	SES099	0.892658	-60.6764	-61.5691
BLOCK27/SES273/SA273S21	SES148	-2.1281	-63.6972	-61.5691
BLOCK27/SES273/SA273S21	SES149	-0.165501	-61.7346	-61.5691
BLOCK27/SES273/SA273S21	SES177	-2.52999	-64.0991	-61.5691
BLOCK27/SES273/SA273S25	SES104	0.202896	-61.8912	-62.0941
BLOCK27/SES273/SA273S25	SES125	-0.0115128	-62.1056	-62.0941
BLOCK27/SES273/SA273S25	SES158	0.314266	-61.7798	-62.0941
BLOCK27/SES273/SA273S25	SES206	0.534637	-61.5595	-62.0941
BLOCK27/SES273/SA273S27	SES099	0.0689545	-62.1571	-62.2261
BLOCK27/SES273/SA273S27	SES104	-0.266235	-62.4923	-62.2261
BLOCK27/SES273/SA273S27	SES149	-0.0326614	-62.2587	-62.2261
BLOCK27/SES273/SA273S27	SES275	-1.27973	-63.5058	-62.2261
BLOCK27/SES274/SA274S10	SES105	-1.40364	-63.8907	-62.487
BLOCK27/SES274/SA274S10	SES125	-0.17318	-62.6602	-62.487
BLOCK27/SES274/SA274S10	SES129	-1.76326	-64.2503	-62.487
BLOCK27/SES274/SA274S10	SES158	-0.946438	-63.4335	-62.487
BLOCK27/SES274/SA274S11	SES105	-1.47789	-63.8545	-62.3766
BLOCK27/SES274/SA274S11	SES149	-0.630123	-63.0068	-62.3766
BLOCK27/SES274/SA274S11	SES158	-0.574955	-62.9516	-62.3766
BLOCK27/SES274/SA274S11	SES275	-1.79515	-64.1718	-62.3766
BLOCK27/SES274/SA274S21	SES105	-1.40733	-64.211	-62.8037
BLOCK27/SES274/SA274S21	SES129	-2.0041	-64.8078	-62.8037
BLOCK27/SES274/SA274S21	SES149	-0.517139	-63.3209	-62.8037
BLOCK27/SES274/SA274S21	SES158	-1.48342	-64.2871	-62.8037
BLOCK27/SES274/SA274S24	SES105	-1.56046	-63.8457	-62.2853
BLOCK27/SES274/SA274S24	SES129	-2.12042	-64.4057	-62.2853
BLOCK27/SES274/SA274S24	SES149	-0.526318	-62.8116	-62.2853
BLOCK27/SES274/SA274S24	SES158	-1.25046	-63.5357	-62.2853
BLOCK27/SES274/SA274S29	SES105	-1.78759	-64.6545	-62.8669
BLOCK27/SES274/SA274S29	SES106	-0.880211	-63.7471	-62.8669
BLOCK27/SES274/SA274S29	SES120	-1.87686	-64.7438	-62.8669
BLOCK27/SES274/SA274S29	SES275	-1.35517	-64.2221	-62.8669
BLOCK27/SES276/SA276S16	SES148	-0.659851	-66.6404	-65.9806
BLOCK27/SES276/SA276S16	SES172	-1.14901	-67.1296	-65.9806
BLOCK27/SES276/SA276S16	SES180	-1.34272	-67.3233	-65.9806
BLOCK27/SES276/SA276S16	SES292	-0.0236969	-66.0043	-65.9806
BLOCK27/SES276/SA276S17	SES101	-1.2179	-66.7057	-65.4878
BLOCK27/SES276/SA276S17	SES177	-0.326546	-65.8143	-65.4878
BLOCK27/SES276/SA276S17	SES180	-0.391953	-65.8797	-65.4878
BLOCK27/SES276/SA276S17	SES292	-0.460632	-65.9484	-65.4878
BLOCK27/SES276/SA276S24	SES101	-0.514923	-65.4433	-64.9284
BLOCK27/SES276/SA276S24	SES177	-0.877464	-65.8059	-64.9284
BLOCK27/SES276/SA276S24	SES180	-0.522369	-65.4508	-64.9284
BLOCK27/SES276/SA276S24	SES292	-0.611481	-65.5399	-64.9284
BLOCK27/SES276/SA276S26	SES101	-1.80464	-67.1712	-65.3665
BLOCK27/SES276/SA276S26	SES177	-0.543022	-65.9095	-65.3665
BLOCK27/SES276/SA276S26	SES180	-0.119667	-65.4862	-65.3665
BLOCK27/SES276/SA276S26	SES292	-0.476944	-65.8435	-65.3665
BLOCK27/SES276/SA276S28	SES101	-0.811378	-66.4818	-65.6704
BLOCK27/SES276/SA276S28	SES177	-0.161812	-65.8322	-65.6704
BLOCK27/SES276/SA276S28	SES180	-0.237503	-65.9079	-65.6704
BLOCK27/SES276/SA276S28	SES292	-0.539703	-66.2101	-65.6704
BLOCK27/SES277/SA277S12	SES101	-0.716064	-67.7274	-67.0113
BLOCK27/SES277/SA277S12	SES177	-0.858711	-67.87	-67.0113
BLOCK27/SES277/SA277S12	SES180	-0.091774	-67.1031	-67.0113
BLOCK27/SES277/SA277S12	SES292	-1.09196	-68.1033	-67.0113
BLOCK27/SES277/SA277S14	SES177	-0.843269	-68.2211	-67.3778
BLOCK27/SES277/SA277S14	SES180	-0.910042	-68.2879	-67.3778
BLOCK27/SES277/SA277S14	SES189	0.225914	-67.1519	-67.3778
BLOCK27/SES277/SA277S14	SES292	-2.59251	-69.9704	-67.3778
BLOCK27/SES277/SA277S21	SES177	-1.19355	-67.1311	-65.9376
BLOCK27/SES277/SA277S21	SES180	-0.75547	-66.693	-65.9376
BLOCK27/SES277/SA277S21	SES189	-0.449898	-66.3875	-65.9376
BLOCK27/SES277/SA277S21	SES292	-1.8112	-67.7487	-65.9376
BLOCK27/SES277/SA277S24	SES144	-0.999168	-68.9727	-67.9736
BLOCK27/SES277/SA277S24	SES177	-1.64796	-69.6215	-67.9736
BLOCK27/SES277/SA277S24	SES180	-0.971008	-68.9446	-67.9736
BLOCK27/SES277/SA277S24	SES189	-0.259598	-68.2332	-67.9736
BLOCK27/SES277/SA277S29	SES177	0.00827789	-65.4933	-65.5016
BLOCK27/SES277/SA277S29	SES180	0.250633	-65.251	-65.5016
BLOCK27/SES277/SA277S29	SES202	-0.702965	-66.2046	-65.5016
BLOCK27/SES277/SA277S29	SES292	-1.08604	-66.5877	-65.5016
BLOCK27/SES279/SA279S09	SES120	-1.34993	-64.9874	-63.6375
BLOCK27/SES279/SA279S09	SES146	-0.890079	-64.5276	-63.6375
BLOCK27/SES279/SA279S09	SES206	-1.57206	-65.2096	-63.6375
BLOCK27/SES279/SA279S09	SES226	-1.34829	-64.9858	-63.6375
BLOCK27/SES279/SA279S10	SES099	-0.611443	-64.0345	-63.4231
BLOCK27/SES279/SA279S10	SES206	-0.995399	-64.4185	-63.4231
BLOCK27/SES279/SA279S10	SES226	-0.404751	-63.8278	-63.4231
BLOCK27/SES279/SA279S10	SES292	-0.74836	-64.1714	-63.4231
BLOCK27/SES279/SA279S20	SES099	-1.23273	-65.3186	-64.0859
BLOCK27/SES279/SA279S20	SES206	-1.16252	-65.2484	-64.0859
BLOCK27/SES279/SA279S20	SES226	-1.42976	-65.5156	-64.0859
BLOCK27/SES279/SA279S20	SES292	-0.246956	-64.3328	-64.0859
BLOCK27/SES279/SA279S26	SES099	-0.785477	-65.1928	-64.4073
BLOCK27/SES279/SA279S26	SES206	-0.315849	-64.7231	-64.4073
BLOCK27/SES279/SA279S26	SES226	-0.58139	-64.9887	-64.4073
BLOCK27/SES279/SA279S26	SES292	-0.680672	-65.088	-64.4073
BLOCK27/SES279/SA279S28	SES099	-1.08812	-63.6564	-62.5682
BLOCK27/SES279/SA279S28	SES120	-0.974911	-63.5432	-62.5682
BLOCK27/SES279/SA279S28	SES177	-2.5137	-65.0819	-62.5682
BLOCK27/SES279/SA279S28	SES206	-1.66708	-64.2353	-62.5682
BLOCK29/SES290/SA290S12	SES162	-0.646538	-67.0896	-66.4431
BLOCK29/SES290/SA290S12	SES177	-0.496346	-66.9394	-66.4431
BLOCK29/SES290/SA290S12	SES180	-0.539497	-66.9826	-66.4431
BLOCK29/SES290/SA290S12	SES292	-1.85934	-68.3024	-66.4431
BLOCK29/SES290/SA290S13	SES007	-2.1394	-69.9579	-67.8185
BLOCK29/SES290/SA290S13	SES162	-0.434563	-68.2531	-67.8185
BLOCK29/SES290/SA290S13	SES177	0.0537949	-67.7647	-67.8185
BLOCK29/SES290/SA290S13	SES180	-0.272095	-68.0906	-67.8185
BLOCK29/SES290/SA290S22	SES177	0.326263	-66.3981	-66.7244
BLOCK29/SES290/SA290S22	SES180	-0.0943298	-66.8187	-66.7244
BLOCK29/SES290/SA290S22	SES202	0.130226	-66.5942	-66.7244
BLOCK29/SES290/SA290S22	SES292	-1.94496	-68.6694	-66.7244
BLOCK29/SES290/SA290S25	SES162	-0.33342	-66.6416	-66.3082
BLOCK29/SES290/SA290S25	SES177	-0.172249	-66.4805	-66.3082
BLOCK29/SES290/SA290S25	SES180	0.0561218	-66.2521	-66.3082
BLOCK29/SES290/SA290S25	SES292	-1.45757	-67.7658	-66.3082
BLOCK29/SES290/SA290S29	SES177	0.642693	-65.1228	-65.7655
BLOCK29/SES290/SA290S29	SES180	0.621887	-65.1436	-65.7655
BLOCK29/SES290/SA290S29	SES275	-1.60972	-67.3752	-65.7655
BLOCK29/SES290/SA290S29	SES292	-1.02261	-66.7881	-65.7655
BLOCK29/SES291/SA291S11	SES105	-2.25402	-66.5622	-64.3082
BLOCK29/SES291/SA291S11	SES125	0.154846	-64.1533	-64.3082
BLOCK29/SES291/SA291S11	SES158	-0.224525	-64.5327	-64.3082
BLOCK29/SES291/SA291S11	SES275	-2.68176	-66.9899	-64.3082
BLOCK29/SES291/SA291S12	SES158	0.650246	-62.8866	-63.5368
BLOCK29/SES291/SA291S12	SES226	0.154884	-63.3819	-63.5368
BLOCK29/SES291/SA291S12	SES270	1.15291	-62.3839	-63.5368
BLOCK29/SES291/SA291S12	SES275	-2.63268	-66.1695	-63.5368
BLOCK29/SES291/SA291S22	SES082	-0.689342	-64.3466	-63.6573
BLOCK29/SES291/SA291S22	SES158	-0.0857811	-63.7431	-63.6573
BLOCK29/SES291/SA291S22	SES259	-0.533916	-64.1912	-63.6573
BLOCK29/SES291/SA291S22	SES275	-2.37588	-66.0332	-63.6573
BLOCK29/SES291/SA291S24	SES104	0.921478	-61.5678	-62.4892
BLOCK29/SES291/SA291S24	SES125	0.367378	-62.1219	-62.4892
BLOCK29/SES291/SA291S24	SES158	0.640614	-61.8486	-62.4892
BLOCK29/SES291/SA291S24	SES275	-2.25695	-64.7462	-62.4892
BLOCK29/SES291/SA291S27	SES158	0.809616	-62.7287	-63.5383
BLOCK29/SES291/SA291S27	SES172	-3.58118	-67.1195	-63.5383
BLOCK29/SES291/SA291S27	SES275	-2.79358	-66.3319	-63.5383
BLOCK29/SES291/SA291S27	SES292	-2.50795	-66.0463	-63.5383
