BLOCK00/SES002/SA002S12	SES002	0.735665	-5.48862	-6.22428
BLOCK00/SES002/SA002S13	SES002	1.06181	-6.30264	-7.36445
BLOCK00/SES002/SA002S23	SES002	0.346258	-6.16897	-6.51522
BLOCK00/SES002/SA002S26	SES002	-0.0207272	-8.4729	-8.45217
BLOCK00/SES002/SA002S28	SES002	-0.652026	-8.55069	-7.89867
BLOCK00/SES007/SA007S14	SES007	1.17534	-4.94503	-6.12037
BLOCK00/SES007/SA007S15	SES007	0.966213	-5.82008	-6.78629
BLOCK00/SES007/SA007S24	SES007	0.540433	-5.38244	-5.92287
BLOCK00/SES007/SA007S27	SES007	0.0543585	-7.56039	-7.61475
BLOCK00/SES007/SA007S29	SES007	0.226171	-5.40111	-5.62728
BLOCK00/SES008/SA008S11	SES008	1.59898	-3.90396	-5.50294
BLOCK00/SES008/SA008S12	SES008	0.7592	-4.54535	-5.30455
BLOCK00/SES008/SA008S19	SES008	1.60519	-4.41554	-6.02074
BLOCK00/SES008/SA008S22	SES008	0.836229	-5.56409	-6.40032
BLOCK00/SES008/SA008S29	SES008	1.30327	-3.59133	-4.8946
BLOCK01/SES014/SA014S10	SES014	0.451716	-5.75674	-6.20845
BLOCK01/SES014/SA014S12	SES014	1.5571	-4.97204	-6.52915
BLOCK01/SES014/SA014S24	SES014	1.48729	-5.12743	-6.61472
BLOCK01/SES014/SA014S26	SES014	1.03962	-5.94618	-6.9858
BLOCK01/SES014/SA014S28	SES014	2.16775	-3.78938	-5.95713
BLOCK01/SES016/SA016S12	SES016	0.430633	-8.38955	-8.82018
BLOCK01/SES016/SA016S13	SES016	1.15795	-5.81305	-6.971
BLOCK01/SES016/SA016S22	SES016	0.748228	-6.56417	-7.3124
BLOCK01/SES016/SA016S25	SES016	1.30083	-4.09314	-5.39397
BLOCK01/SES016/SA016S27	SES016	1.18689	-6.24326	-7.43015
BLOCK01/SES019/SA019S13	SES019	2.75027	-4.68784	-7.43811
BLOCK01/SES019/SA019S14	SES019	1.82984	-6.0038	-7.83365
BLOCK01/SES019/SA019S22	SES019	2.33046	-4.16522	-6.49568
BLOCK01/SES019/SA019S25	SES019	1.45945	-6.02492	-7.48437
BLOCK01/SES019/SA019S29	SES019	2.99949	-6.41984	-9.41933
BLOCK02/SES029/SA029S11	SES029	1.397	-4.41528	-5.81228
BLOCK02/SES029/SA029S12	SES029	0.0605979	-5.83901	-5.89961
BLOCK02/SES029/SA029S20	SES029	1.1041	-4.21795	-5.32205
BLOCK02/SES029/SA029S25	SES029	0.278395	-5.98511	-6.2635
BLOCK02/SES029/SA029S28	SES029	0.303265	-5.87938	-6.18264
BLOCK04/SES042/SA042S12	SES042	2.20665	-4.74399	-6.95063
BLOCK04/SES042/SA042S15	SES042	1.43233	-5.36677	-6.7991
BLOCK04/SES042/SA042S22	SES042	2.83274	-7.18103	-10.0138
BLOCK04/SES042/SA042S25	SES042	1.46284	-7.90162	-9.36446
BLOCK04/SES042/SA042S27	SES042	2.99374	-6.8103	-9.80404
BLOCK04/SES048/SA048S11	SES048	1.33003	-3.92104	-5.25107
BLOCK04/SES048/SA048S12	SES048	0.471086	-6.32479	-6.79587
BLOCK04/SES048/SA048S20	SES048	0.625569	-5.07298	-5.69855
BLOCK04/SES048/SA048S23	SES048	1.27459	-4.40244	-5.67703
BLOCK04/SES048/SA048S27	SES048	-0.00160027	-6.27183	-6.27023
BLOCK06/SES060/SA060S11	SES060	1.31915	-5.36112	-6.68027
BLOCK06/SES060/SA060S12	SES060	0.449197	-8.19422	-8.64341
BLOCK06/SES060/SA060S22	SES060	-0.908338	-8.61231	-7.70398
BLOCK06/SES060/SA060S24	SES060	1.13893	-3.73906	-4.87799
BLOCK06/SES060/SA060S28	SES060	0.870155	-3.38568	-4.25584
BLOCK06/SES062/SA062S10	SES062	0.356078	-5.54613	-5.90221
BLOCK06/SES062/SA062S11	SES062	1.11632	-7.07407	-8.19039
BLOCK06/SES062/SA062S21	SES062	1.14882	-2.93177	-4.08059
BLOCK06/SES062/SA062S26	SES062	0.0992556	-5.75592	-5.85517
BLOCK06/SES062/SA062S29	SES062	1.43007	-3.63061	-5.06068
BLOCK06/SES068/SA068S14	SES068	0.299706	-5.84771	-6.14742
BLOCK06/SES068/SA068S15	SES068	1.35999	-5.27971	-6.6397
BLOCK06/SES068/SA068S23	SES068	0.309372	-6.02133	-6.3307
BLOCK06/SES068/SA068S27	SES068	1.66985	-4.65609	-6.32594
BLOCK06/SES068/SA068S29	SES068	0.431005	-6.08384	-6.51485
BLOCK08/SES082/SA082S12	SES082	0.0438342	-6.59992	-6.64376
BLOCK08/SES082/SA082S14	SES082	0.503089	-6.26859	-6.77168
BLOCK08/SES082/SA082S21	SES082	0.0422711	-6.0212	-6.06347
BLOCK08/SES082/SA082S24	SES082	0.479832	-7.13635	-7.61618
BLOCK08/SES082/SA082S28	SES082	0.302188	-6.72659	-7.02877
BLOCK08/SES083/SA083S14	SES083	0.1513	-5.10202	-5.25332
BLOCK08/SES083/SA083S15	SES083	0.197115	-5.98964	-6.18675
BLOCK08/SES083/SA083S24	SES083	0.327485	-6.06564	-6.39313
BLOCK08/SES083/SA083S26	SES083	-0.190899	-7.69285	-7.50195
BLOCK08/SES083/SA083S29	SES083	-0.313859	-6.9256	-6.61174
BLOCK08/SES085/SA085S10	SES085	1.05666	-4.50869	-5.56535
BLOCK08/SES085/SA085S13	SES085	-1.14542	-8.38614	-7.24071
BLOCK08/SES085/SA085S22	SES085	0.941044	-4.91058	-5.85163
BLOCK08/SES085/SA085S26	SES085	0.471826	-6.54483	-7.01666
BLOCK08/SES085/SA085S28	SES085	0.53668	-5.15498	-5.69166
BLOCK08/SES087/SA087S15	SES087	1.22266	-6.43813	-7.66079
BLOCK08/SES087/SA087S16	SES087	1.29076	-5.60459	-6.89535
BLOCK08/SES087/SA087S24	SES087	1.06395	-7.71207	-8.77603
BLOCK08/SES087/SA087S26	SES087	0.307661	-6.24574	-6.5534
BLOCK08/SES087/SA087S29	SES087	1.20221	-4.7646	-5.96681
BLOCK09/SES099/SA099S15	SES099	1.50113	-6.23373	-7.73486
BLOCK09/SES099/SA099S16	SES099	1.48497	-4.32405	-5.80902
BLOCK09/SES099/SA099S24	SES099	1.43175	-5.02737	-6.45912
BLOCK09/SES099/SA099S26	SES099	1.59899	-5.72132	-7.32031
BLOCK09/SES099/SA099S29	SES099	1.66791	-5.75201	-7.41992
BLOCK10/SES101/SA101S11	SES101	0.089294	-6.01816	-6.10745
BLOCK10/SES101/SA101S13	SES101	1.23819	-2.49748	-3.73567
BLOCK10/SES101/SA101S22	SES101	0.509846	-6.69711	-7.20696
BLOCK10/SES101/SA101S24	SES101	1.33981	-4.70792	-6.04774
BLOCK10/SES101/SA101S28	SES101	0.870674	-5.52111	-6.39179
BLOCK10/SES104/SA104S11	SES104	1.1065	-4.76622	-5.87273
BLOCK10/SES104/SA104S12	SES104	0.610956	-6.17709	-6.78804
BLOCK10/SES104/SA104S21	SES104	0.971402	-6.00432	-6.97572
BLOCK10/SES104/SA104S24	SES104	-0.428069	-8.35241	-7.92434
BLOCK10/SES104/SA104S28	SES104	-0.0131512	-8.46742	-8.45427
BLOCK10/SES105/SA105S12	SES105	1.26638	-6.665	-7.93138
BLOCK10/SES105/SA105S13	SES105	-0.0761375	-6.48754	-6.41141
BLOCK10/SES105/SA105S22	SES105	0.223612	-6.835	-7.05861
BLOCK10/SES105/SA105S26	SES105	0.193967	-7.25171	-7.44568
BLOCK10/SES105/SA105S29	SES105	1.83078	-4.12916	-5.95994
BLOCK10/SES106/SA106S09	SES106	1.14118	-6.80516	-7.94634
BLOCK10/SES106/SA106S11	SES106	1.22983	-5.02624	-6.25607
BLOCK10/SES106/SA106S22	SES106	1.96774	-6.91687	-8.88461
BLOCK10/SES106/SA106S27	SES106	0.920273	-5.12165	-6.04192
BLOCK10/SES106/SA106S29	SES106	1.56021	-5.06371	-6.62392
BLOCK11/SES117/SA117S12	SES117	0.624459	-6.77988	-7.40434
BLOCK11/SES117/SA117S13	SES117	-0.154679	-6.72378	-6.5691
BLOCK11/SES117/SA117S23	SES117	0.883259	-8.4573	-9.34055
BLOCK11/SES117/SA117S25	SES117	1.05168	-5.85539	-6.90707
BLOCK11/SES117/SA117S28	SES117	1.14555	-7.24076	-8.38632
BLOCK12/SES120/SA120S08	SES120	0.652518	-8.451	-9.10351
BLOCK12/SES120/SA120S11	SES120	0.045557	-11.6742	-11.7198
BLOCK12/SES120/SA120S22	SES120	0.48407	-6.08647	-6.57054
BLOCK12/SES120/SA120S24	SES120	1.31614	-8.51483	-9.83097
BLOCK12/SES120/SA120S28	SES120	-0.0728064	-8.22769	-8.15489
BLOCK12/SES125/SA125S13	SES125	1.5108	-7.13019	-8.64099
BLOCK12/SES125/SA125S14	SES125	0.752108	-8.83887	-9.59098
BLOCK12/SES125/SA125S25	SES125	1.73243	-6.84869	-8.58111
BLOCK12/SES125/SA125S27	SES125	1.77355	-5.82687	-7.60042
BLOCK12/SES125/SA125S29	SES125	1.00792	-5.81686	-6.82478
BLOCK12/SES127/SA127S11	SES127	0.643277	-4.93103	-5.57431
BLOCK12/SES127/SA127S12	SES127	0.423764	-3.85094	-4.2747
BLOCK12/SES127/SA127S23	SES127	0.753588	-4.0892	-4.84279
BLOCK12/SES127/SA127S25	SES127	0.553298	-4.06684	-4.62014
BLOCK12/SES127/SA127S27	SES127	1.63646	-3.93413	-5.5706
BLOCK12/SES129/SA129S11	SES129	1.48103	-3.67821	-5.15924
BLOCK12/SES129/SA129S12	SES129	1.20277	-3.55513	-4.7579
BLOCK12/SES129/SA129S22	SES129	0.84136	-4.68741	-5.52877
BLOCK12/SES129/SA129S27	SES129	1.24928	-4.7318	-5.98108
BLOCK12/SES129/SA129S29	SES129	-0.33913	-8.64659	-8.30746
BLOCK14/SES142/SA142S11	SES142	1.67774	-4.51141	-6.18915
BLOCK14/SES142/SA142S12	SES142	0.60974	-6.94962	-7.55936
BLOCK14/SES142/SA142S24	SES142	1.16545	-5.56887	-6.73433
BLOCK14/SES142/SA142S27	SES142	1.22094	-5.61563	-6.83657
BLOCK14/SES142/SA142S29	SES142	1.2493	-5.08645	-6.33575
BLOCK14/SES143/SA143S12	SES143	0.997025	-5.08068	-6.07771
BLOCK14/SES143/SA143S13	SES143	1.14229	-5.29673	-6.43902
BLOCK14/SES143/SA143S23	SES143	0.913876	-5.77051	-6.68439
BLOCK14/SES143/SA143S25	SES143	0.868354	-6.64378	-7.51214
BLOCK14/SES143/SA143S28	SES143	1.40567	-6.3055	-7.71117
BLOCK14/SES144/SA144S09	SES144	0.954105	-5.60774	-6.56185
BLOCK14/SES144/SA144S11	SES144	0.214299	-5.96985	-6.18415
BLOCK14/SES144/SA144S21	SES144	-0.537269	-6.79719	-6.25992
BLOCK14/SES144/SA144S25	SES144	0.957308	-6.17283	-7.13014
BLOCK14/SES144/SA144S29	SES144	-0.304275	-7.23975	-6.93548
BLOCK14/SES146/SA146S14	SES146	0.555372	-6.30451	-6.85989
BLOCK14/SES146/SA146S15	SES146	0.354445	-7.05875	-7.4132
BLOCK14/SES146/SA146S24	SES146	1.22391	-6.22227	-7.44618
BLOCK14/SES146/SA146S26	SES146	0.711938	-5.97383	-6.68577
BLOCK14/SES146/SA146S29	SES146	0.667033	-7.45019	-8.11722
BLOCK14/SES147/SA147S11	SES147	0.589204	-6.48676	-7.07596
BLOCK14/SES147/SA147S13	SES147	1.13456	-4.22318	-5.35774
BLOCK14/SES147/SA147S23	SES147	0.371585	-5.93769	-6.30928
BLOCK14/SES147/SA147S26	SES147	0.947591	-4.85349	-5.80108
BLOCK14/SES147/SA147S28	SES147	1.3989	-3.75073	-5.14963
BLOCK14/SES148/SA148S10	SES148	0.801357	-4.21005	-5.0114
BLOCK14/SES148/SA148S12	SES148	0.493146	-5.78476	-6.2779
BLOCK14/SES148/SA148S22	SES148	1.03367	-3.93744	-4.97111
BLOCK14/SES148/SA148S26	SES148	0.324542	-3.57532	-3.89987
BLOCK14/SES148/SA148S29	SES148	-0.397689	-7.23805	-6.84036
BLOCK14/SES149/SA149S13	SES149	0.0314288	-5.61639	-5.64782
BLOCK14/SES149/SA149S14	SES149	0.859622	-4.13368	-4.9933
BLOCK14/SES149/SA149S24	SES149	0.954613	-4.78636	-5.74097
BLOCK14/SES149/SA149S26	SES149	1.004	-4.63911	-5.64312
BLOCK14/SES149/SA149S28	SES149	1.84645	-1.97509	-3.82154
BLOCK15/SES158/SA158S13	SES158	1.07273	-7.14742	-8.22016
BLOCK15/SES158/SA158S14	SES158	2.28385	-7.58159	-9.86545
BLOCK15/SES158/SA158S23	SES158	1.37212	-5.59273	-6.96486
BLOCK15/SES158/SA158S26	SES158	0.971962	-7.27589	-8.24785
BLOCK15/SES158/SA158S28	SES158	0.492839	-7.29082	-7.78366
BLOCK16/SES162/SA162S10	SES162	1.31301	-6.70729	-8.0203
BLOCK16/SES162/SA162S11	SES162	1.0531	-4.57532	-5.62842
BLOCK16/SES162/SA162S21	SES162	1.20832	-5.40199	-6.61031
BLOCK16/SES162/SA162S24	SES162	1.65941	-4.87394	-6.53336
BLOCK16/SES162/SA162S27	SES162	1.46214	-7.3472	-8.80934
BLOCK16/SES167/SA167S14	SES167	1.27591	-3.81477	-5.09068
BLOCK16/SES167/SA167S15	SES167	1.54389	-3.73556	-5.27946
BLOCK16/SES167/SA167S21	SES167	1.74693	-2.93912	-4.68606
BLOCK16/SES167/SA167S25	SES167	1.45641	-4.46493	-5.92134
BLOCK16/SES167/SA167S29	SES167	2.26557	-2.40034	-4.66591
BLOCK17/SES172/SA172S12	SES172	0.926223	-6.27726	-7.20349
BLOCK17/SES172/SA172S13	SES172	0.970593	-6.62354	-7.59414
BLOCK17/SES172/SA172S23	SES172	0.908632	-4.42018	-5.32881
BLOCK17/SES172/SA172S27	SES172	0.480665	-7.42307	-7.90374
BLOCK17/SES172/SA172S29	SES172	1.80473	-4.83134	-6.63607
BLOCK17/SES175/SA175S11	SES175	0.382056	-6.63058	-7.01263
BLOCK17/SES175/SA175S13	SES175	0.79012	-3.1136	-3.90372
BLOCK17/SES175/SA175S23	SES175	1.14719	-3.89319	-5.04038
BLOCK17/SES175/SA175S25	SES175	0.196515	-6.42412	-6.62064
BLOCK17/SES175/SA175S28	SES175	0.730126	-4.93047	-5.6606
BLOCK17/SES177/SA177S15	SES177	-0.030211	-7.0114	-6.98119
BLOCK17/SES177/SA177S17	SES177	0.387291	-6.32193	-6.70922
BLOCK17/SES177/SA177S23	SES177	-0.199465	-6.94104	-6.74158
BLOCK17/SES177/SA177S26	SES177	1.18247	-3.17565	-4.35812
BLOCK17/SES177/SA177S28	SES177	0.703671	-6.38691	-7.09058
BLOCK18/SES180/SA180S13	SES180	0.400982	-7.54131	-7.94229
BLOCK18/SES180/SA180S15	SES180	0.594851	-5.10378	-5.69864
BLOCK18/SES180/SA180S24	SES180	0.686009	-4.27416	-4.96017
BLOCK18/SES180/SA180S26	SES180	0.443344	-5.73246	-6.1758
BLOCK18/SES180/SA180S29	SES180	-0.0128188	-7.63482	-7.622
BLOCK18/SES183/SA183S13	SES183	1.5013	-5.50513	-7.00644
BLOCK18/SES183/SA183S14	SES183	-0.114677	-5.82943	-5.71476
BLOCK18/SES183/SA183S24	SES183	1.32296	-6.54997	-7.87293
BLOCK18/SES183/SA183S27	SES183	1.33099	-6.19167	-7.52267
BLOCK18/SES183/SA183S29	SES183	1.66553	-4.98018	-6.64571
BLOCK18/SES187/SA187S13	SES187	0.183939	-6.98154	-7.16548
BLOCK18/SES187/SA187S14	SES187	-0.184428	-7.33004	-7.14562
BLOCK18/SES187/SA187S24	SES187	1.52721	-5.97859	-7.5058
BLOCK18/SES187/SA187S27	SES187	1.10989	-5.82041	-6.93029
BLOCK18/SES187/SA187S29	SES187	0.973631	-7.86943	-8.84306
BLOCK18/SES189/SA189S10	SES189	1.2196	-6.82014	-8.03974
BLOCK18/SES189/SA189S13	SES189	1.1738	-8.6227	-9.7965
BLOCK18/SES189/SA189S24	SES189	0.794162	-6.43152	-7.22568
BLOCK18/SES189/SA189S26	SES189	0.737564	-6.50087	-7.23843
BLOCK18/SES189/SA189S29	SES189	1.26329	-5.7217	-6.98499
BLOCK20/SES202/SA202S12	SES202	1.01003	-7.386	-8.39602
BLOCK20/SES202/SA202S14	SES202	1.14702	-6.61949	-7.76651
BLOCK20/SES202/SA202S24	SES202	0.57405	-7.48899	-8.06304
BLOCK20/SES202/SA202S27	SES202	1.35753	-5.00192	-6.35944
BLOCK20/SES202/SA202S29	SES202	0.778421	-5.88106	-6.65948
BLOCK20/SES206/SA206S15	SES206	-0.614591	-5.49215	-4.87755
BLOCK20/SES206/SA206S17	SES206	0.300767	-6.81231	-7.11307
BLOCK20/SES206/SA206S24	SES206	1.62087	-4.22399	-5.84486
BLOCK20/SES206/SA206S27	SES206	1.68863	-6.40044	-8.08906
BLOCK20/SES206/SA206S29	SES206	1.43179	-6.09385	-7.52564
BLOCK22/SES226/SA226S12	SES226	0.406159	-6.44047	-6.84663
BLOCK22/SES226/SA226S13	SES226	-0.431472	-6.05672	-5.62524
BLOCK22/SES226/SA226S20	SES226	0.268056	-5.74986	-6.01791
BLOCK22/SES226/SA226S23	SES226	0.25028	-5.3943	-5.64459
BLOCK22/SES226/SA226S28	SES226	0.725532	-5.54494	-6.27048
BLOCK25/SES259/SA259S13	SES259	2.76852	-5.5533	-8.32182
BLOCK25/SES259/SA259S14	SES259	2.0437	-5.01635	-7.06005
BLOCK25/SES259/SA259S22	SES259	1.67167	-5.51627	-7.18794
BLOCK25/SES259/SA259S24	SES259	1.33395	-6.01779	-7.35174
BLOCK25/SES259/SA259S28	SES259	1.36958	-5.59837	-6.96795
BLOCK27/SES270/SA270S14	SES270	1.80493	-5.78185	-7.58678
BLOCK27/SES270/SA270S16	SES270	-0.0638609	-5.94642	-5.88256
BLOCK27/SES270/SA270S22	SES270	1.53975	-5.21848	-6.75822
BLOCK27/SES270/SA270S26	SES270	1.13326	-6.58694	-7.7202
BLOCK27/SES270/SA270S28	SES270	1.611	-4.45027	-6.06128
BLOCK27/SES275/SA275S17	SES275	0.616483	-5.46984	-6.08632
BLOCK27/SES275/SA275S18	SES275	-0.268064	-6.61632	-6.34826
BLOCK27/SES275/SA275S24	SES275	0.663877	-6.21439	-6.87827
BLOCK27/SES275/SA275S26	SES275	0.727473	-5.58771	-6.31518
BLOCK27/SES275/SA275S28	SES275	0.488513	-5.69739	-6.1859
BLOCK29/SES292/SA292S10	SES292	-0.778092	-6.49649	-5.7184
BLOCK29/SES292/SA292S12	SES292	0.379035	-7.11538	-7.49442
BLOCK29/SES292/SA292S22	SES292	0.204546	-6.2184	-6.42295
BLOCK29/SES292/SA292S24	SES292	0.441712	-5.01113	-5.45284
BLOCK29/SES292/SA292S27	SES292	-0.0482326	-5.6772	-5.62897
BLOCK00/SES001/SA001S14	SES062	-3.08847	-10.6998	-7.6113
BLOCK00/SES001/SA001S14	SES082	-1.4183	-9.02959	-7.6113
BLOCK00/SES001/SA001S14	SES106	-0.830416	-8.44171	-7.6113
BLOCK00/SES001/SA001S14	SES206	-1.24431	-8.8556	-7.6113
BLOCK00/SES001/SA001S15	SES062	-3.01365	-9.87153	-6.85788
BLOCK00/SES001/SA001S15	SES104	-0.987405	-7.84528	-6.85788
BLOCK00/SES001/SA001S15	SES106	-0.432329	-7.29021	-6.85788
BLOCK00/SES001/SA001S15	SES206	-1.56686	-8.42474	-6.85788
BLOCK00/SES001/SA001S24	SES062	-3.04535	-10.7465	-7.70119
BLOCK00/SES001/SA001S24	SES082	-1.5624	-9.26359	-7.70119
BLOCK00/SES001/SA001S24	SES087	-2.94272	-10.6439	-7.70119
BLOCK00/SES001/SA001S24	SES206	-0.663464	-8.36465	-7.70119
BLOCK00/SES001/SA001S27	SES062	-1.47655	-5.93956	-4.46301
BLOCK00/SES001/SA001S27	SES082	-1.03553	-5.49854	-4.46301
BLOCK00/SES001/SA001S27	SES087	-0.850603	-5.31361	-4.46301
BLOCK00/SES001/SA001S27	SES206	-1.7751	-6.23811	-4.46301
BLOCK00/SES001/SA001S29	SES062	-2.95851	-10.1707	-7.21216
BLOCK00/SES001/SA001S29	SES082	-1.42382	-8.63598	-7.21216
BLOCK00/SES001/SA001S29	SES158	-0.909639	-8.1218	-7.21216
BLOCK00/SES001/SA001S29	SES206	-2.51584	-9.728	-7.21216
BLOCK00/SES003/SA003S11	SES002	0.059062	-6.19616	-6.25522
BLOCK00/SES003/SA003S11	SES019	-2.15033	-8.40555	-6.25522
BLOCK00/SES003/SA003S11	SES082	-0.700508	-6.95573	-6.25522
BLOCK00/SES003/SA003S11	SES125	-1.24418	-7.4994	-6.25522
BLOCK00/SES003/SA003S15	SES016	-1.31421	-6.97865	-5.66445
BLOCK00/SES003/SA003S15	SES019	-3.09527	-8.75972	-5.66445
BLOCK00/SES003/SA003S15	SES062	0.0158615	-5.64859	-5.66445
BLOCK00/SES003/SA003S15	SES206	-0.273474	-5.93792	-5.66445
BLOCK00/SES003/SA003S22	SES002	-0.420009	-6.62718	-6.20718
BLOCK00/SES003/SA003S22	SES062	-0.415848	-6.62302	-6.20718
BLOCK00/SES003/SA003S22	SES082	-0.517651	-6.72483	-6.20718
BLOCK00/SES003/SA003S22	SES087	-0.600246	-6.80742	-6.20718
BLOCK00/SES003/SA003S25	SES062	-3.65202	-11.5031	-7.85108
BLOCK00/SES003/SA003S25	SES082	-1.58099	-9.43208	-7.85108
BLOCK00/SES003/SA003S25	SES087	-1.54685	-9.39794	-7.85108
BLOCK00/SES003/SA003S25	SES206	-2.46036	-10.3114	-7.85108
BLOCK00/SES003/SA003S29	SES002	-1.29271	-7.85461	-6.5619
BLOCK00/SES003/SA003S29	SES062	-2.81052	-9.37242	-6.5619
BLOCK00/SES003/SA003S29	SES082	-0.670675	-7.23257	-6.5619
BLOCK00/SES003/SA003S29	SES087	-1.49047	-8.05237	-6.5619
BLOCK00/SES004/SA004S12	SES083	-1.15618	-6.40487	-5.24869
BLOCK00/SES004/SA004S12	SES148	-1.36656	-6.61525	-5.24869
BLOCK00/SES004/SA004S12	SES172	-0.0191402	-5.26783	-5.24869
BLOCK00/SES004/SA004S12	SES292	-1.50504	-6.75373	-5.24869
BLOCK00/SES004/SA004S17	SES083	-0.675946	-6.31353	-5.63758
BLOCK00/SES004/SA004S17	SES162	-0.234671	-5.87226	-5.63758
BLOCK00/SES004/SA004S17	SES172	0.0993886	-5.5382	-5.63758
BLOCK00/SES004/SA004S17	SES292	-0.90748	-6.54506	-5.63758
BLOCK00/SES004/SA004S24	SES083	-1.25501	-6.89145	-5.63644
BLOCK00/SES004/SA004S24	SES148	-2.56254	-8.19899	-5.63644
BLOCK00/SES004/SA004S24	SES172	0.0927067	-5.54373	-5.63644
BLOCK00/SES004/SA004S24	SES292	-1.08372	-6.72016	-5.63644
BLOCK00/SES004/SA004S26	SES083	-0.775199	-7.48894	-6.71374
BLOCK00/SES004/SA004S26	SES127	-1.931	-8.64474	-6.71374
BLOCK00/SES004/SA004S26	SES148	-4.14912	-10.8629	-6.71374
BLOCK00/SES004/SA004S26	SES292	-2.58735	-9.30109	-6.71374
BLOCK00/SES004/SA004S28	SES083	-0.699363	-4.48485	-3.78548
BLOCK00/SES004/SA004S28	SES127	-0.304209	-4.08969	-3.78548
BLOCK00/SES004/SA004S28	SES187	-0.189263	-3.97475	-3.78548
BLOCK00/SES004/SA004S28	SES292	-1.00554	-4.79102	-3.78548
BLOCK00/SES006/SA006S10	SES014	-5.68446	-14.8999	-9.21549
BLOCK00/SES006/SA006S10	SES158	-4.40758	-13.6231	-9.21549
BLOCK00/SES006/SA006S10	SES226	-6.10589	-15.3214	-9.21549
BLOCK00/SES006/SA006S10	SES270	-2.73157	-11.9471	-9.21549
BLOCK00/SES006/SA006S11	SES158	-4.01353	-13.1533	-9.13974
BLOCK00/SES006/SA006S11	SES226	-3.75498	-12.8947	-9.13974
BLOCK00/SES006/SA006S11	SES270	-2.10258	-11.2423	-9.13974
BLOCK00/SES006/SA006S11	SES275	-2.65952	-11.7993	-9.13974
BLOCK00/SES006/SA006S23	SES062	-5.1047	-13.1058	-8.00107
BLOCK00/SES006/SA006S23	SES105	-4.44908	-12.4501	-8.00107
BLOCK00/SES006/SA006S23	SES158	-4.18057	-12.1816	-8.00107
BLOCK00/SES006/SA006S23	SES275	-2.40402	-10.4051	-8.00107
BLOCK00/SES006/SA006S26	SES104	-7.45836	-16.2461	-8.7877
BLOCK00/SES006/SA006S26	SES158	-4.69901	-13.4867	-8.7877
BLOCK00/SES006/SA006S26	SES270	-2.04993	-10.8376	-8.7877
BLOCK00/SES006/SA006S26	SES275	-3.08398	-11.8717	-8.7877
BLOCK00/SES006/SA006S28	SES007	-2.61569	-11.1735	-8.55776
BLOCK00/SES006/SA006S28	SES105	-3.48376	-12.0415	-8.55776
BLOCK00/SES006/SA006S28	SES158	-2.2851	-10.8429	-8.55776
BLOCK00/SES006/SA006S28	SES275	-3.13981	-11.6976	-8.55776
BLOCK00/SES009/SA009S12	SES083	-2.75341	-10.1487	-7.39534
BLOCK00/SES009/SA009S12	SES148	-3.30079	-10.6961	-7.39534
BLOCK00/SES009/SA009S12	SES177	-0.0835013	-7.47884	-7.39534
BLOCK00/SES009/SA009S12	SES292	-0.445001	-7.84034	-7.39534
BLOCK00/SES009/SA009S15	SES007	-0.0919857	-6.54068	-6.44869
BLOCK00/SES009/SA009S15	SES099	-3.0331	-9.48179	-6.44869
BLOCK00/SES009/SA009S15	SES148	-3.66673	-10.1154	-6.44869
BLOCK00/SES009/SA009S15	SES172	-0.0289445	-6.47763	-6.44869
BLOCK00/SES009/SA009S24	SES146	-0.860008	-8.3966	-7.5366
BLOCK00/SES009/SA009S24	SES148	-3.177	-10.7136	-7.5366
BLOCK00/SES009/SA009S24	SES177	-1.13211	-8.6687	-7.5366
BLOCK00/SES009/SA009S24	SES292	-0.56859	-8.10519	-7.5366
BLOCK00/SES009/SA009S26	SES083	-2.74689	-9.23986	-6.49297
BLOCK00/SES009/SA009S26	SES101	-2.45511	-8.94808	-6.49297
BLOCK00/SES009/SA009S26	SES120	-0.955827	-7.4488	-6.49297
BLOCK00/SES009/SA009S26	SES177	-0.713562	-7.20653	-6.49297
BLOCK00/SES009/SA009S29	SES083	-2.08969	-8.50938	-6.41969
BLOCK00/SES009/SA009S29	SES101	-1.4462	-7.86589	-6.41969
BLOCK00/SES009/SA009S29	SES177	-0.44236	-6.86205	-6.41969
BLOCK00/SES009/SA009S29	SES292	-0.96069	-7.38038	-6.41969
BLOCK01/SES011/SA011S10	SES019	-3.35942	-11.8625	-8.50307
BLOCK01/SES011/SA011S10	SES042	-0.512926	-9.01599	-8.50307
BLOCK01/SES011/SA011S10	SES082	-0.968813	-9.47188	-8.50307
BLOCK01/SES011/SA011S10	SES206	-0.775511	-9.27858	-8.50307
BLOCK01/SES011/SA011S11	SES019	-3.29864	-11.682	-8.38337
BLOCK01/SES011/SA011S11	SES042	-0.157461	-8.54083	-8.38337
BLOCK01/SES011/SA011S11	SES082	-0.557565	-8.94093	-8.38337
BLOCK01/SES011/SA011S11	SES206	-1.01635	-9.39971	-8.38337
BLOCK01/SES011/SA011S22	SES019	-1.95987	-10.8342	-8.87437
BLOCK01/SES011/SA011S22	SES042	-0.111267	-8.98564	-8.87437
BLOCK01/SES011/SA011S22	SES082	-0.911478	-9.78585	-8.87437
BLOCK01/SES011/SA011S22	SES206	-1.45476	-10.3291	-8.87437
BLOCK01/SES011/SA011S24	SES019	-3.6763	-11.7173	-8.04103
BLOCK01/SES011/SA011S24	SES042	0.183148	-7.85788	-8.04103
BLOCK01/SES011/SA011S24	SES104	-0.842854	-8.88388	-8.04103
BLOCK01/SES011/SA011S24	SES206	-0.591981	-8.63301	-8.04103
BLOCK01/SES011/SA011S27	SES082	-0.840017	-8.36221	-7.52219
BLOCK01/SES011/SA011S27	SES087	-2.77609	-10.2983	-7.52219
BLOCK01/SES011/SA011S27	SES125	-1.09835	-8.62054	-7.52219
BLOCK01/SES011/SA011S27	SES206	-1.32483	-8.84703	-7.52219
BLOCK01/SES012/SA012S11	SES007	-0.682281	-6.62316	-5.94088
BLOCK01/SES012/SA012S11	SES082	-0.792839	-6.73372	-5.94088
BLOCK01/SES012/SA012S11	SES083	-1.9104	-7.85129	-5.94088
BLOCK01/SES012/SA012S11	SES206	-0.609324	-6.55021	-5.94088
BLOCK01/SES012/SA012S14	SES082	-0.491978	-8.11877	-7.6268
BLOCK01/SES012/SA012S14	SES087	-2.01456	-9.64135	-7.6268
BLOCK01/SES012/SA012S14	SES206	-0.336622	-7.96342	-7.6268
BLOCK01/SES012/SA012S14	SES292	-1.46865	-9.09544	-7.6268
BLOCK01/SES012/SA012S24	SES082	0.184233	-8.88782	-9.07205
BLOCK01/SES012/SA012S24	SES087	-1.96473	-11.0368	-9.07205
BLOCK01/SES012/SA012S24	SES120	-1.28607	-10.3581	-9.07205
BLOCK01/SES012/SA012S24	SES206	-1.00608	-10.0781	-9.07205
BLOCK01/SES012/SA012S26	SES019	-9.18634	-18.1719	-8.98561
BLOCK01/SES012/SA012S26	SES082	-1.59673	-10.5823	-8.98561
BLOCK01/SES012/SA012S26	SES206	0.101213	-8.88439	-8.98561
BLOCK01/SES012/SA012S26	SES292	-0.59222	-9.57783	-8.98561
BLOCK01/SES012/SA012S29	SES062	-1.41683	-6.30494	-4.88811
BLOCK01/SES012/SA012S29	SES082	-0.305316	-5.19342	-4.88811
BLOCK01/SES012/SA012S29	SES083	-1.75831	-6.64642	-4.88811
BLOCK01/SES012/SA012S29	SES206	0.219764	-4.66834	-4.88811
BLOCK01/SES013/SA013S16	SES062	-4.26979	-12.9257	-8.6559
BLOCK01/SES013/SA013S16	SES106	-2.27908	-10.935	-8.6559
BLOCK01/SES013/SA013S16	SES206	-2.37576	-11.0317	-8.6559
BLOCK01/SES013/SA013S16	SES226	-2.75482	-11.4107	-8.6559
BLOCK01/SES013/SA013S17	SES062	-3.11476	-9.50385	-6.38909
BLOCK01/SES013/SA013S17	SES106	-2.1019	-8.49099	-6.38909
BLOCK01/SES013/SA013S17	SES206	-1.24358	-7.63267	-6.38909
BLOCK01/SES013/SA013S17	SES226	-0.707511	-7.0966	-6.38909
BLOCK01/SES013/SA013S23	SES104	-0.744329	-8.38397	-7.63964
BLOCK01/SES013/SA013S23	SES106	-0.934354	-8.574	-7.63964
BLOCK01/SES013/SA013S23	SES206	-2.51424	-10.1539	-7.63964
BLOCK01/SES013/SA013S23	SES270	-3.13585	-10.7755	-7.63964
BLOCK01/SES013/SA013S25	SES042	-3.76765	-11.5377	-7.77002
BLOCK01/SES013/SA013S25	SES104	-0.377674	-8.14769	-7.77002
BLOCK01/SES013/SA013S25	SES106	-0.588821	-8.35884	-7.77002
BLOCK01/SES013/SA013S25	SES206	-2.2745	-10.0445	-7.77002
BLOCK01/SES013/SA013S29	SES062	-4.41802	-12.3273	-7.90932
BLOCK01/SES013/SA013S29	SES104	-1.315	-9.22432	-7.90932
BLOCK01/SES013/SA013S29	SES106	-1.16022	-9.06954	-7.90932
BLOCK01/SES013/SA013S29	SES206	-3.03248	-10.9418	-7.90932
BLOCK02/SES021/SA021S13	SES016	-2.55803	-9.48516	-6.92713
BLOCK02/SES021/SA021S13	SES029	-1.22316	-8.15028	-6.92713
BLOCK02/SES021/SA021S13	SES087	-2.48614	-9.41327	-6.92713
BLOCK02/SES021/SA021S13	SES206	-1.82583	-8.75296	-6.92713
BLOCK02/SES021/SA021S15	SES087	-1.07875	-7.45142	-6.37267
BLOCK02/SES021/SA021S15	SES125	-0.860543	-7.23321	-6.37267
BLOCK02/SES021/SA021S15	SES206	-1.6808	-8.05347	-6.37267
BLOCK02/SES021/SA021S15	SES226	-1.55797	-7.93064	-6.37267
BLOCK02/SES021/SA021S23	SES062	-3.51867	-11.3389	-7.82024
BLOCK02/SES021/SA021S23	SES087	-0.887903	-8.70814	-7.82024
BLOCK02/SES021/SA021S23	SES206	-1.46173	-9.28197	-7.82024
BLOCK02/SES021/SA021S23	SES226	-0.934741	-8.75498	-7.82024
BLOCK02/SES021/SA021S27	SES002	-1.3633	-6.94695	-5.58365
BLOCK02/SES021/SA021S27	SES016	-2.98731	-8.57096	-5.58365
BLOCK02/SES021/SA021S27	SES019	-2.55241	-8.13606	-5.58365
BLOCK02/SES021/SA021S27	SES062	-1.05843	-6.64208	-5.58365
BLOCK02/SES021/SA021S29	SES087	-0.982838	-8.01969	-7.03685
BLOCK02/SES021/SA021S29	SES125	-2.11888	-9.15573	-7.03685
BLOCK02/SES021/SA021S29	SES206	-0.476607	-7.51346	-7.03685
BLOCK02/SES021/SA021S29	SES226	-1.42826	-8.46511	-7.03685
BLOCK04/SES043/SA043S09	SES083	-0.693079	-8.57947	-7.88639
BLOCK04/SES043/SA043S09	SES101	-0.731358	-8.61775	-7.88639
BLOCK04/SES043/SA043S09	SES144	-0.381478	-8.26787	-7.88639
BLOCK04/SES043/SA043S09	SES172	-1.43988	-9.32627	-7.88639
BLOCK04/SES043/SA043S11	SES083	-0.533207	-6.26311	-5.7299
BLOCK04/SES043/SA043S11	SES101	-0.241214	-5.97112	-5.7299
BLOCK04/SES043/SA043S11	SES144	0.312656	-5.41725	-5.7299
BLOCK04/SES043/SA043S11	SES172	-1.17563	-6.90554	-5.7299
BLOCK04/SES043/SA043S23	SES083	-0.632417	-6.74917	-6.11675
BLOCK04/SES043/SA043S23	SES144	-0.00603437	-6.12278	-6.11675
BLOCK04/SES043/SA043S23	SES177	-0.885061	-7.00181	-6.11675
BLOCK04/SES043/SA043S23	SES275	-0.825436	-6.94219	-6.11675
BLOCK04/SES043/SA043S26	SES083	-1.49925	-10.9665	-9.46727
BLOCK04/SES043/SA043S26	SES101	-0.724926	-10.1922	-9.46727
BLOCK04/SES043/SA043S26	SES144	0.120865	-9.34641	-9.46727
BLOCK04/SES043/SA043S26	SES177	-1.64509	-11.1124	-9.46727
BLOCK04/SES043/SA043S28	SES016	-2.12603	-8.91794	-6.79191
BLOCK04/SES043/SA043S28	SES083	-1.31242	-8.10433	-6.79191
BLOCK04/SES043/SA043S28	SES101	-0.810736	-7.60265	-6.79191
BLOCK04/SES043/SA043S28	SES144	-1.03327	-7.82519	-6.79191
BLOCK04/SES044/SA044S10	SES127	-4.888	-13.8697	-8.98169
BLOCK04/SES044/SA044S10	SES144	-1.69842	-10.6801	-8.98169
BLOCK04/SES044/SA044S10	SES147	-4.10271	-13.0844	-8.98169
BLOCK04/SES044/SA044S10	SES148	-4.42942	-13.4111	-8.98169
BLOCK04/SES044/SA044S11	SES101	-1.06692	-8.51523	-7.44832
BLOCK04/SES044/SA044S11	SES144	-0.919366	-8.36768	-7.44832
BLOCK04/SES044/SA044S11	SES147	-1.90817	-9.35649	-7.44832
BLOCK04/SES044/SA044S11	SES177	-1.95083	-9.39914	-7.44832
BLOCK04/SES044/SA044S24	SES007	-2.65902	-9.88783	-7.2288
BLOCK04/SES044/SA044S24	SES101	-1.82288	-9.05169	-7.2288
BLOCK04/SES044/SA044S24	SES147	-2.79346	-10.0223	-7.2288
BLOCK04/SES044/SA044S24	SES177	-1.54683	-8.77563	-7.2288
BLOCK04/SES044/SA044S26	SES007	-0.858213	-6.76424	-5.90603
BLOCK04/SES044/SA044S26	SES016	-0.268252	-6.17428	-5.90603
BLOCK04/SES044/SA044S26	SES101	-0.700802	-6.60683	-5.90603
BLOCK04/SES044/SA044S26	SES147	-0.423463	-6.32949	-5.90603
BLOCK04/SES044/SA044S29	SES007	-2.58208	-9.2094	-6.62731
BLOCK04/SES044/SA044S29	SES101	-0.72874	-7.35605	-6.62731
BLOCK04/SES044/SA044S29	SES147	-1.43715	-8.06446	-6.62731
BLOCK04/SES044/SA044S29	SES177	-2.46227	-9.08958	-6.62731
BLOCK04/SES046/SA046S13	SES101	-0.713218	-8.70207	-7.98885
BLOCK04/SES046/SA046S13	SES144	-0.665879	-8.65473	-7.98885
BLOCK04/SES046/SA046S13	SES147	-1.84811	-9.83696	-7.98885
BLOCK04/SES046/SA046S13	SES177	-1.27443	-9.26328	-7.98885
BLOCK04/SES046/SA046S15	SES048	-0.0716338	-4.57036	-4.49873
BLOCK04/SES046/SA046S15	SES083	-1.48963	-5.98836	-4.49873
BLOCK04/SES046/SA046S15	SES120	-2.56018	-7.0589	-4.49873
BLOCK04/SES046/SA046S15	SES148	-1.47925	-5.97798	-4.49873
BLOCK04/SES046/SA046S22	SES101	-0.327132	-7.28501	-6.95788
BLOCK04/SES046/SA046S22	SES144	0.373975	-6.5839	-6.95788
BLOCK04/SES046/SA046S22	SES147	-1.11997	-8.07785	-6.95788
BLOCK04/SES046/SA046S22	SES172	-0.288043	-7.24592	-6.95788
BLOCK04/SES046/SA046S25	SES083	-0.42127	-5.65303	-5.23176
BLOCK04/SES046/SA046S25	SES127	-1.02767	-6.25942	-5.23176
BLOCK04/SES046/SA046S25	SES144	-0.428619	-5.66038	-5.23176
BLOCK04/SES046/SA046S25	SES148	-1.20613	-6.43789	-5.23176
BLOCK04/SES046/SA046S28	SES007	-0.987294	-7.24146	-6.25417
BLOCK04/SES046/SA046S28	SES105	-1.89407	-8.14824	-6.25417
BLOCK04/SES046/SA046S28	SES147	-1.45055	-7.70472	-6.25417
BLOCK04/SES046/SA046S28	SES148	-1.99668	-8.25085	-6.25417
BLOCK04/SES049/SA049S16	SES104	-1.1605	-8.98956	-7.82906
BLOCK04/SES049/SA049S16	SES106	-2.59785	-10.4269	-7.82906
BLOCK04/SES049/SA049S16	SES120	-2.07953	-9.90859	-7.82906
BLOCK04/SES049/SA049S16	SES206	-2.21629	-10.0453	-7.82906
BLOCK04/SES049/SA049S18	SES099	-1.27385	-9.28851	-8.01466
BLOCK04/SES049/SA049S18	SES104	-1.55343	-9.56808	-8.01466
BLOCK04/SES049/SA049S18	SES125	-2.37298	-10.3876	-8.01466
BLOCK04/SES049/SA049S18	SES206	-2.41141	-10.4261	-8.01466
BLOCK04/SES049/SA049S25	SES087	-2.54501	-10.5379	-7.99288
BLOCK04/SES049/SA049S25	SES104	-0.858898	-8.85178	-7.99288
BLOCK04/SES049/SA049S25	SES125	-2.21928	-10.2122	-7.99288
BLOCK04/SES049/SA049S25	SES206	-1.37376	-9.36664	-7.99288
BLOCK04/SES049/SA049S27	SES099	-0.942331	-5.73867	-4.79634
BLOCK04/SES049/SA049S27	SES104	0.113459	-4.68288	-4.79634
BLOCK04/SES049/SA049S27	SES125	-2.3023	-7.09863	-4.79634
BLOCK04/SES049/SA049S27	SES206	-2.13848	-6.93481	-4.79634
BLOCK04/SES049/SA049S29	SES099	-0.206183	-6.06059	-5.8544
BLOCK04/SES049/SA049S29	SES104	-0.0126081	-5.86701	-5.8544
BLOCK04/SES049/SA049S29	SES125	-0.662317	-6.51672	-5.8544
BLOCK04/SES049/SA049S29	SES206	-1.1954	-7.0498	-5.8544
BLOCK06/SES063/SA063S09	SES068	-2.48763	-11.1202	-8.63259
BLOCK06/SES063/SA063S09	SES083	-0.822394	-9.45498	-8.63259
BLOCK06/SES063/SA063S09	SES177	-1.12428	-9.75687	-8.63259
BLOCK06/SES063/SA063S09	SES187	-1.38531	-10.0179	-8.63259
BLOCK06/SES063/SA063S10	SES068	-2.71751	-10.6666	-7.9491
BLOCK06/SES063/SA063S10	SES083	-2.04351	-9.99261	-7.9491
BLOCK06/SES063/SA063S10	SES172	-1.89153	-9.84063	-7.9491
BLOCK06/SES063/SA063S10	SES187	-0.837141	-8.78624	-7.9491
BLOCK06/SES063/SA063S20	SES068	-2.91877	-11.3965	-8.47769
BLOCK06/SES063/SA063S20	SES083	-0.883638	-9.36133	-8.47769
BLOCK06/SES063/SA063S20	SES172	-1.41679	-9.89448	-8.47769
BLOCK06/SES063/SA063S20	SES187	-1.13166	-9.60935	-8.47769
BLOCK06/SES063/SA063S24	SES029	-2.393	-10.9142	-8.52117
BLOCK06/SES063/SA063S24	SES083	-0.725329	-9.2465	-8.52117
BLOCK06/SES063/SA063S24	SES177	-1.701	-10.2222	-8.52117
BLOCK06/SES063/SA063S24	SES189	-0.168604	-8.68978	-8.52117
BLOCK06/SES063/SA063S27	SES083	-1.50838	-9.64524	-8.13686
BLOCK06/SES063/SA063S27	SES172	-1.53445	-9.67131	-8.13686
BLOCK06/SES063/SA063S27	SES187	-1.09345	-9.23032	-8.13686
BLOCK06/SES063/SA063S27	SES292	-1.5411	-9.67797	-8.13686
BLOCK06/SES067/SA067S12	SES083	-1.60474	-7.4649	-5.86016
BLOCK06/SES067/SA067S12	SES172	-1.6645	-7.52466	-5.86016
BLOCK06/SES067/SA067S12	SES202	-1.52286	-7.38302	-5.86016
BLOCK06/SES067/SA067S12	SES292	-1.41663	-7.27679	-5.86016
BLOCK06/SES067/SA067S14	SES085	-1.27608	-5.09565	-3.81957
BLOCK06/SES067/SA067S14	SES177	-1.77043	-5.59	-3.81957
BLOCK06/SES067/SA067S14	SES183	0.528237	-3.29133	-3.81957
BLOCK06/SES067/SA067S14	SES202	-1.00311	-4.82267	-3.81957
BLOCK06/SES067/SA067S21	SES144	-1.30056	-8.47513	-7.17457
BLOCK06/SES067/SA067S21	SES177	-1.5647	-8.73927	-7.17457
BLOCK06/SES067/SA067S21	SES183	-0.405535	-7.5801	-7.17457
BLOCK06/SES067/SA067S21	SES189	-0.618612	-7.79318	-7.17457
BLOCK06/SES067/SA067S25	SES085	-3.31596	-9.97894	-6.66298
BLOCK06/SES067/SA067S25	SES177	-1.10849	-7.77147	-6.66298
BLOCK06/SES067/SA067S25	SES183	-0.828192	-7.49117	-6.66298
BLOCK06/SES067/SA067S25	SES202	-1.59023	-8.25321	-6.66298
BLOCK06/SES067/SA067S29	SES085	-5.3208	-13.0758	-7.75499
BLOCK06/SES067/SA067S29	SES177	-4.33188	-12.0869	-7.75499
BLOCK06/SES067/SA067S29	SES183	-0.789666	-8.54466	-7.75499
BLOCK06/SES067/SA067S29	SES202	-3.71166	-11.4667	-7.75499
BLOCK06/SES069/SA069S12	SES029	-2.35315	-8.03021	-5.67707
BLOCK06/SES069/SA069S12	SES082	-0.689593	-6.36666	-5.67707
BLOCK06/SES069/SA069S12	SES087	-1.35047	-7.02754	-5.67707
BLOCK06/SES069/SA069S12	SES206	-0.487177	-6.16425	-5.67707
BLOCK06/SES069/SA069S13	SES029	-2.59864	-7.67228	-5.07364
BLOCK06/SES069/SA069S13	SES087	-0.691519	-5.76516	-5.07364
BLOCK06/SES069/SA069S13	SES206	-1.84809	-6.92173	-5.07364
BLOCK06/SES069/SA069S13	SES226	0.223638	-4.85	-5.07364
BLOCK06/SES069/SA069S23	SES029	-0.548815	-4.68071	-4.1319
BLOCK06/SES069/SA069S23	SES087	0.362739	-3.76916	-4.1319
BLOCK06/SES069/SA069S23	SES206	-0.78232	-4.91422	-4.1319
BLOCK06/SES069/SA069S23	SES226	0.0596895	-4.07221	-4.1319
BLOCK06/SES069/SA069S25	SES087	-1.24512	-6.73462	-5.4895
BLOCK06/SES069/SA069S25	SES206	-1.95366	-7.44316	-5.4895
BLOCK06/SES069/SA069S25	SES226	-1.21267	-6.70217	-5.4895
BLOCK06/SES069/SA069S25	SES270	-1.47828	-6.96778	-5.4895
BLOCK06/SES069/SA069S27	SES087	-0.929409	-7.435	-6.50559
BLOCK06/SES069/SA069S27	SES206	-0.952989	-7.45858	-6.50559
BLOCK06/SES069/SA069S27	SES226	-0.593853	-7.09944	-6.50559
BLOCK06/SES069/SA069S27	SES270	-1.75465	-8.26025	-6.50559
BLOCK08/SES081/SA081S11	SES060	-2.31676	-9.02852	-6.71175
BLOCK08/SES081/SA081S11	SES062	-1.16271	-7.87446	-6.71175
BLOCK08/SES081/SA081S11	SES117	-2.09551	-8.80726	-6.71175
BLOCK08/SES081/SA081S11	SES162	-2.86124	-9.573	-6.71175
BLOCK08/SES081/SA081S13	SES016	-1.79746	-7.58209	-5.78463
BLOCK08/SES081/SA081S13	SES060	-0.412878	-6.19751	-5.78463
BLOCK08/SES081/SA081S13	SES068	-1.27062	-7.05526	-5.78463
BLOCK08/SES081/SA081S13	SES129	-3.22732	-9.01195	-5.78463
BLOCK08/SES081/SA081S24	SES060	-0.388951	-7.02711	-6.63816
BLOCK08/SES081/SA081S24	SES068	-0.454879	-7.09304	-6.63816
BLOCK08/SES081/SA081S24	SES117	-0.731957	-7.37012	-6.63816
BLOCK08/SES081/SA081S24	SES275	-0.639369	-7.27753	-6.63816
BLOCK08/SES081/SA081S27	SES007	-0.758989	-9.25907	-8.50008
BLOCK08/SES081/SA081S27	SES060	-0.876308	-9.37638	-8.50008
BLOCK08/SES081/SA081S27	SES117	-1.38949	-9.88957	-8.50008
BLOCK08/SES081/SA081S27	SES275	-2.92111	-11.4212	-8.50008
BLOCK08/SES081/SA081S29	SES007	-0.434998	-9.4337	-8.9987
BLOCK08/SES081/SA081S29	SES060	-0.761336	-9.76004	-8.9987
BLOCK08/SES081/SA081S29	SES117	-1.27515	-10.2739	-8.9987
BLOCK08/SES081/SA081S29	SES275	-3.10369	-12.1024	-8.9987
BLOCK08/SES086/SA086S11	SES029	-3.5584	-12.58	-9.02163
BLOCK08/SES086/SA086S11	SES082	-2.5259	-11.5475	-9.02163
BLOCK08/SES086/SA086S11	SES087	-0.827632	-9.84927	-9.02163
BLOCK08/SES086/SA086S11	SES206	-1.98645	-11.0081	-9.02163
BLOCK08/SES086/SA086S12	SES029	-2.25006	-10.4236	-8.17352
BLOCK08/SES086/SA086S12	SES082	-2.31055	-10.4841	-8.17352
BLOCK08/SES086/SA086S12	SES087	0.261057	-7.91247	-8.17352
BLOCK08/SES086/SA086S12	SES206	-1.13926	-9.31279	-8.17352
BLOCK08/SES086/SA086S20	SES029	-2.68605	-10.0483	-7.36226
BLOCK08/SES086/SA086S20	SES082	-2.00548	-9.36774	-7.36226
BLOCK08/SES086/SA086S20	SES087	-0.217683	-7.57994	-7.36226
BLOCK08/SES086/SA086S20	SES206	-0.291376	-7.65364	-7.36226
BLOCK08/SES086/SA086S24	SES087	-0.130718	-8.67783	-8.54711
BLOCK08/SES086/SA086S24	SES104	-0.775741	-9.32285	-8.54711
BLOCK08/SES086/SA086S24	SES120	-0.381313	-8.92842	-8.54711
BLOCK08/SES086/SA086S24	SES206	0.391326	-8.15578	-8.54711
BLOCK08/SES086/SA086S28	SES029	-3.1111	-9.67559	-6.56449
BLOCK08/SES086/SA086S28	SES082	-1.18505	-7.74954	-6.56449
BLOCK08/SES086/SA086S28	SES087	-0.179256	-6.74375	-6.56449
BLOCK08/SES086/SA086S28	SES206	-0.721315	-7.28581	-6.56449
BLOCK08/SES089/SA089S13	SES087	-0.900525	-9.42798	-8.52746
BLOCK08/SES089/SA089S13	SES206	-2.2473	-10.7748	-8.52746
BLOCK08/SES089/SA089S13	SES226	-1.1249	-9.65236	-8.52746
BLOCK08/SES089/SA089S13	SES270	-1.75248	-10.2799	-8.52746
BLOCK08/SES089/SA089S14	SES062	-2.97488	-10.4337	-7.45884
BLOCK08/SES089/SA089S14	SES087	-0.991532	-8.45037	-7.45884
BLOCK08/SES089/SA089S14	SES206	-1.31618	-8.77502	-7.45884
BLOCK08/SES089/SA089S14	SES226	-2.61348	-10.0723	-7.45884
BLOCK08/SES089/SA089S23	SES087	-1.94057	-12.6507	-10.7101
BLOCK08/SES089/SA089S23	SES206	-1.11122	-11.8214	-10.7101
BLOCK08/SES089/SA089S23	SES226	-3.54401	-14.2541	-10.7101
BLOCK08/SES089/SA089S23	SES270	-2.59454	-13.3047	-10.7101
BLOCK08/SES089/SA089S25	SES062	-1.8437	-9.68256	-7.83886
BLOCK08/SES089/SA089S25	SES087	-0.173535	-8.0124	-7.83886
BLOCK08/SES089/SA089S25	SES206	-0.908433	-8.74729	-7.83886
BLOCK08/SES089/SA089S25	SES226	-0.64091	-8.47977	-7.83886
BLOCK08/SES089/SA089S28	SES062	-1.84615	-8.86001	-7.01386
BLOCK08/SES089/SA089S28	SES087	-0.189999	-7.20386	-7.01386
BLOCK08/SES089/SA089S28	SES206	-0.896721	-7.91059	-7.01386
BLOCK08/SES089/SA089S28	SES226	-0.966431	-7.9803	-7.01386
BLOCK09/SES097/SA097S11	SES099	-0.1306	-7.42371	-7.29311
BLOCK09/SES097/SA097S11	SES125	-1.21124	-8.50435	-7.29311
BLOCK09/SES097/SA097S11	SES206	-1.83842	-9.13152	-7.29311
BLOCK09/SES097/SA097S11	SES226	0.0387487	-7.25436	-7.29311
BLOCK09/SES097/SA097S14	SES062	-3.28506	-9.46699	-6.18193
BLOCK09/SES097/SA097S14	SES099	-1.26094	-7.44287	-6.18193
BLOCK09/SES097/SA097S14	SES104	-2.70534	-8.88727	-6.18193
BLOCK09/SES097/SA097S14	SES206	-3.09021	-9.27214	-6.18193
BLOCK09/SES097/SA097S22	SES099	-0.132405	-7.09575	-6.96335
BLOCK09/SES097/SA097S22	SES206	-1.97102	-8.93436	-6.96335
BLOCK09/SES097/SA097S22	SES226	-2.22155	-9.1849	-6.96335
BLOCK09/SES097/SA097S22	SES270	-1.49376	-8.4571	-6.96335
BLOCK09/SES097/SA097S26	SES099	-0.0830855	-7.48796	-7.40487
BLOCK09/SES097/SA097S26	SES120	-1.65632	-9.06119	-7.40487
BLOCK09/SES097/SA097S26	SES206	-2.46859	-9.87346	-7.40487
BLOCK09/SES097/SA097S26	SES226	-1.03751	-8.44238	-7.40487
BLOCK09/SES097/SA097S28	SES099	0.371039	-6.21021	-6.58125
BLOCK09/SES097/SA097S28	SES120	-0.846258	-7.42751	-6.58125
BLOCK09/SES097/SA097S28	SES206	-1.59607	-8.17733	-6.58125
BLOCK09/SES097/SA097S28	SES226	-1.78741	-8.36866	-6.58125
BLOCK09/SES098/SA098S11	SES127	-1.62778	-8.3615	-6.73373
BLOCK09/SES098/SA098S11	SES144	-0.918754	-7.65248	-6.73373
BLOCK09/SES098/SA098S11	SES147	-0.782535	-7.51626	-6.73373
BLOCK09/SES098/SA098S11	SES148	-2.48019	-9.21392	-6.73373
BLOCK09/SES098/SA098S12	SES127	-3.76354	-11.8633	-8.09975
BLOCK09/SES098/SA098S12	SES144	-2.78776	-10.8875	-8.09975
BLOCK09/SES098/SA098S12	SES147	-2.48415	-10.5839	-8.09975
BLOCK09/SES098/SA098S12	SES189	-1.75619	-9.85594	-8.09975
BLOCK09/SES098/SA098S20	SES127	-4.07471	-12.8017	-8.72701
BLOCK09/SES098/SA098S20	SES147	-3.62124	-12.3483	-8.72701
BLOCK09/SES098/SA098S20	SES148	-4.44667	-13.1737	-8.72701
BLOCK09/SES098/SA098S20	SES292	-0.74724	-9.47425	-8.72701
BLOCK09/SES098/SA098S23	SES127	-2.18811	-9.64163	-7.45352
BLOCK09/SES098/SA098S23	SES147	-1.88578	-9.3393	-7.45352
BLOCK09/SES098/SA098S23	SES187	-0.871033	-8.32455	-7.45352
BLOCK09/SES098/SA098S23	SES292	-1.23794	-8.69146	-7.45352
BLOCK09/SES098/SA098S27	SES127	-4.77907	-12.6936	-7.91456
BLOCK09/SES098/SA098S27	SES147	-2.93236	-10.8469	-7.91456
BLOCK09/SES098/SA098S27	SES148	-3.90365	-11.8182	-7.91456
BLOCK09/SES098/SA098S27	SES292	-0.720503	-8.63506	-7.91456
BLOCK10/SES102/SA102S13	SES101	-1.93603	-11.0695	-9.13346
BLOCK10/SES102/SA102S13	SES105	-3.08996	-12.2234	-9.13346
BLOCK10/SES102/SA102S13	SES120	-3.13756	-12.271	-9.13346
BLOCK10/SES102/SA102S13	SES158	-1.34417	-10.4776	-9.13346
BLOCK10/SES102/SA102S14	SES007	0.771877	-4.55651	-5.32838
BLOCK10/SES102/SA102S14	SES101	-0.848777	-6.17716	-5.32838
BLOCK10/SES102/SA102S14	SES105	-1.0964	-6.42479	-5.32838
BLOCK10/SES102/SA102S14	SES147	-2.37684	-7.70523	-5.32838
BLOCK10/SES102/SA102S22	SES007	-1.50652	-7.46367	-5.95716
BLOCK10/SES102/SA102S22	SES101	-1.27382	-7.23098	-5.95716
BLOCK10/SES102/SA102S22	SES105	-0.879807	-6.83696	-5.95716
BLOCK10/SES102/SA102S22	SES158	-1.39374	-7.3509	-5.95716
BLOCK10/SES102/SA102S25	SES007	-0.516833	-6.60243	-6.0856
BLOCK10/SES102/SA102S25	SES101	-0.241429	-6.32703	-6.0856
BLOCK10/SES102/SA102S25	SES105	-1.44694	-7.53254	-6.0856
BLOCK10/SES102/SA102S25	SES147	-2.95126	-9.03686	-6.0856
BLOCK10/SES102/SA102S27	SES007	-0.466613	-6.41067	-5.94406
BLOCK10/SES102/SA102S27	SES101	-0.25275	-6.19681	-5.94406
BLOCK10/SES102/SA102S27	SES105	-1.46328	-7.40734	-5.94406
BLOCK10/SES102/SA102S27	SES147	-2.14741	-8.09147	-5.94406
BLOCK10/SES103/SA103S14	SES105	-1.85427	-11.0135	-9.15919
BLOCK10/SES103/SA103S14	SES106	-2.07267	-11.2319	-9.15919
BLOCK10/SES103/SA103S14	SES120	-2.24362	-11.4028	-9.15919
BLOCK10/SES103/SA103S14	SES206	-2.30921	-11.4684	-9.15919
BLOCK10/SES103/SA103S15	SES099	-3.33179	-13.6302	-10.2984
BLOCK10/SES103/SA103S15	SES101	-6.19849	-16.4969	-10.2984
BLOCK10/SES103/SA103S15	SES104	-1.22356	-11.522	-10.2984
BLOCK10/SES103/SA103S15	SES125	-3.82529	-14.1237	-10.2984
BLOCK10/SES103/SA103S24	SES104	-1.71954	-8.95229	-7.23275
BLOCK10/SES103/SA103S24	SES125	-4.04861	-11.2814	-7.23275
BLOCK10/SES103/SA103S24	SES148	-2.72149	-9.95424	-7.23275
BLOCK10/SES103/SA103S24	SES158	-2.37296	-9.60571	-7.23275
BLOCK10/SES103/SA103S26	SES104	-2.08622	-10.3653	-8.27909
BLOCK10/SES103/SA103S26	SES106	-2.47713	-10.7562	-8.27909
BLOCK10/SES103/SA103S26	SES125	-4.22559	-12.5047	-8.27909
BLOCK10/SES103/SA103S26	SES148	-5.41249	-13.6916	-8.27909
BLOCK10/SES103/SA103S28	SES104	-1.96534	-11.4699	-9.50455
BLOCK10/SES103/SA103S28	SES106	-4.39667	-13.9012	-9.50455
BLOCK10/SES103/SA103S28	SES125	-5.52152	-15.0261	-9.50455
BLOCK10/SES103/SA103S28	SES206	-3.6372	-13.1417	-9.50455
BLOCK12/SES121/SA121S12	SES042	-2.32262	-10.2741	-7.95151
BLOCK12/SES121/SA121S12	SES087	-1.1586	-9.11012	-7.95151
BLOCK12/SES121/SA121S12	SES105	-0.87614	-8.82765	-7.95151
BLOCK12/SES121/SA121S12	SES206	0.280774	-7.67074	-7.95151
BLOCK12/SES121/SA121S14	SES007	-1.90753	-12.6149	-10.7074
BLOCK12/SES121/SA121S14	SES105	-3.10561	-13.813	-10.7074
BLOCK12/SES121/SA121S14	SES106	-1.96717	-12.6745	-10.7074
BLOCK12/SES121/SA121S14	SES206	-0.856106	-11.5635	-10.7074
BLOCK12/SES121/SA121S23	SES105	-2.81158	-12.3556	-9.54399
BLOCK12/SES121/SA121S23	SES106	-2.28836	-11.8323	-9.54399
BLOCK12/SES121/SA121S23	SES120	-1.77476	-11.3187	-9.54399
BLOCK12/SES121/SA121S23	SES206	-0.157306	-9.70129	-9.54399
BLOCK12/SES121/SA121S25	SES007	-1.14929	-11.7825	-10.6332
BLOCK12/SES121/SA121S25	SES105	-2.94133	-13.5745	-10.6332
BLOCK12/SES121/SA121S25	SES106	-0.463319	-11.0965	-10.6332
BLOCK12/SES121/SA121S25	SES206	-0.538442	-11.1716	-10.6332
BLOCK12/SES121/SA121S27	SES087	-0.227506	-10.6512	-10.4237
BLOCK12/SES121/SA121S27	SES105	-3.09147	-13.5152	-10.4237
BLOCK12/SES121/SA121S27	SES120	-0.247735	-10.6714	-10.4237
BLOCK12/SES121/SA121S27	SES206	0.440714	-9.98299	-10.4237
BLOCK12/SES124/SA124S16	SES042	-0.3257	-6.66872	-6.34302
BLOCK12/SES124/SA124S16	SES082	-1.037	-7.38002	-6.34302
BLOCK12/SES124/SA124S16	SES183	-0.708708	-7.05173	-6.34302
BLOCK12/SES124/SA124S16	SES206	-1.5937	-7.93671	-6.34302
BLOCK12/SES124/SA124S17	SES105	-1.35021	-9.71092	-8.3607
BLOCK12/SES124/SA124S17	SES149	-1.11522	-9.47592	-8.3607
BLOCK12/SES124/SA124S17	SES158	-1.96616	-10.3269	-8.3607
BLOCK12/SES124/SA124S17	SES275	-1.00379	-9.3645	-8.3607
BLOCK12/SES124/SA124S23	SES105	-3.24426	-9.00101	-5.75675
BLOCK12/SES124/SA124S23	SES125	0.59072	-5.16603	-5.75675
BLOCK12/SES124/SA124S23	SES129	-2.20294	-7.95969	-5.75675
BLOCK12/SES124/SA124S23	SES158	-1.40704	-7.16379	-5.75675
BLOCK12/SES124/SA124S26	SES105	-2.77072	-10.1333	-7.36261
BLOCK12/SES124/SA124S26	SES125	-0.55833	-7.92094	-7.36261
BLOCK12/SES124/SA124S26	SES129	-1.56514	-8.92775	-7.36261
BLOCK12/SES124/SA124S26	SES158	-1.01361	-8.37622	-7.36261
BLOCK12/SES124/SA124S28	SES104	-0.0140147	-6.08524	-6.07122
BLOCK12/SES124/SA124S28	SES106	-0.517037	-6.58826	-6.07122
BLOCK12/SES124/SA124S28	SES125	0.726024	-5.3452	-6.07122
BLOCK12/SES124/SA124S28	SES275	-2.51115	-8.58237	-6.07122
BLOCK12/SES126/SA126S13	SES007	-0.847545	-8.68902	-7.84148
BLOCK12/SES126/SA126S13	SES162	-2.29965	-10.1411	-7.84148
BLOCK12/SES126/SA126S13	SES177	-1.20916	-9.05064	-7.84148
BLOCK12/SES126/SA126S13	SES180	-1.69354	-9.53502	-7.84148
BLOCK12/SES126/SA126S14	SES144	-1.22806	-7.8462	-6.61814
BLOCK12/SES126/SA126S14	SES148	-1.88744	-8.50558	-6.61814
BLOCK12/SES126/SA126S14	SES177	-1.01915	-7.63728	-6.61814
BLOCK12/SES126/SA126S14	SES180	-0.876418	-7.49456	-6.61814
BLOCK12/SES126/SA126S20	SES007	-0.640391	-5.50867	-4.86828
BLOCK12/SES126/SA126S20	SES162	-1.23196	-6.10024	-4.86828
BLOCK12/SES126/SA126S20	SES172	-1.24938	-6.11766	-4.86828
BLOCK12/SES126/SA126S20	SES180	-0.416024	-5.2843	-4.86828
BLOCK12/SES126/SA126S24	SES120	-0.379084	-6.31713	-5.93805
BLOCK12/SES126/SA126S24	SES162	-1.89504	-7.83309	-5.93805
BLOCK12/SES126/SA126S24	SES177	-0.699018	-6.63707	-5.93805
BLOCK12/SES126/SA126S24	SES180	-0.782629	-6.72068	-5.93805
BLOCK12/SES126/SA126S26	SES120	0.0361948	-6.08324	-6.11944
BLOCK12/SES126/SA126S26	SES177	-1.17576	-7.2952	-6.11944
BLOCK12/SES126/SA126S26	SES180	-0.394119	-6.51356	-6.11944
BLOCK12/SES126/SA126S26	SES202	-1.21702	-7.33645	-6.11944
BLOCK12/SES128/SA128S10	SES087	-1.34086	-7.92846	-6.5876
BLOCK12/SES128/SA128S10	SES206	-0.920304	-7.5079	-6.5876
BLOCK12/SES128/SA128S10	SES226	-0.974592	-7.56219	-6.5876
BLOCK12/SES128/SA128S10	SES270	-1.57183	-8.15943	-6.5876
BLOCK12/SES128/SA128S12	SES120	0.246347	-7.34491	-7.59126
BLOCK12/SES128/SA128S12	SES158	-1.86214	-9.45339	-7.59126
BLOCK12/SES128/SA128S12	SES206	-0.403592	-7.99485	-7.59126
BLOCK12/SES128/SA128S12	SES226	-2.16417	-9.75542	-7.59126
BLOCK12/SES128/SA128S21	SES106	-3.60458	-10.1839	-6.57935
BLOCK12/SES128/SA128S21	SES120	-1.25428	-7.83363	-6.57935
BLOCK12/SES128/SA128S21	SES206	-1.01835	-7.5977	-6.57935
BLOCK12/SES128/SA128S21	SES226	-0.953009	-7.53236	-6.57935
BLOCK12/SES128/SA128S24	SES087	-1.20039	-8.96677	-7.76638
BLOCK12/SES128/SA128S24	SES120	-0.585188	-8.35156	-7.76638
BLOCK12/SES128/SA128S24	SES206	-0.632288	-8.39866	-7.76638
BLOCK12/SES128/SA128S24	SES226	-1.1098	-8.87617	-7.76638
BLOCK12/SES128/SA128S27	SES099	-0.867267	-7.3771	-6.50984
BLOCK12/SES128/SA128S27	SES120	-0.373117	-6.88295	-6.50984
BLOCK12/SES128/SA128S27	SES206	-0.877049	-7.38689	-6.50984
BLOCK12/SES128/SA128S27	SES226	-2.22862	-8.73845	-6.50984
BLOCK13/SES130/SA130S13	SES143	-0.664175	-8.21816	-7.55399
BLOCK13/SES130/SA130S13	SES144	0.522982	-7.03101	-7.55399
BLOCK13/SES130/SA130S13	SES146	-1.9583	-9.51229	-7.55399
BLOCK13/SES130/SA130S13	SES275	-2.085	-9.63899	-7.55399
BLOCK13/SES130/SA130S15	SES143	-0.573103	-6.23991	-5.66681
BLOCK13/SES130/SA130S15	SES144	0.478054	-5.18876	-5.66681
BLOCK13/SES130/SA130S15	SES146	-0.414722	-6.08153	-5.66681
BLOCK13/SES130/SA130S15	SES275	-0.967586	-6.6344	-5.66681
BLOCK13/SES130/SA130S23	SES127	-1.31837	-7.72971	-6.41134
BLOCK13/SES130/SA130S23	SES144	0.181991	-6.22935	-6.41134
BLOCK13/SES130/SA130S23	SES146	-0.682614	-7.09396	-6.41134
BLOCK13/SES130/SA130S23	SES162	-0.807065	-7.21841	-6.41134
BLOCK13/SES130/SA130S25	SES127	-1.24115	-5.44225	-4.2011
BLOCK13/SES130/SA130S25	SES144	0.0258241	-4.17528	-4.2011
BLOCK13/SES130/SA130S25	SES146	-0.181006	-4.38211	-4.2011
BLOCK13/SES130/SA130S25	SES275	-1.37523	-5.57634	-4.2011
BLOCK13/SES130/SA130S28	SES127	-0.491087	-7.23768	-6.74659
BLOCK13/SES130/SA130S28	SES144	-1.22775	-7.97434	-6.74659
BLOCK13/SES130/SA130S28	SES146	-0.400737	-7.14733	-6.74659
BLOCK13/SES130/SA130S28	SES275	-0.932988	-7.67958	-6.74659
BLOCK13/SES131/SA131S13	SES002	-2.46796	-10.7499	-8.28198
BLOCK13/SES131/SA131S13	SES007	-1.95674	-10.2387	-8.28198
BLOCK13/SES131/SA131S13	SES099	-1.1767	-9.45868	-8.28198
BLOCK13/SES131/SA131S13	SES105	-1.12043	-9.4024	-8.28198
BLOCK13/SES131/SA131S14	SES104	-0.824743	-5.12315	-4.29841
BLOCK13/SES131/SA131S14	SES106	-3.04713	-7.34554	-4.29841
BLOCK13/SES131/SA131S14	SES125	-2.14613	-6.44454	-4.29841
BLOCK13/SES131/SA131S14	SES148	0.12442	-4.17399	-4.29841
BLOCK13/SES131/SA131S20	SES104	-3.56044	-11.8073	-8.24682
BLOCK13/SES131/SA131S20	SES106	-2.99088	-11.2377	-8.24682
BLOCK13/SES131/SA131S20	SES125	-2.66141	-10.9082	-8.24682
BLOCK13/SES131/SA131S20	SES148	-1.66459	-9.91141	-8.24682
BLOCK13/SES131/SA131S22	SES099	-2.21876	-8.64186	-6.4231
BLOCK13/SES131/SA131S22	SES104	-1.48832	-7.91142	-6.4231
BLOCK13/SES131/SA131S22	SES125	-0.780288	-7.20339	-6.4231
BLOCK13/SES131/SA131S22	SES206	-1.69912	-8.12222	-6.4231
BLOCK13/SES131/SA131S29	SES087	-2.05292	-9.7197	-7.66678
BLOCK13/SES131/SA131S29	SES104	-3.50151	-11.1683	-7.66678
BLOCK13/SES131/SA131S29	SES125	-4.4012	-12.068	-7.66678
BLOCK13/SES131/SA131S29	SES206	-3.00402	-10.6708	-7.66678
BLOCK13/SES132/SA132S11	SES083	-2.55067	-10.233	-7.68236
BLOCK13/SES132/SA132S11	SES120	0.2636	-7.41876	-7.68236
BLOCK13/SES132/SA132S11	SES127	-3.26834	-10.9507	-7.68236
BLOCK13/SES132/SA132S11	SES275	-2.14907	-9.83143	-7.68236
BLOCK13/SES132/SA132S12	SES083	-2.73851	-8.90112	-6.1626
BLOCK13/SES132/SA132S12	SES143	-2.7109	-8.87351	-6.1626
BLOCK13/SES132/SA132S12	SES144	-2.02704	-8.18964	-6.1626
BLOCK13/SES132/SA132S12	SES148	-1.84852	-8.01112	-6.1626
BLOCK13/SES132/SA132S22	SES062	-1.07371	-7.97534	-6.90163
BLOCK13/SES132/SA132S22	SES083	-2.58562	-9.48725	-6.90163
BLOCK13/SES132/SA132S22	SES127	-2.13905	-9.04068	-6.90163
BLOCK13/SES132/SA132S22	SES275	-1.58403	-8.48565	-6.90163
BLOCK13/SES132/SA132S24	SES007	-0.594592	-6.63332	-6.03873
BLOCK13/SES132/SA132S24	SES083	-2.83334	-8.87206	-6.03873
BLOCK13/SES132/SA132S24	SES127	-3.50578	-9.5445	-6.03873
BLOCK13/SES132/SA132S24	SES275	-1.84546	-7.88419	-6.03873
BLOCK13/SES132/SA132S27	SES083	-4.11585	-12.472	-8.35615
BLOCK13/SES132/SA132S27	SES120	0.504208	-7.85194	-8.35615
BLOCK13/SES132/SA132S27	SES127	-5.80133	-14.1575	-8.35615
BLOCK13/SES132/SA132S27	SES275	-2.66312	-11.0193	-8.35615
BLOCK14/SES141/SA141S09	SES143	-1.1105	-6.75022	-5.63971
BLOCK14/SES141/SA141S09	SES144	-0.557072	-6.19679	-5.63971
BLOCK14/SES141/SA141S09	SES162	-1.10167	-6.74138	-5.63971
BLOCK14/SES141/SA141S09	SES180	-0.640711	-6.28043	-5.63971
BLOCK14/SES141/SA141S15	SES127	-1.21424	-7.68593	-6.47169
BLOCK14/SES141/SA141S15	SES144	-1.59223	-8.06392	-6.47169
BLOCK14/SES141/SA141S15	SES162	-2.24243	-8.71412	-6.47169
BLOCK14/SES141/SA141S15	SES180	-1.25021	-7.7219	-6.47169
BLOCK14/SES141/SA141S24	SES127	-1.71117	-8.67715	-6.96598
BLOCK14/SES141/SA141S24	SES144	-2.26911	-9.23508	-6.96598
BLOCK14/SES141/SA141S24	SES162	-1.43389	-8.39986	-6.96598
BLOCK14/SES141/SA141S24	SES183	-1.52371	-8.48969	-6.96598
BLOCK14/SES141/SA141S26	SES142	-0.254328	-7.88396	-7.62963
BLOCK14/SES141/SA141S26	SES144	-1.67843	-9.30807	-7.62963
BLOCK14/SES141/SA141S26	SES172	-0.664551	-8.29418	-7.62963
BLOCK14/SES141/SA141S26	SES180	-1.10415	-8.73378	-7.62963
BLOCK14/SES141/SA141S29	SES127	-0.756488	-7.13782	-6.38133
BLOCK14/SES141/SA141S29	SES142	-0.273732	-6.65506	-6.38133
BLOCK14/SES141/SA141S29	SES144	-0.974568	-7.3559	-6.38133
BLOCK14/SES141/SA141S29	SES180	-0.361217	-6.74255	-6.38133
BLOCK15/SES157/SA157S08	SES083	-1.74602	-7.41848	-5.67245
BLOCK15/SES157/SA157S08	SES127	-1.02938	-6.70183	-5.67245
BLOCK15/SES157/SA157S08	SES148	-1.13913	-6.81159	-5.67245
BLOCK15/SES157/SA157S08	SES292	-1.45572	-7.12817	-5.67245
BLOCK15/SES157/SA157S11	SES083	-1.84517	-8.16707	-6.3219
BLOCK15/SES157/SA157S11	SES127	-1.36435	-7.68625	-6.3219
BLOCK15/SES157/SA157S11	SES148	-1.89191	-8.21381	-6.3219
BLOCK15/SES157/SA157S11	SES292	-1.76138	-8.08328	-6.3219
BLOCK15/SES157/SA157S21	SES127	-0.139357	-5.13632	-4.99697
BLOCK15/SES157/SA157S21	SES148	0.0112619	-4.9857	-4.99697
BLOCK15/SES157/SA157S21	SES158	-4.73771	-9.73468	-4.99697
BLOCK15/SES157/SA157S21	SES292	-1.14197	-6.13894	-4.99697
BLOCK15/SES157/SA157S24	SES127	-1.49984	-8.66663	-7.16679
BLOCK15/SES157/SA157S24	SES148	-1.90306	-9.06986	-7.16679
BLOCK15/SES157/SA157S24	SES183	-1.57084	-8.73763	-7.16679
BLOCK15/SES157/SA157S24	SES292	-2.69258	-9.85937	-7.16679
BLOCK15/SES157/SA157S26	SES007	-0.982825	-6.825	-5.84218
BLOCK15/SES157/SA157S26	SES127	0.0205688	-5.82161	-5.84218
BLOCK15/SES157/SA157S26	SES147	-0.858296	-6.70047	-5.84218
BLOCK15/SES157/SA157S26	SES148	-1.21712	-7.0593	-5.84218
BLOCK16/SES161/SA161S10	SES007	-1.31873	-8.22711	-6.90838
BLOCK16/SES161/SA161S10	SES105	-1.09135	-7.99974	-6.90838
BLOCK16/SES161/SA161S10	SES158	-1.3643	-8.27269	-6.90838
BLOCK16/SES161/SA161S10	SES275	-1.46339	-8.37178	-6.90838
BLOCK16/SES161/SA161S12	SES007	-2.42959	-11.3529	-8.92327
BLOCK16/SES161/SA161S12	SES105	-2.22889	-11.1522	-8.92327
BLOCK16/SES161/SA161S12	SES158	-1.64305	-10.5663	-8.92327
BLOCK16/SES161/SA161S12	SES275	-3.54194	-12.4652	-8.92327
BLOCK16/SES161/SA161S20	SES007	-1.91966	-10.9071	-8.98745
BLOCK16/SES161/SA161S20	SES105	-2.33364	-11.3211	-8.98745
BLOCK16/SES161/SA161S20	SES158	-0.944006	-9.93146	-8.98745
BLOCK16/SES161/SA161S20	SES275	-4.21308	-13.2005	-8.98745
BLOCK16/SES161/SA161S23	SES007	-3.34776	-12.5673	-9.21952
BLOCK16/SES161/SA161S23	SES105	-0.932038	-10.1516	-9.21952
BLOCK16/SES161/SA161S23	SES148	-2.74497	-11.9645	-9.21952
BLOCK16/SES161/SA161S23	SES158	-2.23828	-11.4578	-9.21952
BLOCK16/SES161/SA161S28	SES007	-2.33584	-11.2402	-8.9044
BLOCK16/SES161/SA161S28	SES105	-3.56252	-12.4669	-8.9044
BLOCK16/SES161/SA161S28	SES158	-0.784801	-9.6892	-8.9044
BLOCK16/SES161/SA161S28	SES206	-0.920794	-9.82519	-8.9044
BLOCK16/SES164/SA164S11	SES104	-1.36625	-7.57924	-6.21299
BLOCK16/SES164/SA164S11	SES125	-1.426	-7.63899	-6.21299
BLOCK16/SES164/SA164S11	SES158	-3.09164	-9.30463	-6.21299
BLOCK16/SES164/SA164S11	SES206	-2.97168	-9.18467	-6.21299
BLOCK16/SES164/SA164S13	SES099	-2.74013	-9.99509	-7.25497
BLOCK16/SES164/SA164S13	SES104	-2.07032	-9.32528	-7.25497
BLOCK16/SES164/SA164S13	SES125	-1.77507	-9.03004	-7.25497
BLOCK16/SES164/SA164S13	SES206	-2.80322	-10.0582	-7.25497
BLOCK16/SES164/SA164S24	SES002	0.215025	-6.55743	-6.77245
BLOCK16/SES164/SA164S24	SES099	-1.16357	-7.93603	-6.77245
BLOCK16/SES164/SA164S24	SES125	-1.3596	-8.13205	-6.77245
BLOCK16/SES164/SA164S24	SES226	-0.099977	-6.87243	-6.77245
BLOCK16/SES164/SA164S27	SES087	-2.0125	-9.69082	-7.67832
BLOCK16/SES164/SA164S27	SES125	-2.88066	-10.559	-7.67832
BLOCK16/SES164/SA164S27	SES206	-2.89708	-10.5754	-7.67832
BLOCK16/SES164/SA164S27	SES226	-1.63635	-9.31467	-7.67832
BLOCK16/SES164/SA164S29	SES002	-1.03577	-7.4885	-6.45273
BLOCK16/SES164/SA164S29	SES019	-3.75392	-10.2066	-6.45273
BLOCK16/SES164/SA164S29	SES125	-2.03549	-8.48822	-6.45273
BLOCK16/SES164/SA164S29	SES226	-1.44157	-7.8943	-6.45273
BLOCK16/SES169/SA169S13	SES117	-1.30177	-8.75588	-7.45411
BLOCK16/SES169/SA169S13	SES144	-1.84784	-9.30196	-7.45411
BLOCK16/SES169/SA169S13	SES146	-0.875394	-8.32951	-7.45411
BLOCK16/SES169/SA169S13	SES162	-1.37621	-8.83032	-7.45411
BLOCK16/SES169/SA169S14	SES144	-1.07209	-6.21226	-5.14017
BLOCK16/SES169/SA169S14	SES148	-0.133348	-5.27352	-5.14017
BLOCK16/SES169/SA169S14	SES177	-0.546311	-5.68648	-5.14017
BLOCK16/SES169/SA169S14	SES180	-0.494781	-5.63495	-5.14017
BLOCK16/SES169/SA169S24	SES117	-0.523775	-7.91157	-7.3878
BLOCK16/SES169/SA169S24	SES144	-0.821109	-8.20891	-7.3878
BLOCK16/SES169/SA169S24	SES146	-0.831765	-8.21956	-7.3878
BLOCK16/SES169/SA169S24	SES162	-0.736644	-8.12444	-7.3878
BLOCK16/SES169/SA169S27	SES127	-1.02973	-7.71107	-6.68134
BLOCK16/SES169/SA169S27	SES129	-1.43662	-8.11796	-6.68134
BLOCK16/SES169/SA169S27	SES144	-1.44684	-8.12818	-6.68134
BLOCK16/SES169/SA169S27	SES146	-0.632907	-7.31425	-6.68134
BLOCK16/SES169/SA169S29	SES144	-0.955852	-6.06515	-5.1093
BLOCK16/SES169/SA169S29	SES162	-0.589383	-5.69868	-5.1093
BLOCK16/SES169/SA169S29	SES177	-1.0217	-6.131	-5.1093
BLOCK16/SES169/SA169S29	SES180	-0.785614	-5.89492	-5.1093
BLOCK17/SES171/SA171S12	SES083	-1.92387	-8.92203	-6.99817
BLOCK17/SES171/SA171S12	SES148	-2.12415	-9.12231	-6.99817
BLOCK17/SES171/SA171S12	SES172	-1.93577	-8.93394	-6.99817
BLOCK17/SES171/SA171S12	SES292	-2.19988	-9.19804	-6.99817
BLOCK17/SES171/SA171S15	SES148	-2.72687	-10.0023	-7.27544
BLOCK17/SES171/SA171S15	SES177	-1.4681	-8.74354	-7.27544
BLOCK17/SES171/SA171S15	SES180	-3.44949	-10.7249	-7.27544
BLOCK17/SES171/SA171S15	SES292	-1.82074	-9.09618	-7.27544
BLOCK17/SES171/SA171S22	SES007	-1.04478	-5.15505	-4.11027
BLOCK17/SES171/SA171S22	SES148	-0.710147	-4.82042	-4.11027
BLOCK17/SES171/SA171S22	SES177	-0.450085	-4.56035	-4.11027
BLOCK17/SES171/SA171S22	SES180	-1.91813	-6.0284	-4.11027
BLOCK17/SES171/SA171S25	SES101	-1.82772	-9.22188	-7.39416
BLOCK17/SES171/SA171S25	SES120	-3.23049	-10.6246	-7.39416
BLOCK17/SES171/SA171S25	SES177	-1.37455	-8.76871	-7.39416
BLOCK17/SES171/SA171S25	SES180	-1.44989	-8.84405	-7.39416
BLOCK17/SES171/SA171S27	SES177	-1.7824	-9.31819	-7.53579
BLOCK17/SES171/SA171S27	SES180	-2.73158	-10.2674	-7.53579
BLOCK17/SES171/SA171S27	SES189	-0.781306	-8.31709	-7.53579
BLOCK17/SES171/SA171S27	SES292	-2.22168	-9.75747	-7.53579
BLOCK17/SES173/SA173S13	SES162	-3.93944	-10.635	-6.69556
BLOCK17/SES173/SA173S13	SES177	-1.8888	-8.58437	-6.69556
BLOCK17/SES173/SA173S13	SES180	-1.38476	-8.08032	-6.69556
BLOCK17/SES173/SA173S13	SES292	-0.251525	-6.94709	-6.69556
BLOCK17/SES173/SA173S14	SES007	-1.34858	-7.90516	-6.55658
BLOCK17/SES173/SA173S14	SES162	-3.06407	-9.62065	-6.55658
BLOCK17/SES173/SA173S14	SES177	-1.66429	-8.22087	-6.55658
BLOCK17/SES173/SA173S14	SES180	-1.89624	-8.45282	-6.55658
BLOCK17/SES173/SA173S24	SES144	-2.66683	-10.0112	-7.34441
BLOCK17/SES173/SA173S24	SES162	-2.10852	-9.45293	-7.34441
BLOCK17/SES173/SA173S24	SES177	-0.797612	-8.14202	-7.34441
BLOCK17/SES173/SA173S24	SES180	-2.21544	-9.55985	-7.34441
BLOCK17/SES173/SA173S27	SES162	-3.72189	-11.406	-7.68409
BLOCK17/SES173/SA173S27	SES177	-1.44187	-9.12596	-7.68409
BLOCK17/SES173/SA173S27	SES180	-2.30426	-9.98835	-7.68409
BLOCK17/SES173/SA173S27	SES292	-0.278505	-7.96259	-7.68409
BLOCK17/SES173/SA173S29	SES162	-2.24696	-7.82247	-5.57551
BLOCK17/SES173/SA173S29	SES175	-1.00846	-6.58397	-5.57551
BLOCK17/SES173/SA173S29	SES177	-1.08757	-6.66307	-5.57551
BLOCK17/SES173/SA173S29	SES292	-0.560119	-6.13563	-5.57551
BLOCK18/SES182/SA182S10	SES144	-2.20391	-8.34633	-6.14242
BLOCK18/SES182/SA182S10	SES177	-0.926364	-7.06879	-6.14242
BLOCK18/SES182/SA182S10	SES180	-2.50361	-8.64604	-6.14242
BLOCK18/SES182/SA182S10	SES275	-1.91897	-8.06139	-6.14242
BLOCK18/SES182/SA182S12	SES144	-0.725531	-7.08742	-6.36189
BLOCK18/SES182/SA182S12	SES177	-0.742413	-7.1043	-6.36189
BLOCK18/SES182/SA182S12	SES180	-2.80609	-9.16798	-6.36189
BLOCK18/SES182/SA182S12	SES275	-0.496411	-6.8583	-6.36189
BLOCK18/SES182/SA182S21	SES117	-1.62793	-9.69574	-8.06781
BLOCK18/SES182/SA182S21	SES144	-1.88212	-9.94992	-8.06781
BLOCK18/SES182/SA182S21	SES162	-1.77915	-9.84696	-8.06781
BLOCK18/SES182/SA182S21	SES180	-3.07195	-11.1398	-8.06781
BLOCK18/SES182/SA182S23	SES117	-2.37771	-11.3344	-8.9567
BLOCK18/SES182/SA182S23	SES144	-4.19859	-13.1553	-8.9567
BLOCK18/SES182/SA182S23	SES180	-4.19648	-13.1532	-8.9567
BLOCK18/SES182/SA182S23	SES275	-4.39202	-13.3487	-8.9567
BLOCK18/SES182/SA182S25	SES007	-0.0975881	-7.39994	-7.30235
BLOCK18/SES182/SA182S25	SES162	-1.77485	-9.0772	-7.30235
BLOCK18/SES182/SA182S25	SES177	-1.03419	-8.33654	-7.30235
BLOCK18/SES182/SA182S25	SES180	-2.97411	-10.2765	-7.30235
BLOCK18/SES184/SA184S12	SES177	-0.163949	-6.11167	-5.94772
BLOCK18/SES184/SA184S12	SES180	-0.699678	-6.6474	-5.94772
BLOCK18/SES184/SA184S12	SES189	-1.65268	-7.6004	-5.94772
BLOCK18/SES184/SA184S12	SES292	-0.0592265	-6.00694	-5.94772
BLOCK18/SES184/SA184S13	SES101	-1.06398	-7.46812	-6.40415
BLOCK18/SES184/SA184S13	SES177	-1.01102	-7.41516	-6.40415
BLOCK18/SES184/SA184S13	SES180	-0.869041	-7.27319	-6.40415
BLOCK18/SES184/SA184S13	SES292	-0.987504	-7.39165	-6.40415
BLOCK18/SES184/SA184S22	SES177	-0.92894	-6.73392	-5.80498
BLOCK18/SES184/SA184S22	SES180	-0.487473	-6.29246	-5.80498
BLOCK18/SES184/SA184S22	SES189	-1.79627	-7.60126	-5.80498
BLOCK18/SES184/SA184S22	SES292	-1.10471	-6.9097	-5.80498
BLOCK18/SES184/SA184S25	SES101	-1.14926	-6.77938	-5.63012
BLOCK18/SES184/SA184S25	SES177	-1.47586	-7.10598	-5.63012
BLOCK18/SES184/SA184S25	SES180	-0.846009	-6.47613	-5.63012
BLOCK18/SES184/SA184S25	SES292	-0.99225	-6.62237	-5.63012
BLOCK18/SES184/SA184S27	SES083	-1.19002	-7.49427	-6.30425
BLOCK18/SES184/SA184S27	SES177	-1.15924	-7.46349	-6.30425
BLOCK18/SES184/SA184S27	SES202	-0.897178	-7.20143	-6.30425
BLOCK18/SES184/SA184S27	SES292	-1.15929	-7.46354	-6.30425
BLOCK20/SES204/SA204S12	SES062	-1.30653	-7.02573	-5.7192
BLOCK20/SES204/SA204S12	SES083	-2.28877	-8.00797	-5.7192
BLOCK20/SES204/SA204S12	SES206	-0.857066	-6.57627	-5.7192
BLOCK20/SES204/SA204S12	SES226	-1.8466	-7.5658	-5.7192
BLOCK20/SES204/SA204S14	SES068	-0.626184	-5.01269	-4.3865
BLOCK20/SES204/SA204S14	SES087	-0.248262	-4.63476	-4.3865
BLOCK20/SES204/SA204S14	SES206	-0.535624	-4.92213	-4.3865
BLOCK20/SES204/SA204S14	SES226	-1.99919	-6.38569	-4.3865
BLOCK20/SES204/SA204S22	SES068	-1.00463	-7.19742	-6.19279
BLOCK20/SES204/SA204S22	SES082	-1.21407	-7.40685	-6.19279
BLOCK20/SES204/SA204S22	SES083	-3.24182	-9.4346	-6.19279
BLOCK20/SES204/SA204S22	SES206	-0.514194	-6.70698	-6.19279
BLOCK20/SES204/SA204S25	SES062	-1.31738	-7.02433	-5.70695
BLOCK20/SES204/SA204S25	SES083	-2.66116	-8.36812	-5.70695
BLOCK20/SES204/SA204S25	SES206	-0.772612	-6.47957	-5.70695
BLOCK20/SES204/SA204S25	SES226	-1.95728	-7.66423	-5.70695
BLOCK20/SES204/SA204S27	SES068	-1.63294	-8.6137	-6.98075
BLOCK20/SES204/SA204S27	SES082	-1.75777	-8.73852	-6.98075
BLOCK20/SES204/SA204S27	SES087	-0.52658	-7.50734	-6.98075
BLOCK20/SES204/SA204S27	SES206	-1.46695	-8.4477	-6.98075
BLOCK20/SES207/SA207S10	SES127	-1.87504	-7.60508	-5.73004
BLOCK20/SES207/SA207S10	SES183	-0.812505	-6.54255	-5.73004
BLOCK20/SES207/SA207S10	SES189	-0.620892	-6.35094	-5.73004
BLOCK20/SES207/SA207S10	SES292	-1.0689	-6.79894	-5.73004
BLOCK20/SES207/SA207S11	SES127	-1.6997	-8.13462	-6.43493
BLOCK20/SES207/SA207S11	SES183	-1.52583	-7.96076	-6.43493
BLOCK20/SES207/SA207S11	SES187	-1.03109	-7.46602	-6.43493
BLOCK20/SES207/SA207S11	SES292	-0.636748	-7.07168	-6.43493
BLOCK20/SES207/SA207S25	SES068	-0.758096	-7.90632	-7.14823
BLOCK20/SES207/SA207S25	SES083	-1.35117	-8.4994	-7.14823
BLOCK20/SES207/SA207S25	SES127	-0.255599	-7.40383	-7.14823
BLOCK20/SES207/SA207S25	SES187	-0.941331	-8.08956	-7.14823
BLOCK20/SES207/SA207S27	SES127	-2.18072	-9.51906	-7.33833
BLOCK20/SES207/SA207S27	SES183	-1.63392	-8.97225	-7.33833
BLOCK20/SES207/SA207S27	SES187	-1.28006	-8.61839	-7.33833
BLOCK20/SES207/SA207S27	SES292	-1.26218	-8.60052	-7.33833
BLOCK20/SES207/SA207S29	SES083	-2.48158	-8.36524	-5.88367
BLOCK20/SES207/SA207S29	SES085	-1.4448	-7.32846	-5.88367
BLOCK20/SES207/SA207S29	SES172	-0.543061	-6.42673	-5.88367
BLOCK20/SES207/SA207S29	SES189	-2.97465	-8.85832	-5.88367
BLOCK22/SES221/SA221S12	SES068	0.0462914	-5.10249	-5.14878
BLOCK22/SES221/SA221S12	SES143	-1.43506	-6.58384	-5.14878
BLOCK22/SES221/SA221S12	SES175	-0.402013	-5.5508	-5.14878
BLOCK22/SES221/SA221S12	SES202	-0.913873	-6.06266	-5.14878
BLOCK22/SES221/SA221S15	SES085	-0.970707	-6.98369	-6.01298
BLOCK22/SES221/SA221S15	SES143	-1.50076	-7.51374	-6.01298
BLOCK22/SES221/SA221S15	SES175	-1.14565	-7.15864	-6.01298
BLOCK22/SES221/SA221S15	SES187	-2.08908	-8.10206	-6.01298
BLOCK22/SES221/SA221S23	SES068	-0.297881	-6.16782	-5.86993
BLOCK22/SES221/SA221S23	SES143	-2.34666	-8.21659	-5.86993
BLOCK22/SES221/SA221S23	SES175	-2.12389	-7.99383	-5.86993
BLOCK22/SES221/SA221S23	SES189	-2.1586	-8.02854	-5.86993
BLOCK22/SES221/SA221S27	SES085	0.213065	-5.56732	-5.78038
BLOCK22/SES221/SA221S27	SES143	-1.04043	-6.82082	-5.78038
BLOCK22/SES221/SA221S27	SES175	-1.22847	-7.00885	-5.78038
BLOCK22/SES221/SA221S27	SES189	-2.01783	-7.79821	-5.78038
BLOCK22/SES221/SA221S29	SES085	-1.16227	-8.10554	-6.94327
BLOCK22/SES221/SA221S29	SES143	-1.68981	-8.63308	-6.94327
BLOCK22/SES221/SA221S29	SES175	-1.51032	-8.45359	-6.94327
BLOCK22/SES221/SA221S29	SES187	-2.1811	-9.12437	-6.94327
BLOCK22/SES223/SA223S11	SES143	-1.28743	-8.95416	-7.66673
BLOCK22/SES223/SA223S11	SES144	-3.85274	-11.5195	-7.66673
BLOCK22/SES223/SA223S11	SES175	-1.2505	-8.91723	-7.66673
BLOCK22/SES223/SA223S11	SES187	-1.59384	-9.26058	-7.66673
BLOCK22/SES223/SA223S13	SES068	-0.100702	-9.17158	-9.07088
BLOCK22/SES223/SA223S13	SES143	-1.60531	-10.6762	-9.07088
BLOCK22/SES223/SA223S13	SES146	-0.162169	-9.23305	-9.07088
BLOCK22/SES223/SA223S13	SES202	-1.06601	-10.1369	-9.07088
BLOCK22/SES223/SA223S22	SES143	-0.936586	-7.27888	-6.3423
BLOCK22/SES223/SA223S22	SES144	-3.12344	-9.46573	-6.3423
BLOCK22/SES223/SA223S22	SES175	-1.80603	-8.14832	-6.3423
BLOCK22/SES223/SA223S22	SES187	-1.59805	-7.94034	-6.3423
BLOCK22/SES223/SA223S25	SES068	-0.195743	-6.60638	-6.41063
BLOCK22/SES223/SA223S25	SES143	-1.66046	-8.07109	-6.41063
BLOCK22/SES223/SA223S25	SES175	-0.976622	-7.38726	-6.41063
BLOCK22/SES223/SA223S25	SES187	-2.12671	-8.53735	-6.41063
BLOCK22/SES223/SA223S27	SES143	-0.498926	-8.42004	-7.92112
BLOCK22/SES223/SA223S27	SES146	-1.72615	-9.64727	-7.92112
BLOCK22/SES223/SA223S27	SES187	-1.45387	-9.37499	-7.92112
BLOCK22/SES223/SA223S27	SES292	0.220084	-7.70103	-7.92112
BLOCK27/SES273/SA273S12	SES099	-0.0260859	-6.96804	-6.94195
BLOCK27/SES273/SA273S12	SES104	0.12216	-6.81979	-6.94195
BLOCK27/SES273/SA273S12	SES125	-0.990582	-7.93253	-6.94195
BLOCK27/SES273/SA273S12	SES206	0.368001	-6.57395	-6.94195
BLOCK27/SES273/SA273S13	SES099	-0.719469	-5.77775	-5.05828
BLOCK27/SES273/SA273S13	SES104	-0.797188	-5.85547	-5.05828
BLOCK27/SES273/SA273S13	SES206	-1.08737	-6.14565	-5.05828
BLOCK27/SES273/SA273S13	SES292	-0.629097	-5.68737	-5.05828
BLOCK27/SES273/SA273S21	SES099	-1.23275	-7.36237	-6.12962
BLOCK27/SES273/SA273S21	SES148	-2.40874	-8.53836	-6.12962
BLOCK27/SES273/SA273S21	SES149	-2.18967	-8.31929	-6.12962
BLOCK27/SES273/SA273S21	SES177	-1.41938	-7.549	-6.12962
BLOCK27/SES273/SA273S25	SES104	-0.110534	-7.76534	-7.65481
BLOCK27/SES273/SA273S25	SES125	-1.3937	-9.04851	-7.65481
BLOCK27/SES273/SA273S25	SES158	0.984279	-6.67053	-7.65481
BLOCK27/SES273/SA273S25	SES206	-0.0203676	-7.67518	-7.65481
BLOCK27/SES273/SA273S27	SES099	-0.830051	-5.11588	-4.28583
BLOCK27/SES273/SA273S27	SES104	-0.625262	-4.91109	-4.28583
BLOCK27/SES273/SA273S27	SES149	-1.13235	-5.41818	-4.28583
BLOCK27/SES273/SA273S27	SES275	-1.32039	-5.60622	-4.28583
BLOCK27/SES274/SA274S10	SES105	-1.91044	-6.72857	-4.81813
BLOCK27/SES274/SA274S10	SES125	-3.15613	-7.97426	-4.81813
BLOCK27/SES274/SA274S10	SES129	0.200645	-4.61749	-4.81813
BLOCK27/SES274/SA274S10	SES158	-4.55458	-9.37271	-4.81813
BLOCK27/SES274/SA274S11	SES105	-1.44103	-7.04961	-5.60858
BLOCK27/SES274/SA274S11	SES149	-1.19677	-6.80535	-5.60858
BLOCK27/SES274/SA274S11	SES158	-2.32564	-7.93422	-5.60858
BLOCK27/SES274/SA274S11	SES275	-1.08274	-6.69132	-5.60858
BLOCK27/SES274/SA274S21	SES105	-1.78462	-7.7409	-5.95628
BLOCK27/SES274/SA274S21	SES129	-0.407488	-6.36377	-5.95628
BLOCK27/SES274/SA274S21	SES149	-1.62033	-7.57662	-5.95628
BLOCK27/SES274/SA274S21	SES158	-2.85265	-8.80894	-5.95628
BLOCK27/SES274/SA274S24	SES105	-1.72074	-8.35556	-6.63482
BLOCK27/SES274/SA274S24	SES129	-0.756015	-7.39083	-6.63482
BLOCK27/SES274/SA274S24	SES149	-1.7626	-8.39741	-6.63482
BLOCK27/SES274/SA274S24	SES158	-4.20058	-10.8354	-6.63482
BLOCK27/SES274/SA274S29	SES105	-1.4571	-7.31882	-5.86172
BLOCK27/SES274/SA274S29	SES106	-2.29274	-8.15446	-5.86172
BLOCK27/SES274/SA274S29	SES120	-0.924748	-6.78647	-5.86172
BLOCK27/SES274/SA274S29	SES275	-1.22576	-7.08748	-5.86172
BLOCK27/SES276/SA276S16	SES148	-0.872038	-7.15802	-6.28598
BLOCK27/SES276/SA276S16	SES172	-0.00794649	-6.29393	-6.28598
BLOCK27/SES276/SA276S16	SES180	-0.326588	-6.61257	-6.28598
BLOCK27/SES276/SA276S16	SES292	-0.902092	-7.18807	-6.28598
BLOCK27/SES276/SA276S17	SES101	-1.14884	-7.34938	-6.20054
BLOCK27/SES276/SA276S17	SES177	-1.41526	-7.61579	-6.20054
BLOCK27/SES276/SA276S17	SES180	-1.23535	-7.43589	-6.20054
BLOCK27/SES276/SA276S17	SES292	-1.03698	-7.23752	-6.20054
BLOCK27/SES276/SA276S24	SES101	-0.792222	-6.1984	-5.40618
BLOCK27/SES276/SA276S24	SES177	-0.714768	-6.12095	-5.40618
BLOCK27/SES276/SA276S24	SES180	-0.730537	-6.13672	-5.40618
BLOCK27/SES276/SA276S24	SES292	-1.08613	-6.49231	-5.40618
BLOCK27/SES276/SA276S26	SES101	-1.62375	-6.19631	-4.57256
BLOCK27/SES276/SA276S26	SES177	-0.690459	-5.26302	-4.57256
BLOCK27/SES276/SA276S26	SES180	-0.449631	-5.02219	-4.57256
BLOCK27/SES276/SA276S26	SES292	-0.222627	-4.79519	-4.57256
BLOCK27/SES276/SA276S28	SES101	-1.11876	-5.77649	-4.65773
BLOCK27/SES276/SA276S28	SES177	-1.18192	-5.83965	-4.65773
BLOCK27/SES276/SA276S28	SES180	-0.0251045	-4.68284	-4.65773
BLOCK27/SES276/SA276S28	SES292	-0.631378	-5.28911	-4.65773
BLOCK27/SES277/SA277S12	SES101	-1.18126	-8.90398	-7.72272
BLOCK27/SES277/SA277S12	SES177	-2.28486	-10.0076	-7.72272
BLOCK27/SES277/SA277S12	SES180	-2.13759	-9.86032	-7.72272
BLOCK27/SES277/SA277S12	SES292	-1.90698	-9.6297	-7.72272
BLOCK27/SES277/SA277S14	SES177	-1.94486	-9.77439	-7.82952
BLOCK27/SES277/SA277S14	SES180	-1.97751	-9.80703	-7.82952
BLOCK27/SES277/SA277S14	SES189	-0.568621	-8.39814	-7.82952
BLOCK27/SES277/SA277S14	SES292	-2.70232	-10.5318	-7.82952
BLOCK27/SES277/SA277S21	SES177	-1.63001	-8.59079	-6.96078
BLOCK27/SES277/SA277S21	SES180	-1.63274	-8.59352	-6.96078
BLOCK27/SES277/SA277S21	SES189	-0.79536	-7.75614	-6.96078
BLOCK27/SES277/SA277S21	SES292	-2.02638	-8.98716	-6.96078
BLOCK27/SES277/SA277S24	SES144	-1.66473	-10.0223	-8.35755
BLOCK27/SES277/SA277S24	SES177	-1.55481	-9.91236	-8.35755
BLOCK27/SES277/SA277S24	SES180	-2.38135	-10.7389	-8.35755
BLOCK27/SES277/SA277S24	SES189	-0.691479	-9.04903	-8.35755
BLOCK27/SES277/SA277S29	SES177	-0.531791	-4.93064	-4.39885
BLOCK27/SES277/SA277S29	SES180	-1.13414	-5.53299	-4.39885
BLOCK27/SES277/SA277S29	SES202	-1.14179	-5.54065	-4.39885
BLOCK27/SES277/SA277S29	SES292	-1.42407	-5.82292	-4.39885
BLOCK27/SES279/SA279S09	SES120	-1.16643	-6.39823	-5.2318
BLOCK27/SES279/SA279S09	SES146	-1.72034	-6.95214	-5.2318
BLOCK27/SES279/SA279S09	SES206	-0.462612	-5.69441	-5.2318
BLOCK27/SES279/SA279S09	SES226	-2.16684	-7.39863	-5.2318
BLOCK27/SES279/SA279S10	SES099	-0.732401	-7.11974	-6.38734
BLOCK27/SES279/SA279S10	SES206	-1.06054	-7.44788	-6.38734
BLOCK27/SES279/SA279S10	SES226	-2.87927	-9.26661	-6.38734
BLOCK27/SES279/SA279S10	SES292	-0.212141	-6.59948	-6.38734
BLOCK27/SES279/SA279S20	SES099	-2.99751	-10.0785	-7.08102
BLOCK27/SES279/SA279S20	SES206	-0.909625	-7.99065	-7.08102
BLOCK27/SES279/SA279S20	SES226	-3.6881	-10.7691	-7.08102
BLOCK27/SES279/SA279S20	SES292	-0.526581	-7.6076	-7.08102
BLOCK27/SES279/SA279S26	SES099	-0.47149	-8.58248	-8.11099
BLOCK27/SES279/SA279S26	SES206	-0.329891	-8.44088	-8.11099
BLOCK27/SES279/SA279S26	SES226	-3.78274	-11.8937	-8.11099
BLOCK27/SES279/SA279S26	SES292	0.516556	-7.59443	-8.11099
BLOCK27/SES279/SA279S28	SES099	-0.152321	-4.69451	-4.54219
BLOCK27/SES279/SA279S28	SES120	-0.658276	-5.20047	-4.54219
BLOCK27/SES279/SA279S28	SES177	-1.6684	-6.21059	-4.54219
BLOCK27/SES279/SA279S28	SES206	-0.927169	-5.46936	-4.54219
BLOCK29/SES290/SA290S12	SES162	-0.166356	-5.41663	-5.25027
BLOCK29/SES290/SA290S12	SES177	-0.704957	-5.95523	-5.25027
BLOCK29/SES290/SA290S12	SES180	-0.625165	-5.87544	-5.25027
BLOCK29/SES290/SA290S12	SES292	-0.643301	-5.89357	-5.25027
BLOCK29/SES290/SA290S13	SES007	-0.382658	-5.57278	-5.19012
BLOCK29/SES290/SA290S13	SES162	-1.29097	-6.48108	-5.19012
BLOCK29/SES290/SA290S13	SES177	-1.03617	-6.22628	-5.19012
BLOCK29/SES290/SA290S13	SES180	-0.556888	-5.74701	-5.19012
BLOCK29/SES290/SA290S22	SES177	-0.538114	-5.46008	-4.92197
BLOCK29/SES290/SA290S22	SES180	-0.943456	-5.86542	-4.92197
BLOCK29/SES290/SA290S22	SES202	-0.737461	-5.65943	-4.92197
BLOCK29/SES290/SA290S22	SES292	-0.310536	-5.2325	-4.92197
BLOCK29/SES290/SA290S25	SES162	-0.694698	-6.28719	-5.59249
BLOCK29/SES290/SA290S25	SES177	-0.707489	-6.29998	-5.59249
BLOCK29/SES290/SA290S25	SES180	-0.707275	-6.29977	-5.59249
BLOCK29/SES290/SA290S25	SES292	-0.504493	-6.09699	-5.59249
BLOCK29/SES290/SA290S29	SES177	-0.165958	-4.504	-4.33804
BLOCK29/SES290/SA290S29	SES180	0.35037	-3.98767	-4.33804
BLOCK29/SES290/SA290S29	SES275	0.168745	-4.16929	-4.33804
BLOCK29/SES290/SA290S29	SES292	-0.208788	-4.54683	-4.33804
BLOCK29/SES291/SA291S11	SES105	-1.31892	-8.85319	-7.53426
BLOCK29/SES291/SA291S11	SES125	-1.32005	-8.85431	-7.53426
BLOCK29/SES291/SA291S11	SES158	-0.914264	-8.44853	-7.53426
BLOCK29/SES291/SA291S11	SES275	-1.86398	-9.39824	-7.53426
BLOCK29/SES291/SA291S12	SES158	1.14248	-7.24189	-8.38437
BLOCK29/SES291/SA291S12	SES226	-2.81344	-11.1978	-8.38437
BLOCK29/SES291/SA291S12	SES270	-0.867035	-9.2514	-8.38437
BLOCK29/SES291/SA291S12	SES275	-4.24525	-12.6296	-8.38437
BLOCK29/SES291/SA291S22	SES082	-0.783426	-7.43561	-6.65218
BLOCK29/SES291/SA291S22	SES158	-0.429214	-7.0814	-6.65218
BLOCK29/SES291/SA291S22	SES259	-0.549218	-7.2014	-6.65218
BLOCK29/SES291/SA291S22	SES275	-2.84665	-9.49883	-6.65218
BLOCK29/SES291/SA291S24	SES104	-0.100559	-6.9365	-6.83595
BLOCK29/SES291/SA291S24	SES125	-0.805436	-7.64138	-6.83595
BLOCK29/SES291/SA291S24	SES158	0.0766211	-6.75933	-6.83595
BLOCK29/SES291/SA291S24	SES275	-3.44531	-10.2813	-6.83595
BLOCK29/SES291/SA291S27	SES158	0.19863	-5.74649	-5.94512
BLOCK29/SES291/SA291S27	SES172	-2.204	-8.14913	-5.94512
BLOCK29/SES291/SA291S27	SES275	-2.18109	-8.12622	-5.94512
BLOCK29/SES291/SA291S27	SES292	-0.882381	-6.82751	-5.94512
